[ 2018-12-30T15:10:49+08:00 ] 61.140.62.50 /user/index/index.html
INFO: [ route_check ] --START--
INFO: CheckRoute Behavior ::run [ RunTime:0.000465s ]
INFO: [ route_check ] --END-- [ RunTime:0.000540s ]
INFO: [ app_begin ] --START--
INFO: ReadHtmlCache Behavior ::run [ RunTime:0.000300s ]
INFO: [ app_begin ] --END-- [ RunTime:0.000347s ]

[ 2018-12-30T15:10:49+08:00 ] 61.140.62.50 /user/login/login.html
INFO: [ route_check ] --START--
INFO: CheckRoute Behavior ::run [ RunTime:0.000449s ]
INFO: [ route_check ] --END-- [ RunTime:0.000517s ]
INFO: [ app_begin ] --START--
INFO: ReadHtmlCache Behavior ::run [ RunTime:0.000298s ]
INFO: [ app_begin ] --END-- [ RunTime:0.000346s ]
INFO: [ view_parse ] --START--
INFO: ParseTemplate Behavior ::run [ RunTime:0.005046s ]
INFO: [ view_parse ] --END-- [ RunTime:0.005099s ]
INFO: [ view_filter ] --START--
INFO: ContentReplace Behavior ::run [ RunTime:0.000193s ]
INFO: TokenBuild Behavior ::run [ RunTime:0.000196s ]
INFO: WriteHtmlCache Behavior ::run [ RunTime:0.000114s ]
INFO: ShowRuntime Behavior ::run [ RunTime:0.000232s ]
INFO: [ view_filter ] --END-- [ RunTime:0.000856s ]
INFO: [ view_end ] --START--
INFO: ShowPageTrace Behavior ::run [ RunTime:0.000333s ]
INFO: [ view_end ] --END-- [ RunTime:0.000383s ]

[ 2018-12-30T15:10:49+08:00 ] 61.140.62.50 /static/common/inspinia/css/plugins/awesome-bootstrap-checkbox/awesome-bootstrap-checkbox.css
INFO: [ route_check ] --START--
INFO: CheckRoute Behavior ::run [ RunTime:0.000457s ]
INFO: [ route_check ] --END-- [ RunTime:0.000524s ]
INFO: [ app_begin ] --START--
INFO: ReadHtmlCache Behavior ::run [ RunTime:0.000304s ]
INFO: [ app_begin ] --END-- [ RunTime:0.000354s ]
ERR: 无法加载模块:Static

[ 2018-12-30T15:10:49+08:00 ] 61.140.62.50 /user/login/vertify.html
INFO: [ route_check ] --START--
INFO: CheckRoute Behavior ::run [ RunTime:0.000459s ]
INFO: [ route_check ] --END-- [ RunTime:0.000518s ]
INFO: [ app_begin ] --START--
INFO: ReadHtmlCache Behavior ::run [ RunTime:0.000298s ]
INFO: [ app_begin ] --END-- [ RunTime:0.000346s ]

[ 2018-12-30T15:10:50+08:00 ] 61.140.62.50 /user/login/vertify?rand=62
INFO: [ route_check ] --START--
INFO: CheckRoute Behavior ::run [ RunTime:0.000448s ]
INFO: [ route_check ] --END-- [ RunTime:0.000514s ]
INFO: [ app_begin ] --START--
INFO: ReadHtmlCache Behavior ::run [ RunTime:0.000302s ]
INFO: [ app_begin ] --END-- [ RunTime:0.000349s ]

[ 2018-12-30T15:10:56+08:00 ] 61.140.62.50 /user/login/login.html
INFO: [ route_check ] --START--
INFO: CheckRoute Behavior ::run [ RunTime:0.000454s ]
INFO: [ route_check ] --END-- [ RunTime:0.000512s ]
INFO: [ app_begin ] --START--
INFO: ReadHtmlCache Behavior ::run [ RunTime:0.000305s ]
INFO: [ app_begin ] --END-- [ RunTime:0.000350s ]
SQL: SHOW COLUMNS FROM `fm_user` [ RunTime:0.000688s ]
SQL: SELECT * FROM `fm_user` WHERE ( `username` = 'gw2018' ) AND ( `status` = 1 ) LIMIT 1   [ RunTime:0.000167s ]
SQL: SELECT `id` FROM `fm_user` WHERE ( `username` = 'gw2018' ) AND ( `password` = 'c8189a28d8d02a40cffb77eeaddc3166' ) AND ( `last_time` >= '2018-12-30' ) AND ( `status` = 1 ) LIMIT 1   [ RunTime:0.000117s ]
SQL: SHOW COLUMNS FROM `fm_log` [ RunTime:0.000450s ]
SQL: INSERT INTO bd_log (connent,ip,add_time) VALUES ('[gw2018],登录成功。','61.140.62.50','2018-12-30 15:10:56'); [ RunTime:0.000084s ]
ERR: 1146:Table 'myhfm.bd_log' doesn't exist
 [ SQL语句 ] : INSERT INTO bd_log (connent,ip,add_time) VALUES ('[gw2018],登录成功。','61.140.62.50','2018-12-30 15:10:56');

[ 2018-12-30T15:10:56+08:00 ] 61.140.62.50 /user/index/index.html
INFO: [ route_check ] --START--
INFO: CheckRoute Behavior ::run [ RunTime:0.000462s ]
INFO: [ route_check ] --END-- [ RunTime:0.000520s ]
INFO: [ app_begin ] --START--
INFO: ReadHtmlCache Behavior ::run [ RunTime:0.000293s ]
INFO: [ app_begin ] --END-- [ RunTime:0.000341s ]
SQL: SHOW COLUMNS FROM `fm_user` [ RunTime:0.000605s ]
SQL: SELECT * FROM `fm_user` WHERE ( `id` = 47 ) AND ( `status` = 1 ) LIMIT 1   [ RunTime:0.000139s ]
INFO: [ view_parse ] --START--
INFO: ParseTemplate Behavior ::run [ RunTime:0.005224s ]
INFO: [ view_parse ] --END-- [ RunTime:0.005279s ]
INFO: [ view_filter ] --START--
INFO: ContentReplace Behavior ::run [ RunTime:0.000187s ]
INFO: TokenBuild Behavior ::run [ RunTime:0.000191s ]
INFO: WriteHtmlCache Behavior ::run [ RunTime:0.000111s ]
INFO: ShowRuntime Behavior ::run [ RunTime:0.000237s ]
INFO: [ view_filter ] --END-- [ RunTime:0.000848s ]
INFO: [ view_end ] --START--
INFO: ShowPageTrace Behavior ::run [ RunTime:0.000335s ]
INFO: [ view_end ] --END-- [ RunTime:0.000377s ]

[ 2018-12-30T15:10:57+08:00 ] 61.140.62.50 /user/userset/user_list.html
INFO: [ route_check ] --START--
INFO: CheckRoute Behavior ::run [ RunTime:0.000452s ]
INFO: [ route_check ] --END-- [ RunTime:0.000509s ]
INFO: [ app_begin ] --START--
INFO: ReadHtmlCache Behavior ::run [ RunTime:0.000294s ]
INFO: [ app_begin ] --END-- [ RunTime:0.000351s ]
SQL: SHOW COLUMNS FROM `fm_user` [ RunTime:0.000604s ]
SQL: SELECT * FROM `fm_user` WHERE ( `id` = 47 ) AND ( `status` = 1 ) LIMIT 1   [ RunTime:0.000139s ]
SQL: SHOW COLUMNS FROM `fm_staff` [ RunTime:0.000533s ]
NOTIC: [8] Undefined variable: data /home/www/myhfm/App/Application/User/Action/UsersetAction.class.php 第 179 行.
NOTIC: [8] Undefined variable: page /home/www/myhfm/App/Application/User/Action/UsersetAction.class.php 第 235 行.
NOTIC: [8] Undefined variable: count /home/www/myhfm/App/Application/User/Action/UsersetAction.class.php 第 236 行.
INFO: [ view_parse ] --START--
NOTIC: [8] Use of undefined constant starttime - assumed 'starttime' /home/www/myhfm/App/Runtime/Cache/User/6b7fc4a0e6e78c19e861489fe7a3bfc6.php 第 46 行.
NOTIC: [8] Undefined variable: bdate /home/www/myhfm/App/Runtime/Cache/User/6b7fc4a0e6e78c19e861489fe7a3bfc6.php 第 46 行.
NOTIC: [8] Undefined variable: edate /home/www/myhfm/App/Runtime/Cache/User/6b7fc4a0e6e78c19e861489fe7a3bfc6.php 第 51 行.
NOTIC: [8] Undefined variable: list /home/www/myhfm/App/Runtime/Cache/User/6b7fc4a0e6e78c19e861489fe7a3bfc6.php 第 101 行.
NOTIC: [8] Undefined variable: order /home/www/myhfm/App/Runtime/Cache/User/6b7fc4a0e6e78c19e861489fe7a3bfc6.php 第 153 行.
INFO: ParseTemplate Behavior ::run [ RunTime:0.009437s ]
INFO: [ view_parse ] --END-- [ RunTime:0.009483s ]
INFO: [ view_filter ] --START--
INFO: ContentReplace Behavior ::run [ RunTime:0.000201s ]
INFO: TokenBuild Behavior ::run [ RunTime:0.000192s ]
INFO: WriteHtmlCache Behavior ::run [ RunTime:0.000109s ]
INFO: ShowRuntime Behavior ::run [ RunTime:0.000223s ]
INFO: [ view_filter ] --END-- [ RunTime:0.000843s ]
INFO: [ view_end ] --START--
INFO: ShowPageTrace Behavior ::run [ RunTime:0.000332s ]
INFO: [ view_end ] --END-- [ RunTime:0.000372s ]

[ 2018-12-30T15:11:09+08:00 ] 61.140.62.50 /user/userset/user_list.html
INFO: [ route_check ] --START--
INFO: CheckRoute Behavior ::run [ RunTime:0.000463s ]
INFO: [ route_check ] --END-- [ RunTime:0.000525s ]
INFO: [ app_begin ] --START--
INFO: ReadHtmlCache Behavior ::run [ RunTime:0.000304s ]
INFO: [ app_begin ] --END-- [ RunTime:0.000353s ]
SQL: SHOW COLUMNS FROM `fm_user` [ RunTime:0.000676s ]
SQL: SELECT * FROM `fm_user` WHERE ( `id` = 47 ) AND ( `status` = 1 ) LIMIT 1   [ RunTime:0.000156s ]
SQL: SHOW COLUMNS FROM `fm_staff` [ RunTime:0.000557s ]
NOTIC: [8] Undefined index: order /home/www/myhfm/App/Application/User/Action/UsersetAction.class.php 第 146 行.
NOTIC: [8] Use of undefined constant PAGE_NUM - assumed 'PAGE_NUM' /home/www/myhfm/App/Application/User/Action/UsersetAction.class.php 第 158 行.
SQL: SELECT COUNT(*) AS tp_count FROM `fm_staff` WHERE ( `name` LIKE '%王景超%' ) LIMIT 1   [ RunTime:0.001557s ]
SQL: SELECT * FROM `fm_staff` WHERE ( `name` LIKE '%王景超%' ) ORDER BY id desc  [ RunTime:0.003341s ]
NOTIC: [2] Invalid argument supplied for foreach() /home/www/myhfm/App/Application/User/Action/UsersetAction.class.php 第 166 行.
NOTIC: [2] Invalid argument supplied for foreach() /home/www/myhfm/App/Application/User/Action/UsersetAction.class.php 第 171 行.
INFO: [ view_parse ] --START--
NOTIC: [8] Use of undefined constant starttime - assumed 'starttime' /home/www/myhfm/App/Runtime/Cache/User/6b7fc4a0e6e78c19e861489fe7a3bfc6.php 第 46 行.
NOTIC: [8] Undefined variable: bdate /home/www/myhfm/App/Runtime/Cache/User/6b7fc4a0e6e78c19e861489fe7a3bfc6.php 第 46 行.
NOTIC: [8] Undefined variable: edate /home/www/myhfm/App/Runtime/Cache/User/6b7fc4a0e6e78c19e861489fe7a3bfc6.php 第 51 行.
NOTIC: [8] Undefined variable: order /home/www/myhfm/App/Runtime/Cache/User/6b7fc4a0e6e78c19e861489fe7a3bfc6.php 第 153 行.
INFO: ParseTemplate Behavior ::run [ RunTime:0.009390s ]
INFO: [ view_parse ] --END-- [ RunTime:0.009438s ]
INFO: [ view_filter ] --START--
INFO: ContentReplace Behavior ::run [ RunTime:0.000198s ]
INFO: TokenBuild Behavior ::run [ RunTime:0.000197s ]
INFO: WriteHtmlCache Behavior ::run [ RunTime:0.000114s ]
INFO: ShowRuntime Behavior ::run [ RunTime:0.000234s ]
INFO: [ view_filter ] --END-- [ RunTime:0.000865s ]
INFO: [ view_end ] --START--
INFO: ShowPageTrace Behavior ::run [ RunTime:0.000333s ]
INFO: [ view_end ] --END-- [ RunTime:0.000374s ]

[ 2018-12-30T15:11:11+08:00 ] 61.140.62.50 /user/userset/user_list.html
INFO: [ route_check ] --START--
INFO: CheckRoute Behavior ::run [ RunTime:0.000458s ]
INFO: [ route_check ] --END-- [ RunTime:0.000517s ]
INFO: [ app_begin ] --START--
INFO: ReadHtmlCache Behavior ::run [ RunTime:0.000294s ]
INFO: [ app_begin ] --END-- [ RunTime:0.000342s ]
SQL: SHOW COLUMNS FROM `fm_user` [ RunTime:0.000618s ]
SQL: SELECT * FROM `fm_user` WHERE ( `id` = 47 ) AND ( `status` = 1 ) LIMIT 1   [ RunTime:0.000139s ]
SQL: SHOW COLUMNS FROM `fm_staff` [ RunTime:0.000548s ]
NOTIC: [8] Undefined index: order /home/www/myhfm/App/Application/User/Action/UsersetAction.class.php 第 146 行.
NOTIC: [8] Use of undefined constant PAGE_NUM - assumed 'PAGE_NUM' /home/www/myhfm/App/Application/User/Action/UsersetAction.class.php 第 158 行.
SQL: SELECT COUNT(*) AS tp_count FROM `fm_staff` WHERE ( `name` LIKE '%王景超%' ) LIMIT 1   [ RunTime:0.001534s ]
SQL: SELECT * FROM `fm_staff` WHERE ( `name` LIKE '%王景超%' ) ORDER BY id desc  [ RunTime:0.003331s ]
NOTIC: [2] Invalid argument supplied for foreach() /home/www/myhfm/App/Application/User/Action/UsersetAction.class.php 第 166 行.
NOTIC: [2] Invalid argument supplied for foreach() /home/www/myhfm/App/Application/User/Action/UsersetAction.class.php 第 171 行.
INFO: [ view_parse ] --START--
NOTIC: [8] Use of undefined constant starttime - assumed 'starttime' /home/www/myhfm/App/Runtime/Cache/User/6b7fc4a0e6e78c19e861489fe7a3bfc6.php 第 46 行.
NOTIC: [8] Undefined variable: bdate /home/www/myhfm/App/Runtime/Cache/User/6b7fc4a0e6e78c19e861489fe7a3bfc6.php 第 46 行.
NOTIC: [8] Undefined variable: edate /home/www/myhfm/App/Runtime/Cache/User/6b7fc4a0e6e78c19e861489fe7a3bfc6.php 第 51 行.
NOTIC: [8] Undefined variable: order /home/www/myhfm/App/Runtime/Cache/User/6b7fc4a0e6e78c19e861489fe7a3bfc6.php 第 153 行.
INFO: ParseTemplate Behavior ::run [ RunTime:0.009526s ]
INFO: [ view_parse ] --END-- [ RunTime:0.009573s ]
INFO: [ view_filter ] --START--
INFO: ContentReplace Behavior ::run [ RunTime:0.000192s ]
INFO: TokenBuild Behavior ::run [ RunTime:0.000199s ]
INFO: WriteHtmlCache Behavior ::run [ RunTime:0.000111s ]
INFO: ShowRuntime Behavior ::run [ RunTime:0.000224s ]
INFO: [ view_filter ] --END-- [ RunTime:0.000845s ]
INFO: [ view_end ] --START--
INFO: ShowPageTrace Behavior ::run [ RunTime:0.000327s ]
INFO: [ view_end ] --END-- [ RunTime:0.000369s ]

[ 2018-12-30T15:11:21+08:00 ] 61.140.62.50 /user/userset/user_list.html
INFO: [ route_check ] --START--
INFO: CheckRoute Behavior ::run [ RunTime:0.000458s ]
INFO: [ route_check ] --END-- [ RunTime:0.000517s ]
INFO: [ app_begin ] --START--
INFO: ReadHtmlCache Behavior ::run [ RunTime:0.000292s ]
INFO: [ app_begin ] --END-- [ RunTime:0.000340s ]
SQL: SHOW COLUMNS FROM `fm_user` [ RunTime:0.000667s ]
SQL: SELECT * FROM `fm_user` WHERE ( `id` = 47 ) AND ( `status` = 1 ) LIMIT 1   [ RunTime:0.000141s ]
SQL: SHOW COLUMNS FROM `fm_staff` [ RunTime:0.000550s ]
NOTIC: [8] Undefined index: order /home/www/myhfm/App/Application/User/Action/UsersetAction.class.php 第 146 行.
NOTIC: [8] Use of undefined constant PAGE_NUM - assumed 'PAGE_NUM' /home/www/myhfm/App/Application/User/Action/UsersetAction.class.php 第 158 行.
SQL: SELECT COUNT(*) AS tp_count FROM `fm_staff` WHERE ( `tel` LIKE '%17343832261%' ) LIMIT 1   [ RunTime:0.001995s ]
SQL: SELECT * FROM `fm_staff` WHERE ( `tel` LIKE '%17343832261%' ) ORDER BY id desc  [ RunTime:0.003832s ]
NOTIC: [2] Invalid argument supplied for foreach() /home/www/myhfm/App/Application/User/Action/UsersetAction.class.php 第 166 行.
NOTIC: [2] Invalid argument supplied for foreach() /home/www/myhfm/App/Application/User/Action/UsersetAction.class.php 第 171 行.
INFO: [ view_parse ] --START--
NOTIC: [8] Use of undefined constant starttime - assumed 'starttime' /home/www/myhfm/App/Runtime/Cache/User/6b7fc4a0e6e78c19e861489fe7a3bfc6.php 第 46 行.
NOTIC: [8] Undefined variable: bdate /home/www/myhfm/App/Runtime/Cache/User/6b7fc4a0e6e78c19e861489fe7a3bfc6.php 第 46 行.
NOTIC: [8] Undefined variable: edate /home/www/myhfm/App/Runtime/Cache/User/6b7fc4a0e6e78c19e861489fe7a3bfc6.php 第 51 行.
NOTIC: [8] Undefined variable: order /home/www/myhfm/App/Runtime/Cache/User/6b7fc4a0e6e78c19e861489fe7a3bfc6.php 第 153 行.
INFO: ParseTemplate Behavior ::run [ RunTime:0.009313s ]
INFO: [ view_parse ] --END-- [ RunTime:0.009362s ]
INFO: [ view_filter ] --START--
INFO: ContentReplace Behavior ::run [ RunTime:0.000197s ]
INFO: TokenBuild Behavior ::run [ RunTime:0.000202s ]
INFO: WriteHtmlCache Behavior ::run [ RunTime:0.000112s ]
INFO: ShowRuntime Behavior ::run [ RunTime:0.000225s ]
INFO: [ view_filter ] --END-- [ RunTime:0.000858s ]
INFO: [ view_end ] --START--
INFO: ShowPageTrace Behavior ::run [ RunTime:0.000354s ]
INFO: [ view_end ] --END-- [ RunTime:0.000397s ]

