[ 2018-12-21T09:20:34+08:00 ] 113.111.9.154 /user
INFO: [ route_check ] --START--
INFO: CheckRoute Behavior ::run [ RunTime:0.000451s ]
INFO: [ route_check ] --END-- [ RunTime:0.000530s ]
INFO: [ app_begin ] --START--
INFO: ReadHtmlCache Behavior ::run [ RunTime:0.000295s ]
INFO: [ app_begin ] --END-- [ RunTime:0.000344s ]

[ 2018-12-21T09:20:34+08:00 ] 113.111.9.154 /user/login/login.html
INFO: [ route_check ] --START--
INFO: CheckRoute Behavior ::run [ RunTime:0.000449s ]
INFO: [ route_check ] --END-- [ RunTime:0.000520s ]
INFO: [ app_begin ] --START--
INFO: ReadHtmlCache Behavior ::run [ RunTime:0.000297s ]
INFO: [ app_begin ] --END-- [ RunTime:0.000345s ]
INFO: [ view_parse ] --START--
INFO: ParseTemplate Behavior ::run [ RunTime:0.004990s ]
INFO: [ view_parse ] --END-- [ RunTime:0.005043s ]
INFO: [ view_filter ] --START--
INFO: ContentReplace Behavior ::run [ RunTime:0.000197s ]
INFO: TokenBuild Behavior ::run [ RunTime:0.000192s ]
INFO: WriteHtmlCache Behavior ::run [ RunTime:0.000111s ]
INFO: ShowRuntime Behavior ::run [ RunTime:0.000228s ]
INFO: [ view_filter ] --END-- [ RunTime:0.000848s ]
INFO: [ view_end ] --START--
INFO: ShowPageTrace Behavior ::run [ RunTime:0.000339s ]
INFO: [ view_end ] --END-- [ RunTime:0.000382s ]

[ 2018-12-21T09:20:35+08:00 ] 113.111.9.154 /static/common/inspinia/css/plugins/awesome-bootstrap-checkbox/awesome-bootstrap-checkbox.css
INFO: [ route_check ] --START--
INFO: CheckRoute Behavior ::run [ RunTime:0.000462s ]
INFO: [ route_check ] --END-- [ RunTime:0.000534s ]
INFO: [ app_begin ] --START--
INFO: ReadHtmlCache Behavior ::run [ RunTime:0.000299s ]
INFO: [ app_begin ] --END-- [ RunTime:0.000349s ]
ERR: 无法加载模块:Static

[ 2018-12-21T09:20:35+08:00 ] 113.111.9.154 /user/login/vertify.html
INFO: [ route_check ] --START--
INFO: CheckRoute Behavior ::run [ RunTime:0.000446s ]
INFO: [ route_check ] --END-- [ RunTime:0.000518s ]
INFO: [ app_begin ] --START--
INFO: ReadHtmlCache Behavior ::run [ RunTime:0.000296s ]
INFO: [ app_begin ] --END-- [ RunTime:0.000343s ]

[ 2018-12-21T09:20:35+08:00 ] 113.111.9.154 /user/login/vertify?rand=78
INFO: [ route_check ] --START--
INFO: CheckRoute Behavior ::run [ RunTime:0.000453s ]
INFO: [ route_check ] --END-- [ RunTime:0.000525s ]
INFO: [ app_begin ] --START--
INFO: ReadHtmlCache Behavior ::run [ RunTime:0.000294s ]
INFO: [ app_begin ] --END-- [ RunTime:0.000343s ]

[ 2018-12-21T09:20:37+08:00 ] 113.111.9.154 /user/login/login.html
INFO: [ route_check ] --START--
INFO: CheckRoute Behavior ::run [ RunTime:0.000466s ]
INFO: [ route_check ] --END-- [ RunTime:0.000539s ]
INFO: [ app_begin ] --START--
INFO: ReadHtmlCache Behavior ::run [ RunTime:0.000296s ]
INFO: [ app_begin ] --END-- [ RunTime:0.000346s ]
INFO: [ view_parse ] --START--
INFO: ParseTemplate Behavior ::run [ RunTime:0.004999s ]
INFO: [ view_parse ] --END-- [ RunTime:0.005053s ]
INFO: [ view_filter ] --START--
INFO: ContentReplace Behavior ::run [ RunTime:0.000191s ]
INFO: TokenBuild Behavior ::run [ RunTime:0.000192s ]
INFO: WriteHtmlCache Behavior ::run [ RunTime:0.000112s ]
INFO: ShowRuntime Behavior ::run [ RunTime:0.000235s ]
INFO: [ view_filter ] --END-- [ RunTime:0.000848s ]
INFO: [ view_end ] --START--
INFO: ShowPageTrace Behavior ::run [ RunTime:0.000333s ]
INFO: [ view_end ] --END-- [ RunTime:0.000376s ]

[ 2018-12-21T09:20:37+08:00 ] 113.111.9.154 /static/common/inspinia/css/plugins/awesome-bootstrap-checkbox/awesome-bootstrap-checkbox.css
INFO: [ route_check ] --START--
INFO: CheckRoute Behavior ::run [ RunTime:0.000448s ]
INFO: [ route_check ] --END-- [ RunTime:0.000520s ]
INFO: [ app_begin ] --START--
INFO: ReadHtmlCache Behavior ::run [ RunTime:0.000297s ]
INFO: [ app_begin ] --END-- [ RunTime:0.000349s ]
ERR: 无法加载模块:Static

[ 2018-12-21T09:20:37+08:00 ] 113.111.9.154 /user/login/vertify.html
INFO: [ route_check ] --START--
INFO: CheckRoute Behavior ::run [ RunTime:0.000447s ]
INFO: [ route_check ] --END-- [ RunTime:0.000519s ]
INFO: [ app_begin ] --START--
INFO: ReadHtmlCache Behavior ::run [ RunTime:0.000294s ]
INFO: [ app_begin ] --END-- [ RunTime:0.000348s ]

[ 2018-12-21T09:20:37+08:00 ] 113.111.9.154 /user/login/vertify?rand=39
INFO: [ route_check ] --START--
INFO: CheckRoute Behavior ::run [ RunTime:0.000448s ]
INFO: [ route_check ] --END-- [ RunTime:0.000520s ]
INFO: [ app_begin ] --START--
INFO: ReadHtmlCache Behavior ::run [ RunTime:0.000302s ]
INFO: [ app_begin ] --END-- [ RunTime:0.000350s ]

[ 2018-12-21T09:20:49+08:00 ] 113.111.9.154 /user/login/login.html
INFO: [ route_check ] --START--
INFO: CheckRoute Behavior ::run [ RunTime:0.000458s ]
INFO: [ route_check ] --END-- [ RunTime:0.000538s ]
INFO: [ app_begin ] --START--
INFO: ReadHtmlCache Behavior ::run [ RunTime:0.000295s ]
INFO: [ app_begin ] --END-- [ RunTime:0.000339s ]
SQL: SHOW COLUMNS FROM `fm_user` [ RunTime:0.000667s ]
SQL: SELECT * FROM `fm_user` WHERE ( `username` = 'gw2018' ) AND ( `status` = 1 ) LIMIT 1   [ RunTime:0.000144s ]
SQL: SELECT `id` FROM `fm_user` WHERE ( `username` = 'gw2018' ) AND ( `password` = 'c8189a28d8d02a40cffb77eeaddc3166' ) AND ( `last_time` >= '2018-12-21' ) AND ( `status` = 1 ) LIMIT 1   [ RunTime:0.000120s ]
SQL: SHOW COLUMNS FROM `fm_log` [ RunTime:0.000406s ]
SQL: INSERT INTO bd_log (connent,ip,add_time) VALUES ('[gw2018],登录成功。','113.111.9.154','2018-12-21 09:20:49'); [ RunTime:0.000081s ]
ERR: 1146:Table 'myhfm.bd_log' doesn't exist
 [ SQL语句 ] : INSERT INTO bd_log (connent,ip,add_time) VALUES ('[gw2018],登录成功。','113.111.9.154','2018-12-21 09:20:49');

[ 2018-12-21T09:20:49+08:00 ] 113.111.9.154 /user/index/index.html
INFO: [ route_check ] --START--
INFO: CheckRoute Behavior ::run [ RunTime:0.000453s ]
INFO: [ route_check ] --END-- [ RunTime:0.000512s ]
INFO: [ app_begin ] --START--
INFO: ReadHtmlCache Behavior ::run [ RunTime:0.000292s ]
INFO: [ app_begin ] --END-- [ RunTime:0.000339s ]
SQL: SHOW COLUMNS FROM `fm_user` [ RunTime:0.000557s ]
SQL: SELECT * FROM `fm_user` WHERE ( `id` = 47 ) AND ( `status` = 1 ) LIMIT 1   [ RunTime:0.000144s ]
INFO: [ view_parse ] --START--
INFO: ParseTemplate Behavior ::run [ RunTime:0.005584s ]
INFO: [ view_parse ] --END-- [ RunTime:0.005646s ]
INFO: [ view_filter ] --START--
INFO: ContentReplace Behavior ::run [ RunTime:0.000194s ]
INFO: TokenBuild Behavior ::run [ RunTime:0.000192s ]
INFO: WriteHtmlCache Behavior ::run [ RunTime:0.000111s ]
INFO: ShowRuntime Behavior ::run [ RunTime:0.000246s ]
INFO: [ view_filter ] --END-- [ RunTime:0.000871s ]
INFO: [ view_end ] --START--
INFO: ShowPageTrace Behavior ::run [ RunTime:0.000367s ]
INFO: [ view_end ] --END-- [ RunTime:0.000414s ]

[ 2018-12-21T09:20:49+08:00 ] 113.111.9.154 /user/userset/user_list.html
INFO: [ route_check ] --START--
INFO: CheckRoute Behavior ::run [ RunTime:0.000443s ]
INFO: [ route_check ] --END-- [ RunTime:0.000502s ]
INFO: [ app_begin ] --START--
INFO: ReadHtmlCache Behavior ::run [ RunTime:0.000292s ]
INFO: [ app_begin ] --END-- [ RunTime:0.000338s ]
SQL: SHOW COLUMNS FROM `fm_user` [ RunTime:0.000580s ]
SQL: SELECT * FROM `fm_user` WHERE ( `id` = 47 ) AND ( `status` = 1 ) LIMIT 1   [ RunTime:0.000154s ]
SQL: SHOW COLUMNS FROM `fm_staff` [ RunTime:0.000518s ]
NOTIC: [8] Undefined variable: data /home/www/myhfm/App/Application/User/Action/UsersetAction.class.php 第 179 行.
NOTIC: [8] Undefined variable: page /home/www/myhfm/App/Application/User/Action/UsersetAction.class.php 第 235 行.
NOTIC: [8] Undefined variable: count /home/www/myhfm/App/Application/User/Action/UsersetAction.class.php 第 236 行.
INFO: [ view_parse ] --START--
NOTIC: [8] Use of undefined constant starttime - assumed 'starttime' /home/www/myhfm/App/Runtime/Cache/User/6b7fc4a0e6e78c19e861489fe7a3bfc6.php 第 46 行.
NOTIC: [8] Undefined variable: bdate /home/www/myhfm/App/Runtime/Cache/User/6b7fc4a0e6e78c19e861489fe7a3bfc6.php 第 46 行.
NOTIC: [8] Undefined variable: edate /home/www/myhfm/App/Runtime/Cache/User/6b7fc4a0e6e78c19e861489fe7a3bfc6.php 第 51 行.
NOTIC: [8] Undefined variable: list /home/www/myhfm/App/Runtime/Cache/User/6b7fc4a0e6e78c19e861489fe7a3bfc6.php 第 101 行.
NOTIC: [8] Undefined variable: order /home/www/myhfm/App/Runtime/Cache/User/6b7fc4a0e6e78c19e861489fe7a3bfc6.php 第 153 行.
INFO: ParseTemplate Behavior ::run [ RunTime:0.009854s ]
INFO: [ view_parse ] --END-- [ RunTime:0.009901s ]
INFO: [ view_filter ] --START--
INFO: ContentReplace Behavior ::run [ RunTime:0.000197s ]
INFO: TokenBuild Behavior ::run [ RunTime:0.000191s ]
INFO: WriteHtmlCache Behavior ::run [ RunTime:0.000116s ]
INFO: ShowRuntime Behavior ::run [ RunTime:0.000239s ]
INFO: [ view_filter ] --END-- [ RunTime:0.000862s ]
INFO: [ view_end ] --START--
INFO: ShowPageTrace Behavior ::run [ RunTime:0.000354s ]
INFO: [ view_end ] --END-- [ RunTime:0.000395s ]

[ 2018-12-21T09:20:56+08:00 ] 113.111.9.154 /user/userset/user_list.html
INFO: [ route_check ] --START--
INFO: CheckRoute Behavior ::run [ RunTime:0.000451s ]
INFO: [ route_check ] --END-- [ RunTime:0.000528s ]
INFO: [ app_begin ] --START--
INFO: ReadHtmlCache Behavior ::run [ RunTime:0.000300s ]
INFO: [ app_begin ] --END-- [ RunTime:0.000350s ]
SQL: SHOW COLUMNS FROM `fm_user` [ RunTime:0.000672s ]
SQL: SELECT * FROM `fm_user` WHERE ( `id` = 47 ) AND ( `status` = 1 ) LIMIT 1   [ RunTime:0.000146s ]
SQL: SHOW COLUMNS FROM `fm_staff` [ RunTime:0.000551s ]
NOTIC: [8] Undefined index: order /home/www/myhfm/App/Application/User/Action/UsersetAction.class.php 第 146 行.
NOTIC: [8] Use of undefined constant PAGE_NUM - assumed 'PAGE_NUM' /home/www/myhfm/App/Application/User/Action/UsersetAction.class.php 第 158 行.
SQL: SELECT COUNT(*) AS tp_count FROM `fm_staff` WHERE ( `name` LIKE '%朱伟媚%' ) LIMIT 1   [ RunTime:0.001551s ]
SQL: SELECT * FROM `fm_staff` WHERE ( `name` LIKE '%朱伟媚%' ) ORDER BY id desc  [ RunTime:0.003340s ]
INFO: [ view_parse ] --START--
NOTIC: [8] Use of undefined constant starttime - assumed 'starttime' /home/www/myhfm/App/Runtime/Cache/User/6b7fc4a0e6e78c19e861489fe7a3bfc6.php 第 46 行.
NOTIC: [8] Undefined variable: bdate /home/www/myhfm/App/Runtime/Cache/User/6b7fc4a0e6e78c19e861489fe7a3bfc6.php 第 46 行.
NOTIC: [8] Undefined variable: edate /home/www/myhfm/App/Runtime/Cache/User/6b7fc4a0e6e78c19e861489fe7a3bfc6.php 第 51 行.
NOTIC: [8] Use of undefined constant sex - assumed 'sex' /home/www/myhfm/App/Runtime/Cache/User/6b7fc4a0e6e78c19e861489fe7a3bfc6.php 第 105 行.
NOTIC: [8] Undefined index: wechat /home/www/myhfm/App/Runtime/Cache/User/6b7fc4a0e6e78c19e861489fe7a3bfc6.php 第 108 行.
NOTIC: [8] Undefined index: qq /home/www/myhfm/App/Runtime/Cache/User/6b7fc4a0e6e78c19e861489fe7a3bfc6.php 第 109 行.
NOTIC: [8] Undefined index: job /home/www/myhfm/App/Runtime/Cache/User/6b7fc4a0e6e78c19e861489fe7a3bfc6.php 第 110 行.
NOTIC: [8] Undefined variable: order /home/www/myhfm/App/Runtime/Cache/User/6b7fc4a0e6e78c19e861489fe7a3bfc6.php 第 153 行.
INFO: ParseTemplate Behavior ::run [ RunTime:0.009997s ]
INFO: [ view_parse ] --END-- [ RunTime:0.010046s ]
INFO: [ view_filter ] --START--
INFO: ContentReplace Behavior ::run [ RunTime:0.000204s ]
INFO: TokenBuild Behavior ::run [ RunTime:0.000193s ]
INFO: WriteHtmlCache Behavior ::run [ RunTime:0.000111s ]
INFO: ShowRuntime Behavior ::run [ RunTime:0.000224s ]
INFO: [ view_filter ] --END-- [ RunTime:0.000850s ]
INFO: [ view_end ] --START--
INFO: ShowPageTrace Behavior ::run [ RunTime:0.000357s ]
INFO: [ view_end ] --END-- [ RunTime:0.000400s ]

[ 2018-12-21T09:56:09+08:00 ] 180.163.220.66 /user
INFO: [ route_check ] --START--
INFO: CheckRoute Behavior ::run [ RunTime:0.000464s ]
INFO: [ route_check ] --END-- [ RunTime:0.000526s ]
INFO: [ app_begin ] --START--
INFO: ReadHtmlCache Behavior ::run [ RunTime:0.000298s ]
INFO: [ app_begin ] --END-- [ RunTime:0.000346s ]

[ 2018-12-21T09:56:24+08:00 ] 180.163.220.66 /user
INFO: [ route_check ] --START--
INFO: CheckRoute Behavior ::run [ RunTime:0.000454s ]
INFO: [ route_check ] --END-- [ RunTime:0.000515s ]
INFO: [ app_begin ] --START--
INFO: ReadHtmlCache Behavior ::run [ RunTime:0.000307s ]
INFO: [ app_begin ] --END-- [ RunTime:0.000355s ]

[ 2018-12-21T09:57:13+08:00 ] 180.163.220.5 /
INFO: [ app_begin ] --START--
INFO: ReadHtmlCache Behavior ::run [ RunTime:0.000296s ]
INFO: [ app_begin ] --END-- [ RunTime:0.000354s ]
NOTIC: [8192] Function ereg() is deprecated /home/www/myhfm/App/Application/Kw/Action/IndexAction.class.php 第 243 行.
NOTIC: [8192] Function ereg() is deprecated /home/www/myhfm/App/Application/Kw/Action/IndexAction.class.php 第 246 行.
NOTIC: [8192] Function ereg() is deprecated /home/www/myhfm/App/Application/Kw/Action/IndexAction.class.php 第 249 行.
NOTIC: [8192] Function ereg() is deprecated /home/www/myhfm/App/Application/Kw/Action/IndexAction.class.php 第 252 行.
NOTIC: [8192] Function ereg() is deprecated /home/www/myhfm/App/Application/Kw/Action/IndexAction.class.php 第 255 行.
NOTIC: [8] Undefined variable: browserplatform /home/www/myhfm/App/Application/Kw/Action/IndexAction.class.php 第 267 行.
NOTIC: [8192] Function eregi() is deprecated /home/www/myhfm/App/Application/Kw/Action/IndexAction.class.php 第 268 行.
NOTIC: [8192] Function eregi() is deprecated /home/www/myhfm/App/Application/Kw/Action/IndexAction.class.php 第 270 行.
NOTIC: [8192] Function eregi() is deprecated /home/www/myhfm/App/Application/Kw/Action/IndexAction.class.php 第 272 行.
NOTIC: [8192] Function eregi() is deprecated /home/www/myhfm/App/Application/Kw/Action/IndexAction.class.php 第 274 行.
NOTIC: [8192] Function eregi() is deprecated /home/www/myhfm/App/Application/Kw/Action/IndexAction.class.php 第 276 行.
NOTIC: [8192] Function eregi() is deprecated /home/www/myhfm/App/Application/Kw/Action/IndexAction.class.php 第 278 行.
NOTIC: [8192] Function eregi() is deprecated /home/www/myhfm/App/Application/Kw/Action/IndexAction.class.php 第 280 行.
NOTIC: [8192] Function eregi() is deprecated /home/www/myhfm/App/Application/Kw/Action/IndexAction.class.php 第 282 行.
NOTIC: [8192] Function eregi() is deprecated /home/www/myhfm/App/Application/Kw/Action/IndexAction.class.php 第 284 行.
NOTIC: [8192] Function eregi() is deprecated /home/www/myhfm/App/Application/Kw/Action/IndexAction.class.php 第 286 行.
NOTIC: [8192] Function eregi() is deprecated /home/www/myhfm/App/Application/Kw/Action/IndexAction.class.php 第 288 行.
SQL: SHOW COLUMNS FROM `fm_user_temp` [ RunTime:0.000483s ]
SQL: SELECT * FROM `fm_user_temp` WHERE ( sign='' ) LIMIT 1   [ RunTime:0.000147s ]

[ 2018-12-21T09:57:21+08:00 ] 42.236.10.78 /
INFO: [ app_begin ] --START--
INFO: ReadHtmlCache Behavior ::run [ RunTime:0.000298s ]
INFO: [ app_begin ] --END-- [ RunTime:0.000355s ]
NOTIC: [8192] Function ereg() is deprecated /home/www/myhfm/App/Application/Kw/Action/IndexAction.class.php 第 243 行.
NOTIC: [8192] Function ereg() is deprecated /home/www/myhfm/App/Application/Kw/Action/IndexAction.class.php 第 246 行.
NOTIC: [8192] Function ereg() is deprecated /home/www/myhfm/App/Application/Kw/Action/IndexAction.class.php 第 249 行.
NOTIC: [8192] Function ereg() is deprecated /home/www/myhfm/App/Application/Kw/Action/IndexAction.class.php 第 252 行.
NOTIC: [8192] Function ereg() is deprecated /home/www/myhfm/App/Application/Kw/Action/IndexAction.class.php 第 255 行.
NOTIC: [8] Undefined variable: browserplatform /home/www/myhfm/App/Application/Kw/Action/IndexAction.class.php 第 267 行.
NOTIC: [8192] Function eregi() is deprecated /home/www/myhfm/App/Application/Kw/Action/IndexAction.class.php 第 268 行.
NOTIC: [8192] Function eregi() is deprecated /home/www/myhfm/App/Application/Kw/Action/IndexAction.class.php 第 270 行.
NOTIC: [8192] Function eregi() is deprecated /home/www/myhfm/App/Application/Kw/Action/IndexAction.class.php 第 272 行.
NOTIC: [8192] Function eregi() is deprecated /home/www/myhfm/App/Application/Kw/Action/IndexAction.class.php 第 274 行.
NOTIC: [8192] Function eregi() is deprecated /home/www/myhfm/App/Application/Kw/Action/IndexAction.class.php 第 276 行.
NOTIC: [8192] Function eregi() is deprecated /home/www/myhfm/App/Application/Kw/Action/IndexAction.class.php 第 278 行.
NOTIC: [8192] Function eregi() is deprecated /home/www/myhfm/App/Application/Kw/Action/IndexAction.class.php 第 280 行.
NOTIC: [8192] Function eregi() is deprecated /home/www/myhfm/App/Application/Kw/Action/IndexAction.class.php 第 282 行.
NOTIC: [8192] Function eregi() is deprecated /home/www/myhfm/App/Application/Kw/Action/IndexAction.class.php 第 284 行.
NOTIC: [8192] Function eregi() is deprecated /home/www/myhfm/App/Application/Kw/Action/IndexAction.class.php 第 286 行.
NOTIC: [8192] Function eregi() is deprecated /home/www/myhfm/App/Application/Kw/Action/IndexAction.class.php 第 288 行.
SQL: SHOW COLUMNS FROM `fm_user_temp` [ RunTime:0.000528s ]
SQL: SELECT * FROM `fm_user_temp` WHERE ( sign='' ) LIMIT 1   [ RunTime:0.000187s ]

[ 2018-12-21T14:54:23+08:00 ] 210.21.234.58 /
INFO: [ app_begin ] --START--
INFO: ReadHtmlCache Behavior ::run [ RunTime:0.000299s ]
INFO: [ app_begin ] --END-- [ RunTime:0.000358s ]
NOTIC: [8192] Function ereg() is deprecated /home/www/myhfm/App/Application/Kw/Action/IndexAction.class.php 第 243 行.
NOTIC: [8192] Function ereg() is deprecated /home/www/myhfm/App/Application/Kw/Action/IndexAction.class.php 第 246 行.
NOTIC: [8192] Function ereg() is deprecated /home/www/myhfm/App/Application/Kw/Action/IndexAction.class.php 第 249 行.
NOTIC: [8192] Function ereg() is deprecated /home/www/myhfm/App/Application/Kw/Action/IndexAction.class.php 第 252 行.
NOTIC: [8192] Function ereg() is deprecated /home/www/myhfm/App/Application/Kw/Action/IndexAction.class.php 第 255 行.
NOTIC: [8] Undefined variable: browserplatform /home/www/myhfm/App/Application/Kw/Action/IndexAction.class.php 第 267 行.
NOTIC: [8192] Function eregi() is deprecated /home/www/myhfm/App/Application/Kw/Action/IndexAction.class.php 第 268 行.
NOTIC: [8192] Function eregi() is deprecated /home/www/myhfm/App/Application/Kw/Action/IndexAction.class.php 第 270 行.
NOTIC: [8192] Function eregi() is deprecated /home/www/myhfm/App/Application/Kw/Action/IndexAction.class.php 第 272 行.
NOTIC: [8192] Function eregi() is deprecated /home/www/myhfm/App/Application/Kw/Action/IndexAction.class.php 第 274 行.
NOTIC: [8192] Function eregi() is deprecated /home/www/myhfm/App/Application/Kw/Action/IndexAction.class.php 第 276 行.
NOTIC: [8192] Function eregi() is deprecated /home/www/myhfm/App/Application/Kw/Action/IndexAction.class.php 第 278 行.
NOTIC: [8192] Function eregi() is deprecated /home/www/myhfm/App/Application/Kw/Action/IndexAction.class.php 第 280 行.
NOTIC: [8192] Function eregi() is deprecated /home/www/myhfm/App/Application/Kw/Action/IndexAction.class.php 第 282 行.
NOTIC: [8192] Function eregi() is deprecated /home/www/myhfm/App/Application/Kw/Action/IndexAction.class.php 第 284 行.
NOTIC: [8192] Function eregi() is deprecated /home/www/myhfm/App/Application/Kw/Action/IndexAction.class.php 第 286 行.
NOTIC: [8192] Function eregi() is deprecated /home/www/myhfm/App/Application/Kw/Action/IndexAction.class.php 第 288 行.
NOTIC: [8192] Function eregi() is deprecated /home/www/myhfm/App/Application/Kw/Action/IndexAction.class.php 第 290 行.
NOTIC: [8192] Function eregi() is deprecated /home/www/myhfm/App/Application/Kw/Action/IndexAction.class.php 第 292 行.
NOTIC: [8192] Function eregi() is deprecated /home/www/myhfm/App/Application/Kw/Action/IndexAction.class.php 第 294 行.
NOTIC: [8192] Function eregi() is deprecated /home/www/myhfm/App/Application/Kw/Action/IndexAction.class.php 第 296 行.
NOTIC: [8192] Function eregi() is deprecated /home/www/myhfm/App/Application/Kw/Action/IndexAction.class.php 第 298 行.
NOTIC: [8192] Function eregi() is deprecated /home/www/myhfm/App/Application/Kw/Action/IndexAction.class.php 第 300 行.
NOTIC: [8192] Function eregi() is deprecated /home/www/myhfm/App/Application/Kw/Action/IndexAction.class.php 第 302 行.
NOTIC: [8192] Function eregi() is deprecated /home/www/myhfm/App/Application/Kw/Action/IndexAction.class.php 第 304 行.
NOTIC: [8192] Function eregi() is deprecated /home/www/myhfm/App/Application/Kw/Action/IndexAction.class.php 第 306 行.
NOTIC: [8192] Function ereg() is deprecated /home/www/myhfm/App/Application/Kw/Action/IndexAction.class.php 第 308 行.
NOTIC: [8192] Function ereg() is deprecated /home/www/myhfm/App/Application/Kw/Action/IndexAction.class.php 第 310 行.
NOTIC: [8192] Function eregi() is deprecated /home/www/myhfm/App/Application/Kw/Action/IndexAction.class.php 第 312 行.
NOTIC: [8] Undefined variable: browserplatform /home/www/myhfm/App/Application/Kw/Action/IndexAction.class.php 第 315 行.
SQL: SHOW COLUMNS FROM `fm_user_temp` [ RunTime:0.011658s ]
SQL: SELECT * FROM `fm_user_temp` WHERE ( sign='' ) LIMIT 1   [ RunTime:0.000194s ]

