[ 2018-12-20T09:46:16+08:00 ] 113.111.8.124 /user/index/index.html
INFO: [ route_check ] --START--
INFO: CheckRoute Behavior ::run [ RunTime:0.000455s ]
INFO: [ route_check ] --END-- [ RunTime:0.000538s ]
INFO: [ app_begin ] --START--
INFO: ReadHtmlCache Behavior ::run [ RunTime:0.000298s ]
INFO: [ app_begin ] --END-- [ RunTime:0.000347s ]

[ 2018-12-20T09:46:16+08:00 ] 113.111.8.124 /user/login/login.html
INFO: [ route_check ] --START--
INFO: CheckRoute Behavior ::run [ RunTime:0.000468s ]
INFO: [ route_check ] --END-- [ RunTime:0.000542s ]
INFO: [ app_begin ] --START--
INFO: ReadHtmlCache Behavior ::run [ RunTime:0.000296s ]
INFO: [ app_begin ] --END-- [ RunTime:0.000345s ]
INFO: [ view_parse ] --START--
INFO: ParseTemplate Behavior ::run [ RunTime:0.005036s ]
INFO: [ view_parse ] --END-- [ RunTime:0.005089s ]
INFO: [ view_filter ] --START--
INFO: ContentReplace Behavior ::run [ RunTime:0.000189s ]
INFO: TokenBuild Behavior ::run [ RunTime:0.000190s ]
INFO: WriteHtmlCache Behavior ::run [ RunTime:0.000112s ]
INFO: ShowRuntime Behavior ::run [ RunTime:0.000236s ]
INFO: [ view_filter ] --END-- [ RunTime:0.000856s ]
INFO: [ view_end ] --START--
INFO: ShowPageTrace Behavior ::run [ RunTime:0.000332s ]
INFO: [ view_end ] --END-- [ RunTime:0.000374s ]

[ 2018-12-20T09:46:16+08:00 ] 113.111.8.124 /static/common/inspinia/css/plugins/awesome-bootstrap-checkbox/awesome-bootstrap-checkbox.css
INFO: [ route_check ] --START--
INFO: CheckRoute Behavior ::run [ RunTime:0.000459s ]
INFO: [ route_check ] --END-- [ RunTime:0.000516s ]
INFO: [ app_begin ] --START--
INFO: ReadHtmlCache Behavior ::run [ RunTime:0.000293s ]
INFO: [ app_begin ] --END-- [ RunTime:0.000341s ]
ERR: 无法加载模块:Static

[ 2018-12-20T09:46:16+08:00 ] 113.111.8.124 /user/login/vertify.html
INFO: [ route_check ] --START--
INFO: CheckRoute Behavior ::run [ RunTime:0.000453s ]
INFO: [ route_check ] --END-- [ RunTime:0.000512s ]
INFO: [ app_begin ] --START--
INFO: ReadHtmlCache Behavior ::run [ RunTime:0.000305s ]
INFO: [ app_begin ] --END-- [ RunTime:0.000354s ]

[ 2018-12-20T09:46:17+08:00 ] 113.111.8.124 /user/login/vertify?rand=98
INFO: [ route_check ] --START--
INFO: CheckRoute Behavior ::run [ RunTime:0.000454s ]
INFO: [ route_check ] --END-- [ RunTime:0.000525s ]
INFO: [ app_begin ] --START--
INFO: ReadHtmlCache Behavior ::run [ RunTime:0.000295s ]
INFO: [ app_begin ] --END-- [ RunTime:0.000343s ]

[ 2018-12-20T10:00:30+08:00 ] 113.111.8.124 /user/login/login.html
INFO: [ route_check ] --START--
INFO: CheckRoute Behavior ::run [ RunTime:0.000456s ]
INFO: [ route_check ] --END-- [ RunTime:0.000519s ]
INFO: [ app_begin ] --START--
INFO: ReadHtmlCache Behavior ::run [ RunTime:0.000310s ]
INFO: [ app_begin ] --END-- [ RunTime:0.000356s ]
SQL: SHOW COLUMNS FROM `fm_user` [ RunTime:0.000671s ]
SQL: SELECT * FROM `fm_user` WHERE ( `username` = 'gw2018' ) AND ( `status` = 1 ) LIMIT 1   [ RunTime:0.000163s ]
SQL: SELECT `id` FROM `fm_user` WHERE ( `username` = 'gw2018' ) AND ( `password` = 'c8189a28d8d02a40cffb77eeaddc3166' ) AND ( `last_time` >= '2018-12-20' ) AND ( `status` = 1 ) LIMIT 1   [ RunTime:0.000117s ]
SQL: SHOW COLUMNS FROM `fm_log` [ RunTime:0.000451s ]
SQL: INSERT INTO bd_log (connent,ip,add_time) VALUES ('[gw2018],登录成功。','113.111.8.124','2018-12-20 10:00:30'); [ RunTime:0.000085s ]
ERR: 1146:Table 'myhfm.bd_log' doesn't exist
 [ SQL语句 ] : INSERT INTO bd_log (connent,ip,add_time) VALUES ('[gw2018],登录成功。','113.111.8.124','2018-12-20 10:00:30');

[ 2018-12-20T10:00:30+08:00 ] 113.111.8.124 /user/index/index.html
INFO: [ route_check ] --START--
INFO: CheckRoute Behavior ::run [ RunTime:0.000452s ]
INFO: [ route_check ] --END-- [ RunTime:0.000510s ]
INFO: [ app_begin ] --START--
INFO: ReadHtmlCache Behavior ::run [ RunTime:0.000304s ]
INFO: [ app_begin ] --END-- [ RunTime:0.000352s ]
SQL: SHOW COLUMNS FROM `fm_user` [ RunTime:0.000597s ]
SQL: SELECT * FROM `fm_user` WHERE ( `id` = 47 ) AND ( `status` = 1 ) LIMIT 1   [ RunTime:0.000139s ]
INFO: [ view_parse ] --START--
INFO: ParseTemplate Behavior ::run [ RunTime:0.005503s ]
INFO: [ view_parse ] --END-- [ RunTime:0.005564s ]
INFO: [ view_filter ] --START--
INFO: ContentReplace Behavior ::run [ RunTime:0.000189s ]
INFO: TokenBuild Behavior ::run [ RunTime:0.000191s ]
INFO: WriteHtmlCache Behavior ::run [ RunTime:0.000111s ]
INFO: ShowRuntime Behavior ::run [ RunTime:0.000247s ]
INFO: [ view_filter ] --END-- [ RunTime:0.000862s ]
INFO: [ view_end ] --START--
INFO: ShowPageTrace Behavior ::run [ RunTime:0.000360s ]
INFO: [ view_end ] --END-- [ RunTime:0.000404s ]

[ 2018-12-20T10:00:30+08:00 ] 113.111.8.124 /user/userset/user_list.html
INFO: [ route_check ] --START--
INFO: CheckRoute Behavior ::run [ RunTime:0.000462s ]
INFO: [ route_check ] --END-- [ RunTime:0.000521s ]
INFO: [ app_begin ] --START--
INFO: ReadHtmlCache Behavior ::run [ RunTime:0.000293s ]
INFO: [ app_begin ] --END-- [ RunTime:0.000340s ]
SQL: SHOW COLUMNS FROM `fm_user` [ RunTime:0.000611s ]
SQL: SELECT * FROM `fm_user` WHERE ( `id` = 47 ) AND ( `status` = 1 ) LIMIT 1   [ RunTime:0.000137s ]
SQL: SHOW COLUMNS FROM `fm_staff` [ RunTime:0.000544s ]
NOTIC: [8] Undefined variable: data /home/www/myhfm/App/Application/User/Action/UsersetAction.class.php 第 179 行.
NOTIC: [8] Undefined variable: page /home/www/myhfm/App/Application/User/Action/UsersetAction.class.php 第 235 行.
NOTIC: [8] Undefined variable: count /home/www/myhfm/App/Application/User/Action/UsersetAction.class.php 第 236 行.
INFO: [ view_parse ] --START--
NOTIC: [8] Use of undefined constant starttime - assumed 'starttime' /home/www/myhfm/App/Runtime/Cache/User/6b7fc4a0e6e78c19e861489fe7a3bfc6.php 第 46 行.
NOTIC: [8] Undefined variable: bdate /home/www/myhfm/App/Runtime/Cache/User/6b7fc4a0e6e78c19e861489fe7a3bfc6.php 第 46 行.
NOTIC: [8] Undefined variable: edate /home/www/myhfm/App/Runtime/Cache/User/6b7fc4a0e6e78c19e861489fe7a3bfc6.php 第 51 行.
NOTIC: [8] Undefined variable: list /home/www/myhfm/App/Runtime/Cache/User/6b7fc4a0e6e78c19e861489fe7a3bfc6.php 第 101 行.
NOTIC: [8] Undefined variable: order /home/www/myhfm/App/Runtime/Cache/User/6b7fc4a0e6e78c19e861489fe7a3bfc6.php 第 153 行.
INFO: ParseTemplate Behavior ::run [ RunTime:0.009687s ]
INFO: [ view_parse ] --END-- [ RunTime:0.009733s ]
INFO: [ view_filter ] --START--
INFO: ContentReplace Behavior ::run [ RunTime:0.000194s ]
INFO: TokenBuild Behavior ::run [ RunTime:0.000190s ]
INFO: WriteHtmlCache Behavior ::run [ RunTime:0.000129s ]
INFO: ShowRuntime Behavior ::run [ RunTime:0.000233s ]
INFO: [ view_filter ] --END-- [ RunTime:0.000866s ]
INFO: [ view_end ] --START--
INFO: ShowPageTrace Behavior ::run [ RunTime:0.000350s ]
INFO: [ view_end ] --END-- [ RunTime:0.000391s ]

[ 2018-12-20T10:04:42+08:00 ] 113.111.8.124 /user/userset/user_list.html
INFO: [ route_check ] --START--
INFO: CheckRoute Behavior ::run [ RunTime:0.000465s ]
INFO: [ route_check ] --END-- [ RunTime:0.000540s ]
INFO: [ app_begin ] --START--
INFO: ReadHtmlCache Behavior ::run [ RunTime:0.000298s ]
INFO: [ app_begin ] --END-- [ RunTime:0.000348s ]
SQL: SHOW COLUMNS FROM `fm_user` [ RunTime:0.000660s ]
SQL: SELECT * FROM `fm_user` WHERE ( `id` = 47 ) AND ( `status` = 1 ) LIMIT 1   [ RunTime:0.000136s ]
SQL: SHOW COLUMNS FROM `fm_staff` [ RunTime:0.000552s ]
NOTIC: [8] Undefined index: order /home/www/myhfm/App/Application/User/Action/UsersetAction.class.php 第 146 行.
NOTIC: [8] Use of undefined constant PAGE_NUM - assumed 'PAGE_NUM' /home/www/myhfm/App/Application/User/Action/UsersetAction.class.php 第 158 行.
SQL: SELECT COUNT(*) AS tp_count FROM `fm_staff` WHERE ( `name` LIKE '%邹云旭%' ) LIMIT 1   [ RunTime:0.001548s ]
SQL: SELECT * FROM `fm_staff` WHERE ( `name` LIKE '%邹云旭%' ) ORDER BY id desc  [ RunTime:0.003337s ]
NOTIC: [2] Invalid argument supplied for foreach() /home/www/myhfm/App/Application/User/Action/UsersetAction.class.php 第 166 行.
NOTIC: [2] Invalid argument supplied for foreach() /home/www/myhfm/App/Application/User/Action/UsersetAction.class.php 第 171 行.
INFO: [ view_parse ] --START--
NOTIC: [8] Use of undefined constant starttime - assumed 'starttime' /home/www/myhfm/App/Runtime/Cache/User/6b7fc4a0e6e78c19e861489fe7a3bfc6.php 第 46 行.
NOTIC: [8] Undefined variable: bdate /home/www/myhfm/App/Runtime/Cache/User/6b7fc4a0e6e78c19e861489fe7a3bfc6.php 第 46 行.
NOTIC: [8] Undefined variable: edate /home/www/myhfm/App/Runtime/Cache/User/6b7fc4a0e6e78c19e861489fe7a3bfc6.php 第 51 行.
NOTIC: [8] Undefined variable: order /home/www/myhfm/App/Runtime/Cache/User/6b7fc4a0e6e78c19e861489fe7a3bfc6.php 第 153 行.
INFO: ParseTemplate Behavior ::run [ RunTime:0.010013s ]
INFO: [ view_parse ] --END-- [ RunTime:0.010061s ]
INFO: [ view_filter ] --START--
INFO: ContentReplace Behavior ::run [ RunTime:0.000198s ]
INFO: TokenBuild Behavior ::run [ RunTime:0.000194s ]
INFO: WriteHtmlCache Behavior ::run [ RunTime:0.000120s ]
INFO: ShowRuntime Behavior ::run [ RunTime:0.000228s ]
INFO: [ view_filter ] --END-- [ RunTime:0.000863s ]
INFO: [ view_end ] --START--
INFO: ShowPageTrace Behavior ::run [ RunTime:0.000350s ]
INFO: [ view_end ] --END-- [ RunTime:0.000392s ]

[ 2018-12-20T17:14:18+08:00 ] 113.111.8.124 /user/userset/user_list.html
INFO: [ route_check ] --START--
INFO: CheckRoute Behavior ::run [ RunTime:0.000452s ]
INFO: [ route_check ] --END-- [ RunTime:0.000526s ]
INFO: [ app_begin ] --START--
INFO: ReadHtmlCache Behavior ::run [ RunTime:0.000304s ]
INFO: [ app_begin ] --END-- [ RunTime:0.000354s ]

[ 2018-12-20T17:14:18+08:00 ] 113.111.8.124 /user/login/login.html
INFO: [ route_check ] --START--
INFO: CheckRoute Behavior ::run [ RunTime:0.000457s ]
INFO: [ route_check ] --END-- [ RunTime:0.000518s ]
INFO: [ app_begin ] --START--
INFO: ReadHtmlCache Behavior ::run [ RunTime:0.000293s ]
INFO: [ app_begin ] --END-- [ RunTime:0.000342s ]
INFO: [ view_parse ] --START--
INFO: ParseTemplate Behavior ::run [ RunTime:0.004842s ]
INFO: [ view_parse ] --END-- [ RunTime:0.004898s ]
INFO: [ view_filter ] --START--
INFO: ContentReplace Behavior ::run [ RunTime:0.000194s ]
INFO: TokenBuild Behavior ::run [ RunTime:0.000196s ]
INFO: WriteHtmlCache Behavior ::run [ RunTime:0.000116s ]
INFO: ShowRuntime Behavior ::run [ RunTime:0.000231s ]
INFO: [ view_filter ] --END-- [ RunTime:0.000857s ]
INFO: [ view_end ] --START--
INFO: ShowPageTrace Behavior ::run [ RunTime:0.000348s ]
INFO: [ view_end ] --END-- [ RunTime:0.000392s ]

[ 2018-12-20T17:14:19+08:00 ] 113.111.8.124 /static/common/inspinia/css/plugins/awesome-bootstrap-checkbox/awesome-bootstrap-checkbox.css
INFO: [ route_check ] --START--
INFO: CheckRoute Behavior ::run [ RunTime:0.000462s ]
INFO: [ route_check ] --END-- [ RunTime:0.000531s ]
INFO: [ app_begin ] --START--
INFO: ReadHtmlCache Behavior ::run [ RunTime:0.000293s ]
INFO: [ app_begin ] --END-- [ RunTime:0.000342s ]
ERR: 无法加载模块:Static

[ 2018-12-20T17:14:19+08:00 ] 113.111.8.124 /user/login/vertify.html
INFO: [ route_check ] --START--
INFO: CheckRoute Behavior ::run [ RunTime:0.000449s ]
INFO: [ route_check ] --END-- [ RunTime:0.000520s ]
INFO: [ app_begin ] --START--
INFO: ReadHtmlCache Behavior ::run [ RunTime:0.000295s ]
INFO: [ app_begin ] --END-- [ RunTime:0.000343s ]

[ 2018-12-20T17:14:19+08:00 ] 113.111.8.124 /user/login/vertify?rand=63
INFO: [ route_check ] --START--
INFO: CheckRoute Behavior ::run [ RunTime:0.000449s ]
INFO: [ route_check ] --END-- [ RunTime:0.000523s ]
INFO: [ app_begin ] --START--
INFO: ReadHtmlCache Behavior ::run [ RunTime:0.000296s ]
INFO: [ app_begin ] --END-- [ RunTime:0.000345s ]

[ 2018-12-20T17:15:03+08:00 ] 113.111.8.124 /user/login/login.html
INFO: [ route_check ] --START--
INFO: CheckRoute Behavior ::run [ RunTime:0.000461s ]
INFO: [ route_check ] --END-- [ RunTime:0.000521s ]
INFO: [ app_begin ] --START--
INFO: ReadHtmlCache Behavior ::run [ RunTime:0.000299s ]
INFO: [ app_begin ] --END-- [ RunTime:0.000343s ]
SQL: SHOW COLUMNS FROM `fm_user` [ RunTime:0.000657s ]
SQL: SELECT * FROM `fm_user` WHERE ( `username` = 'gw2018' ) AND ( `status` = 1 ) LIMIT 1   [ RunTime:0.000195s ]
SQL: SELECT `id` FROM `fm_user` WHERE ( `username` = 'gw2018' ) AND ( `password` = 'bc2308c0bef753f5502c2e992ee7d7ae' ) AND ( `last_time` >= '2018-12-20' ) AND ( `status` = 1 ) LIMIT 1   [ RunTime:0.000177s ]

[ 2018-12-20T17:15:03+08:00 ] 113.111.8.124 /user/login/vertify?rand=53
INFO: [ route_check ] --START--
INFO: CheckRoute Behavior ::run [ RunTime:0.000459s ]
INFO: [ route_check ] --END-- [ RunTime:0.000533s ]
INFO: [ app_begin ] --START--
INFO: ReadHtmlCache Behavior ::run [ RunTime:0.000298s ]
INFO: [ app_begin ] --END-- [ RunTime:0.000346s ]

[ 2018-12-20T17:15:17+08:00 ] 113.111.8.124 /user/login/vertify?rand=40
INFO: [ route_check ] --START--
INFO: CheckRoute Behavior ::run [ RunTime:0.000453s ]
INFO: [ route_check ] --END-- [ RunTime:0.000511s ]
INFO: [ app_begin ] --START--
INFO: ReadHtmlCache Behavior ::run [ RunTime:0.000303s ]
INFO: [ app_begin ] --END-- [ RunTime:0.000351s ]

[ 2018-12-20T17:15:22+08:00 ] 113.111.8.124 /user/login/login.html
INFO: [ route_check ] --START--
INFO: CheckRoute Behavior ::run [ RunTime:0.000446s ]
INFO: [ route_check ] --END-- [ RunTime:0.000507s ]
INFO: [ app_begin ] --START--
INFO: ReadHtmlCache Behavior ::run [ RunTime:0.000295s ]
INFO: [ app_begin ] --END-- [ RunTime:0.000348s ]
SQL: SHOW COLUMNS FROM `fm_user` [ RunTime:0.000651s ]
SQL: SELECT * FROM `fm_user` WHERE ( `username` = 'gw2018' ) AND ( `status` = 1 ) LIMIT 1   [ RunTime:0.000145s ]
SQL: SELECT `id` FROM `fm_user` WHERE ( `username` = 'gw2018' ) AND ( `password` = 'bc2308c0bef753f5502c2e992ee7d7ae' ) AND ( `last_time` >= '2018-12-20' ) AND ( `status` = 1 ) LIMIT 1   [ RunTime:0.000119s ]

[ 2018-12-20T17:15:22+08:00 ] 113.111.8.124 /user/login/vertify?rand=76
INFO: [ route_check ] --START--
INFO: CheckRoute Behavior ::run [ RunTime:0.000442s ]
INFO: [ route_check ] --END-- [ RunTime:0.000501s ]
INFO: [ app_begin ] --START--
INFO: ReadHtmlCache Behavior ::run [ RunTime:0.000305s ]
INFO: [ app_begin ] --END-- [ RunTime:0.000353s ]

[ 2018-12-20T17:15:43+08:00 ] 113.111.8.124 /static/common/inspinia/css/plugins/awesome-bootstrap-checkbox/awesome-bootstrap-checkbox.css
INFO: [ route_check ] --START--
INFO: CheckRoute Behavior ::run [ RunTime:0.000456s ]
INFO: [ route_check ] --END-- [ RunTime:0.000528s ]
INFO: [ app_begin ] --START--
INFO: ReadHtmlCache Behavior ::run [ RunTime:0.000297s ]
INFO: [ app_begin ] --END-- [ RunTime:0.000348s ]
ERR: 无法加载模块:Static

[ 2018-12-20T17:15:45+08:00 ] 113.111.8.124 /static/common/inspinia/css/bootstrap.min.css.map
INFO: [ route_check ] --START--
INFO: CheckRoute Behavior ::run [ RunTime:0.000443s ]
INFO: [ route_check ] --END-- [ RunTime:0.000502s ]
INFO: [ app_begin ] --START--
INFO: ReadHtmlCache Behavior ::run [ RunTime:0.000293s ]
INFO: [ app_begin ] --END-- [ RunTime:0.000341s ]
ERR: 无法加载模块:Static

[ 2018-12-20T17:15:56+08:00 ] 113.111.8.124 /user/login/login.html
INFO: [ route_check ] --START--
INFO: CheckRoute Behavior ::run [ RunTime:0.000452s ]
INFO: [ route_check ] --END-- [ RunTime:0.000511s ]
INFO: [ app_begin ] --START--
INFO: ReadHtmlCache Behavior ::run [ RunTime:0.000300s ]
INFO: [ app_begin ] --END-- [ RunTime:0.000343s ]
SQL: SHOW COLUMNS FROM `fm_user` [ RunTime:0.000683s ]
SQL: SELECT * FROM `fm_user` WHERE ( `username` = 'gw2018' ) AND ( `status` = 1 ) LIMIT 1   [ RunTime:0.000159s ]
SQL: SELECT `id` FROM `fm_user` WHERE ( `username` = 'gw2018' ) AND ( `password` = 'c8189a28d8d02a40cffb77eeaddc3166' ) AND ( `last_time` >= '2018-12-20' ) AND ( `status` = 1 ) LIMIT 1   [ RunTime:0.000122s ]
SQL: SHOW COLUMNS FROM `fm_log` [ RunTime:0.000447s ]
SQL: INSERT INTO bd_log (connent,ip,add_time) VALUES ('[gw2018],登录成功。','113.111.8.124','2018-12-20 17:15:56'); [ RunTime:0.000082s ]
ERR: 1146:Table 'myhfm.bd_log' doesn't exist
 [ SQL语句 ] : INSERT INTO bd_log (connent,ip,add_time) VALUES ('[gw2018],登录成功。','113.111.8.124','2018-12-20 17:15:56');

[ 2018-12-20T17:15:56+08:00 ] 113.111.8.124 /user/index/index.html
INFO: [ route_check ] --START--
INFO: CheckRoute Behavior ::run [ RunTime:0.000451s ]
INFO: [ route_check ] --END-- [ RunTime:0.000526s ]
INFO: [ app_begin ] --START--
INFO: ReadHtmlCache Behavior ::run [ RunTime:0.000293s ]
INFO: [ app_begin ] --END-- [ RunTime:0.000341s ]
SQL: SHOW COLUMNS FROM `fm_user` [ RunTime:0.000613s ]
SQL: SELECT * FROM `fm_user` WHERE ( `id` = 47 ) AND ( `status` = 1 ) LIMIT 1   [ RunTime:0.000138s ]
INFO: [ view_parse ] --START--
INFO: ParseTemplate Behavior ::run [ RunTime:0.005425s ]
INFO: [ view_parse ] --END-- [ RunTime:0.005491s ]
INFO: [ view_filter ] --START--
INFO: ContentReplace Behavior ::run [ RunTime:0.000187s ]
INFO: TokenBuild Behavior ::run [ RunTime:0.000189s ]
INFO: WriteHtmlCache Behavior ::run [ RunTime:0.000118s ]
INFO: ShowRuntime Behavior ::run [ RunTime:0.000229s ]
INFO: [ view_filter ] --END-- [ RunTime:0.000849s ]
INFO: [ view_end ] --START--
INFO: ShowPageTrace Behavior ::run [ RunTime:0.000349s ]
INFO: [ view_end ] --END-- [ RunTime:0.000393s ]

[ 2018-12-20T17:15:56+08:00 ] 113.111.8.124 /user/userset/user_list.html
INFO: [ route_check ] --START--
INFO: CheckRoute Behavior ::run [ RunTime:0.000467s ]
INFO: [ route_check ] --END-- [ RunTime:0.000536s ]
INFO: [ app_begin ] --START--
INFO: ReadHtmlCache Behavior ::run [ RunTime:0.000298s ]
INFO: [ app_begin ] --END-- [ RunTime:0.000347s ]
SQL: SHOW COLUMNS FROM `fm_user` [ RunTime:0.000635s ]
SQL: SELECT * FROM `fm_user` WHERE ( `id` = 47 ) AND ( `status` = 1 ) LIMIT 1   [ RunTime:0.000143s ]
SQL: SHOW COLUMNS FROM `fm_staff` [ RunTime:0.000531s ]
NOTIC: [8] Undefined variable: data /home/www/myhfm/App/Application/User/Action/UsersetAction.class.php 第 179 行.
NOTIC: [8] Undefined variable: page /home/www/myhfm/App/Application/User/Action/UsersetAction.class.php 第 235 行.
NOTIC: [8] Undefined variable: count /home/www/myhfm/App/Application/User/Action/UsersetAction.class.php 第 236 行.
INFO: [ view_parse ] --START--
NOTIC: [8] Use of undefined constant starttime - assumed 'starttime' /home/www/myhfm/App/Runtime/Cache/User/6b7fc4a0e6e78c19e861489fe7a3bfc6.php 第 46 行.
NOTIC: [8] Undefined variable: bdate /home/www/myhfm/App/Runtime/Cache/User/6b7fc4a0e6e78c19e861489fe7a3bfc6.php 第 46 行.
NOTIC: [8] Undefined variable: edate /home/www/myhfm/App/Runtime/Cache/User/6b7fc4a0e6e78c19e861489fe7a3bfc6.php 第 51 行.
NOTIC: [8] Undefined variable: list /home/www/myhfm/App/Runtime/Cache/User/6b7fc4a0e6e78c19e861489fe7a3bfc6.php 第 101 行.
NOTIC: [8] Undefined variable: order /home/www/myhfm/App/Runtime/Cache/User/6b7fc4a0e6e78c19e861489fe7a3bfc6.php 第 153 行.
INFO: ParseTemplate Behavior ::run [ RunTime:0.009442s ]
INFO: [ view_parse ] --END-- [ RunTime:0.009497s ]
INFO: [ view_filter ] --START--
INFO: ContentReplace Behavior ::run [ RunTime:0.000195s ]
INFO: TokenBuild Behavior ::run [ RunTime:0.000191s ]
INFO: WriteHtmlCache Behavior ::run [ RunTime:0.000115s ]
INFO: ShowRuntime Behavior ::run [ RunTime:0.000224s ]
INFO: [ view_filter ] --END-- [ RunTime:0.000840s ]
INFO: [ view_end ] --START--
INFO: ShowPageTrace Behavior ::run [ RunTime:0.000328s ]
INFO: [ view_end ] --END-- [ RunTime:0.000369s ]

[ 2018-12-20T17:16:24+08:00 ] 113.111.8.124 /user/userset/user_list.html
INFO: [ route_check ] --START--
INFO: CheckRoute Behavior ::run [ RunTime:0.000460s ]
INFO: [ route_check ] --END-- [ RunTime:0.000537s ]
INFO: [ app_begin ] --START--
INFO: ReadHtmlCache Behavior ::run [ RunTime:0.000295s ]
INFO: [ app_begin ] --END-- [ RunTime:0.000344s ]
SQL: SHOW COLUMNS FROM `fm_user` [ RunTime:0.000660s ]
SQL: SELECT * FROM `fm_user` WHERE ( `id` = 47 ) AND ( `status` = 1 ) LIMIT 1   [ RunTime:0.000137s ]
SQL: SHOW COLUMNS FROM `fm_staff` [ RunTime:0.000552s ]
NOTIC: [8] Undefined index: order /home/www/myhfm/App/Application/User/Action/UsersetAction.class.php 第 146 行.
NOTIC: [8] Use of undefined constant PAGE_NUM - assumed 'PAGE_NUM' /home/www/myhfm/App/Application/User/Action/UsersetAction.class.php 第 158 行.
SQL: SELECT COUNT(*) AS tp_count FROM `fm_staff` WHERE ( `tel` LIKE '%13265514798%' ) LIMIT 1   [ RunTime:0.002084s ]
SQL: SELECT * FROM `fm_staff` WHERE ( `tel` LIKE '%13265514798%' ) ORDER BY id desc  [ RunTime:0.003905s ]
NOTIC: [2] Invalid argument supplied for foreach() /home/www/myhfm/App/Application/User/Action/UsersetAction.class.php 第 166 行.
NOTIC: [2] Invalid argument supplied for foreach() /home/www/myhfm/App/Application/User/Action/UsersetAction.class.php 第 171 行.
INFO: [ view_parse ] --START--
NOTIC: [8] Use of undefined constant starttime - assumed 'starttime' /home/www/myhfm/App/Runtime/Cache/User/6b7fc4a0e6e78c19e861489fe7a3bfc6.php 第 46 行.
NOTIC: [8] Undefined variable: bdate /home/www/myhfm/App/Runtime/Cache/User/6b7fc4a0e6e78c19e861489fe7a3bfc6.php 第 46 行.
NOTIC: [8] Undefined variable: edate /home/www/myhfm/App/Runtime/Cache/User/6b7fc4a0e6e78c19e861489fe7a3bfc6.php 第 51 行.
NOTIC: [8] Undefined variable: order /home/www/myhfm/App/Runtime/Cache/User/6b7fc4a0e6e78c19e861489fe7a3bfc6.php 第 153 行.
INFO: ParseTemplate Behavior ::run [ RunTime:0.009574s ]
INFO: [ view_parse ] --END-- [ RunTime:0.009621s ]
INFO: [ view_filter ] --START--
INFO: ContentReplace Behavior ::run [ RunTime:0.000194s ]
INFO: TokenBuild Behavior ::run [ RunTime:0.000193s ]
INFO: WriteHtmlCache Behavior ::run [ RunTime:0.000110s ]
INFO: ShowRuntime Behavior ::run [ RunTime:0.000226s ]
INFO: [ view_filter ] --END-- [ RunTime:0.000842s ]
INFO: [ view_end ] --START--
INFO: ShowPageTrace Behavior ::run [ RunTime:0.000332s ]
INFO: [ view_end ] --END-- [ RunTime:0.000375s ]

[ 2018-12-20T17:20:41+08:00 ] 113.111.8.124 /user/userset/user_list.html
INFO: [ route_check ] --START--
INFO: CheckRoute Behavior ::run [ RunTime:0.000454s ]
INFO: [ route_check ] --END-- [ RunTime:0.000521s ]
INFO: [ app_begin ] --START--
INFO: ReadHtmlCache Behavior ::run [ RunTime:0.000304s ]
INFO: [ app_begin ] --END-- [ RunTime:0.000354s ]
SQL: SHOW COLUMNS FROM `fm_user` [ RunTime:0.000661s ]
SQL: SELECT * FROM `fm_user` WHERE ( `id` = 47 ) AND ( `status` = 1 ) LIMIT 1   [ RunTime:0.000141s ]
SQL: SHOW COLUMNS FROM `fm_staff` [ RunTime:0.000558s ]
NOTIC: [8] Undefined index: order /home/www/myhfm/App/Application/User/Action/UsersetAction.class.php 第 146 行.
NOTIC: [8] Use of undefined constant PAGE_NUM - assumed 'PAGE_NUM' /home/www/myhfm/App/Application/User/Action/UsersetAction.class.php 第 158 行.
SQL: SELECT COUNT(*) AS tp_count FROM `fm_staff` WHERE ( `name` LIKE '%陈雪芹%' ) LIMIT 1   [ RunTime:0.001551s ]
SQL: SELECT * FROM `fm_staff` WHERE ( `name` LIKE '%陈雪芹%' ) ORDER BY id desc  [ RunTime:0.003424s ]
INFO: [ view_parse ] --START--
NOTIC: [8] Use of undefined constant starttime - assumed 'starttime' /home/www/myhfm/App/Runtime/Cache/User/6b7fc4a0e6e78c19e861489fe7a3bfc6.php 第 46 行.
NOTIC: [8] Undefined variable: bdate /home/www/myhfm/App/Runtime/Cache/User/6b7fc4a0e6e78c19e861489fe7a3bfc6.php 第 46 行.
NOTIC: [8] Undefined variable: edate /home/www/myhfm/App/Runtime/Cache/User/6b7fc4a0e6e78c19e861489fe7a3bfc6.php 第 51 行.
NOTIC: [8] Use of undefined constant sex - assumed 'sex' /home/www/myhfm/App/Runtime/Cache/User/6b7fc4a0e6e78c19e861489fe7a3bfc6.php 第 105 行.
NOTIC: [8] Undefined index: wechat /home/www/myhfm/App/Runtime/Cache/User/6b7fc4a0e6e78c19e861489fe7a3bfc6.php 第 108 行.
NOTIC: [8] Undefined index: qq /home/www/myhfm/App/Runtime/Cache/User/6b7fc4a0e6e78c19e861489fe7a3bfc6.php 第 109 行.
NOTIC: [8] Undefined index: job /home/www/myhfm/App/Runtime/Cache/User/6b7fc4a0e6e78c19e861489fe7a3bfc6.php 第 110 行.
NOTIC: [8] Use of undefined constant sex - assumed 'sex' /home/www/myhfm/App/Runtime/Cache/User/6b7fc4a0e6e78c19e861489fe7a3bfc6.php 第 105 行.
NOTIC: [8] Undefined index: wechat /home/www/myhfm/App/Runtime/Cache/User/6b7fc4a0e6e78c19e861489fe7a3bfc6.php 第 108 行.
NOTIC: [8] Undefined index: qq /home/www/myhfm/App/Runtime/Cache/User/6b7fc4a0e6e78c19e861489fe7a3bfc6.php 第 109 行.
NOTIC: [8] Undefined index: job /home/www/myhfm/App/Runtime/Cache/User/6b7fc4a0e6e78c19e861489fe7a3bfc6.php 第 110 行.
NOTIC: [8] Undefined variable: order /home/www/myhfm/App/Runtime/Cache/User/6b7fc4a0e6e78c19e861489fe7a3bfc6.php 第 153 行.
INFO: ParseTemplate Behavior ::run [ RunTime:0.010284s ]
INFO: [ view_parse ] --END-- [ RunTime:0.010335s ]
INFO: [ view_filter ] --START--
INFO: ContentReplace Behavior ::run [ RunTime:0.000204s ]
INFO: TokenBuild Behavior ::run [ RunTime:0.000199s ]
INFO: WriteHtmlCache Behavior ::run [ RunTime:0.000116s ]
INFO: ShowRuntime Behavior ::run [ RunTime:0.000253s ]
INFO: [ view_filter ] --END-- [ RunTime:0.000897s ]
INFO: [ view_end ] --START--
INFO: ShowPageTrace Behavior ::run [ RunTime:0.000355s ]
INFO: [ view_end ] --END-- [ RunTime:0.000397s ]

[ 2018-12-20T17:39:50+08:00 ] 113.111.8.124 /user/userset/user_list.html
INFO: [ route_check ] --START--
INFO: CheckRoute Behavior ::run [ RunTime:0.000458s ]
INFO: [ route_check ] --END-- [ RunTime:0.000518s ]
INFO: [ app_begin ] --START--
INFO: ReadHtmlCache Behavior ::run [ RunTime:0.000293s ]
INFO: [ app_begin ] --END-- [ RunTime:0.000341s ]
SQL: SHOW COLUMNS FROM `fm_user` [ RunTime:0.000622s ]
SQL: SELECT * FROM `fm_user` WHERE ( `id` = 47 ) AND ( `status` = 1 ) LIMIT 1   [ RunTime:0.000134s ]
SQL: SHOW COLUMNS FROM `fm_staff` [ RunTime:0.000505s ]
NOTIC: [8] Undefined index: order /home/www/myhfm/App/Application/User/Action/UsersetAction.class.php 第 146 行.
NOTIC: [8] Use of undefined constant PAGE_NUM - assumed 'PAGE_NUM' /home/www/myhfm/App/Application/User/Action/UsersetAction.class.php 第 158 行.
SQL: SELECT COUNT(*) AS tp_count FROM `fm_staff` WHERE ( `name` LIKE '%陈艺玲%' ) LIMIT 1   [ RunTime:0.001538s ]
SQL: SELECT * FROM `fm_staff` WHERE ( `name` LIKE '%陈艺玲%' ) ORDER BY id desc  [ RunTime:0.003444s ]
INFO: [ view_parse ] --START--
NOTIC: [8] Use of undefined constant starttime - assumed 'starttime' /home/www/myhfm/App/Runtime/Cache/User/6b7fc4a0e6e78c19e861489fe7a3bfc6.php 第 46 行.
NOTIC: [8] Undefined variable: bdate /home/www/myhfm/App/Runtime/Cache/User/6b7fc4a0e6e78c19e861489fe7a3bfc6.php 第 46 行.
NOTIC: [8] Undefined variable: edate /home/www/myhfm/App/Runtime/Cache/User/6b7fc4a0e6e78c19e861489fe7a3bfc6.php 第 51 行.
NOTIC: [8] Use of undefined constant sex - assumed 'sex' /home/www/myhfm/App/Runtime/Cache/User/6b7fc4a0e6e78c19e861489fe7a3bfc6.php 第 105 行.
NOTIC: [8] Undefined index: wechat /home/www/myhfm/App/Runtime/Cache/User/6b7fc4a0e6e78c19e861489fe7a3bfc6.php 第 108 行.
NOTIC: [8] Undefined index: qq /home/www/myhfm/App/Runtime/Cache/User/6b7fc4a0e6e78c19e861489fe7a3bfc6.php 第 109 行.
NOTIC: [8] Undefined index: job /home/www/myhfm/App/Runtime/Cache/User/6b7fc4a0e6e78c19e861489fe7a3bfc6.php 第 110 行.
NOTIC: [8] Undefined variable: order /home/www/myhfm/App/Runtime/Cache/User/6b7fc4a0e6e78c19e861489fe7a3bfc6.php 第 153 行.
INFO: ParseTemplate Behavior ::run [ RunTime:0.009666s ]
INFO: [ view_parse ] --END-- [ RunTime:0.009715s ]
INFO: [ view_filter ] --START--
INFO: ContentReplace Behavior ::run [ RunTime:0.000197s ]
INFO: TokenBuild Behavior ::run [ RunTime:0.000192s ]
INFO: WriteHtmlCache Behavior ::run [ RunTime:0.000111s ]
INFO: ShowRuntime Behavior ::run [ RunTime:0.000233s ]
INFO: [ view_filter ] --END-- [ RunTime:0.000850s ]
INFO: [ view_end ] --START--
INFO: ShowPageTrace Behavior ::run [ RunTime:0.000329s ]
INFO: [ view_end ] --END-- [ RunTime:0.000369s ]

[ 2018-12-20T17:44:41+08:00 ] 113.111.8.124 /user/userset/user_list.html
INFO: [ route_check ] --START--
INFO: CheckRoute Behavior ::run [ RunTime:0.000451s ]
INFO: [ route_check ] --END-- [ RunTime:0.000527s ]
INFO: [ app_begin ] --START--
INFO: ReadHtmlCache Behavior ::run [ RunTime:0.000296s ]
INFO: [ app_begin ] --END-- [ RunTime:0.000346s ]
SQL: SHOW COLUMNS FROM `fm_user` [ RunTime:0.000664s ]
SQL: SELECT * FROM `fm_user` WHERE ( `id` = 47 ) AND ( `status` = 1 ) LIMIT 1   [ RunTime:0.000136s ]
SQL: SHOW COLUMNS FROM `fm_staff` [ RunTime:0.000552s ]
NOTIC: [8] Undefined index: order /home/www/myhfm/App/Application/User/Action/UsersetAction.class.php 第 146 行.
NOTIC: [8] Use of undefined constant PAGE_NUM - assumed 'PAGE_NUM' /home/www/myhfm/App/Application/User/Action/UsersetAction.class.php 第 158 行.
SQL: SELECT COUNT(*) AS tp_count FROM `fm_staff` WHERE ( `name` LIKE '%苏宝燕%' ) LIMIT 1   [ RunTime:0.001554s ]
SQL: SELECT * FROM `fm_staff` WHERE ( `name` LIKE '%苏宝燕%' ) ORDER BY id desc  [ RunTime:0.003512s ]
INFO: [ view_parse ] --START--
NOTIC: [8] Use of undefined constant starttime - assumed 'starttime' /home/www/myhfm/App/Runtime/Cache/User/6b7fc4a0e6e78c19e861489fe7a3bfc6.php 第 46 行.
NOTIC: [8] Undefined variable: bdate /home/www/myhfm/App/Runtime/Cache/User/6b7fc4a0e6e78c19e861489fe7a3bfc6.php 第 46 行.
NOTIC: [8] Undefined variable: edate /home/www/myhfm/App/Runtime/Cache/User/6b7fc4a0e6e78c19e861489fe7a3bfc6.php 第 51 行.
NOTIC: [8] Use of undefined constant sex - assumed 'sex' /home/www/myhfm/App/Runtime/Cache/User/6b7fc4a0e6e78c19e861489fe7a3bfc6.php 第 105 行.
NOTIC: [8] Undefined index: wechat /home/www/myhfm/App/Runtime/Cache/User/6b7fc4a0e6e78c19e861489fe7a3bfc6.php 第 108 行.
NOTIC: [8] Undefined index: qq /home/www/myhfm/App/Runtime/Cache/User/6b7fc4a0e6e78c19e861489fe7a3bfc6.php 第 109 行.
NOTIC: [8] Undefined index: job /home/www/myhfm/App/Runtime/Cache/User/6b7fc4a0e6e78c19e861489fe7a3bfc6.php 第 110 行.
NOTIC: [8] Undefined variable: order /home/www/myhfm/App/Runtime/Cache/User/6b7fc4a0e6e78c19e861489fe7a3bfc6.php 第 153 行.
INFO: ParseTemplate Behavior ::run [ RunTime:0.009762s ]
INFO: [ view_parse ] --END-- [ RunTime:0.009811s ]
INFO: [ view_filter ] --START--
INFO: ContentReplace Behavior ::run [ RunTime:0.000196s ]
INFO: TokenBuild Behavior ::run [ RunTime:0.000191s ]
INFO: WriteHtmlCache Behavior ::run [ RunTime:0.000111s ]
INFO: ShowRuntime Behavior ::run [ RunTime:0.000226s ]
INFO: [ view_filter ] --END-- [ RunTime:0.000841s ]
INFO: [ view_end ] --START--
INFO: ShowPageTrace Behavior ::run [ RunTime:0.000363s ]
INFO: [ view_end ] --END-- [ RunTime:0.000405s ]

[ 2018-12-20T17:48:18+08:00 ] 113.111.8.32 /user
INFO: [ route_check ] --START--
INFO: CheckRoute Behavior ::run [ RunTime:0.000450s ]
INFO: [ route_check ] --END-- [ RunTime:0.000510s ]
INFO: [ app_begin ] --START--
INFO: ReadHtmlCache Behavior ::run [ RunTime:0.000294s ]
INFO: [ app_begin ] --END-- [ RunTime:0.000344s ]

[ 2018-12-20T17:48:18+08:00 ] 113.111.8.32 /user/login/login.html
INFO: [ route_check ] --START--
INFO: CheckRoute Behavior ::run [ RunTime:0.000469s ]
INFO: [ route_check ] --END-- [ RunTime:0.000547s ]
INFO: [ app_begin ] --START--
INFO: ReadHtmlCache Behavior ::run [ RunTime:0.000301s ]
INFO: [ app_begin ] --END-- [ RunTime:0.000350s ]
INFO: [ view_parse ] --START--
INFO: ParseTemplate Behavior ::run [ RunTime:0.005030s ]
INFO: [ view_parse ] --END-- [ RunTime:0.005085s ]
INFO: [ view_filter ] --START--
INFO: ContentReplace Behavior ::run [ RunTime:0.000191s ]
INFO: TokenBuild Behavior ::run [ RunTime:0.000191s ]
INFO: WriteHtmlCache Behavior ::run [ RunTime:0.000120s ]
INFO: ShowRuntime Behavior ::run [ RunTime:0.000230s ]
INFO: [ view_filter ] --END-- [ RunTime:0.000853s ]
INFO: [ view_end ] --START--
INFO: ShowPageTrace Behavior ::run [ RunTime:0.000336s ]
INFO: [ view_end ] --END-- [ RunTime:0.000379s ]

[ 2018-12-20T17:48:18+08:00 ] 113.111.8.32 /static/common/inspinia/css/plugins/awesome-bootstrap-checkbox/awesome-bootstrap-checkbox.css
INFO: [ route_check ] --START--
INFO: CheckRoute Behavior ::run [ RunTime:0.000459s ]
INFO: [ route_check ] --END-- [ RunTime:0.000518s ]
INFO: [ app_begin ] --START--
INFO: ReadHtmlCache Behavior ::run [ RunTime:0.000293s ]
INFO: [ app_begin ] --END-- [ RunTime:0.000342s ]
ERR: 无法加载模块:Static

[ 2018-12-20T17:48:18+08:00 ] 113.111.8.32 /user/login/vertify.html
INFO: [ route_check ] --START--
INFO: CheckRoute Behavior ::run [ RunTime:0.000452s ]
INFO: [ route_check ] --END-- [ RunTime:0.000526s ]
INFO: [ app_begin ] --START--
INFO: ReadHtmlCache Behavior ::run [ RunTime:0.000295s ]
INFO: [ app_begin ] --END-- [ RunTime:0.000344s ]

[ 2018-12-20T17:48:19+08:00 ] 113.111.8.32 /user/login/vertify?rand=46
INFO: [ route_check ] --START--
INFO: CheckRoute Behavior ::run [ RunTime:0.000456s ]
INFO: [ route_check ] --END-- [ RunTime:0.000514s ]
INFO: [ app_begin ] --START--
INFO: ReadHtmlCache Behavior ::run [ RunTime:0.000295s ]
INFO: [ app_begin ] --END-- [ RunTime:0.000344s ]

[ 2018-12-20T17:48:32+08:00 ] 183.238.56.174 /user/userset/user_list.html
INFO: [ route_check ] --START--
INFO: CheckRoute Behavior ::run [ RunTime:0.000463s ]
INFO: [ route_check ] --END-- [ RunTime:0.000541s ]
INFO: [ app_begin ] --START--
INFO: ReadHtmlCache Behavior ::run [ RunTime:0.000305s ]
INFO: [ app_begin ] --END-- [ RunTime:0.000355s ]
SQL: SHOW COLUMNS FROM `fm_user` [ RunTime:0.000653s ]
SQL: SELECT * FROM `fm_user` WHERE ( `id` = 47 ) AND ( `status` = 1 ) LIMIT 1   [ RunTime:0.000138s ]
SQL: SHOW COLUMNS FROM `fm_staff` [ RunTime:0.000549s ]
NOTIC: [8] Undefined index: order /home/www/myhfm/App/Application/User/Action/UsersetAction.class.php 第 146 行.
NOTIC: [8] Use of undefined constant PAGE_NUM - assumed 'PAGE_NUM' /home/www/myhfm/App/Application/User/Action/UsersetAction.class.php 第 158 行.
SQL: SELECT COUNT(*) AS tp_count FROM `fm_staff` WHERE ( `name` LIKE '%张野%' ) LIMIT 1   [ RunTime:0.001569s ]
SQL: SELECT * FROM `fm_staff` WHERE ( `name` LIKE '%张野%' ) ORDER BY id desc  [ RunTime:0.003431s ]
NOTIC: [2] Invalid argument supplied for foreach() /home/www/myhfm/App/Application/User/Action/UsersetAction.class.php 第 166 行.
NOTIC: [2] Invalid argument supplied for foreach() /home/www/myhfm/App/Application/User/Action/UsersetAction.class.php 第 171 行.
INFO: [ view_parse ] --START--
NOTIC: [8] Use of undefined constant starttime - assumed 'starttime' /home/www/myhfm/App/Runtime/Cache/User/6b7fc4a0e6e78c19e861489fe7a3bfc6.php 第 46 行.
NOTIC: [8] Undefined variable: bdate /home/www/myhfm/App/Runtime/Cache/User/6b7fc4a0e6e78c19e861489fe7a3bfc6.php 第 46 行.
NOTIC: [8] Undefined variable: edate /home/www/myhfm/App/Runtime/Cache/User/6b7fc4a0e6e78c19e861489fe7a3bfc6.php 第 51 行.
NOTIC: [8] Undefined variable: order /home/www/myhfm/App/Runtime/Cache/User/6b7fc4a0e6e78c19e861489fe7a3bfc6.php 第 153 行.
INFO: ParseTemplate Behavior ::run [ RunTime:0.010023s ]
INFO: [ view_parse ] --END-- [ RunTime:0.010070s ]
INFO: [ view_filter ] --START--
INFO: ContentReplace Behavior ::run [ RunTime:0.000204s ]
INFO: TokenBuild Behavior ::run [ RunTime:0.000200s ]
INFO: WriteHtmlCache Behavior ::run [ RunTime:0.000112s ]
INFO: ShowRuntime Behavior ::run [ RunTime:0.000224s ]
INFO: [ view_filter ] --END-- [ RunTime:0.000859s ]
INFO: [ view_end ] --START--
INFO: ShowPageTrace Behavior ::run [ RunTime:0.000367s ]
INFO: [ view_end ] --END-- [ RunTime:0.000410s ]

[ 2018-12-20T17:52:52+08:00 ] 113.111.8.124 /user/userset/user_list.html
INFO: [ route_check ] --START--
INFO: CheckRoute Behavior ::run [ RunTime:0.000457s ]
INFO: [ route_check ] --END-- [ RunTime:0.000518s ]
INFO: [ app_begin ] --START--
INFO: ReadHtmlCache Behavior ::run [ RunTime:0.000294s ]
INFO: [ app_begin ] --END-- [ RunTime:0.000343s ]
SQL: SHOW COLUMNS FROM `fm_user` [ RunTime:0.000656s ]
SQL: SELECT * FROM `fm_user` WHERE ( `id` = 47 ) AND ( `status` = 1 ) LIMIT 1   [ RunTime:0.000137s ]
SQL: SHOW COLUMNS FROM `fm_staff` [ RunTime:0.000550s ]
NOTIC: [8] Undefined index: order /home/www/myhfm/App/Application/User/Action/UsersetAction.class.php 第 146 行.
NOTIC: [8] Use of undefined constant PAGE_NUM - assumed 'PAGE_NUM' /home/www/myhfm/App/Application/User/Action/UsersetAction.class.php 第 158 行.
SQL: SELECT COUNT(*) AS tp_count FROM `fm_staff` WHERE ( `name` LIKE '%舒白云%' ) LIMIT 1   [ RunTime:0.001549s ]
SQL: SELECT * FROM `fm_staff` WHERE ( `name` LIKE '%舒白云%' ) ORDER BY id desc  [ RunTime:0.003343s ]
INFO: [ view_parse ] --START--
NOTIC: [8] Use of undefined constant starttime - assumed 'starttime' /home/www/myhfm/App/Runtime/Cache/User/6b7fc4a0e6e78c19e861489fe7a3bfc6.php 第 46 行.
NOTIC: [8] Undefined variable: bdate /home/www/myhfm/App/Runtime/Cache/User/6b7fc4a0e6e78c19e861489fe7a3bfc6.php 第 46 行.
NOTIC: [8] Undefined variable: edate /home/www/myhfm/App/Runtime/Cache/User/6b7fc4a0e6e78c19e861489fe7a3bfc6.php 第 51 行.
NOTIC: [8] Use of undefined constant sex - assumed 'sex' /home/www/myhfm/App/Runtime/Cache/User/6b7fc4a0e6e78c19e861489fe7a3bfc6.php 第 105 行.
NOTIC: [8] Undefined index: wechat /home/www/myhfm/App/Runtime/Cache/User/6b7fc4a0e6e78c19e861489fe7a3bfc6.php 第 108 行.
NOTIC: [8] Undefined index: qq /home/www/myhfm/App/Runtime/Cache/User/6b7fc4a0e6e78c19e861489fe7a3bfc6.php 第 109 行.
NOTIC: [8] Undefined index: job /home/www/myhfm/App/Runtime/Cache/User/6b7fc4a0e6e78c19e861489fe7a3bfc6.php 第 110 行.
NOTIC: [8] Undefined variable: order /home/www/myhfm/App/Runtime/Cache/User/6b7fc4a0e6e78c19e861489fe7a3bfc6.php 第 153 行.
INFO: ParseTemplate Behavior ::run [ RunTime:0.009254s ]
INFO: [ view_parse ] --END-- [ RunTime:0.009303s ]
INFO: [ view_filter ] --START--
INFO: ContentReplace Behavior ::run [ RunTime:0.000195s ]
INFO: TokenBuild Behavior ::run [ RunTime:0.000200s ]
INFO: WriteHtmlCache Behavior ::run [ RunTime:0.000112s ]
INFO: ShowRuntime Behavior ::run [ RunTime:0.000223s ]
INFO: [ view_filter ] --END-- [ RunTime:0.000853s ]
INFO: [ view_end ] --START--
INFO: ShowPageTrace Behavior ::run [ RunTime:0.000330s ]
INFO: [ view_end ] --END-- [ RunTime:0.000372s ]

[ 2018-12-20T17:54:21+08:00 ] 113.111.8.124 /user/userset/user_list.html
INFO: [ route_check ] --START--
INFO: CheckRoute Behavior ::run [ RunTime:0.000460s ]
INFO: [ route_check ] --END-- [ RunTime:0.000538s ]
INFO: [ app_begin ] --START--
INFO: ReadHtmlCache Behavior ::run [ RunTime:0.000312s ]
INFO: [ app_begin ] --END-- [ RunTime:0.000361s ]
SQL: SHOW COLUMNS FROM `fm_user` [ RunTime:0.011368s ]
SQL: SELECT * FROM `fm_user` WHERE ( `id` = 47 ) AND ( `status` = 1 ) LIMIT 1   [ RunTime:0.000143s ]
SQL: SHOW COLUMNS FROM `fm_staff` [ RunTime:0.000553s ]
NOTIC: [8] Undefined index: order /home/www/myhfm/App/Application/User/Action/UsersetAction.class.php 第 146 行.
NOTIC: [8] Use of undefined constant PAGE_NUM - assumed 'PAGE_NUM' /home/www/myhfm/App/Application/User/Action/UsersetAction.class.php 第 158 行.
SQL: SELECT COUNT(*) AS tp_count FROM `fm_staff` WHERE ( `name` LIKE '%潘有才%' ) LIMIT 1   [ RunTime:0.001536s ]
SQL: SELECT * FROM `fm_staff` WHERE ( `name` LIKE '%潘有才%' ) ORDER BY id desc  [ RunTime:0.003351s ]
NOTIC: [2] Invalid argument supplied for foreach() /home/www/myhfm/App/Application/User/Action/UsersetAction.class.php 第 166 行.
NOTIC: [2] Invalid argument supplied for foreach() /home/www/myhfm/App/Application/User/Action/UsersetAction.class.php 第 171 行.
INFO: [ view_parse ] --START--
NOTIC: [8] Use of undefined constant starttime - assumed 'starttime' /home/www/myhfm/App/Runtime/Cache/User/6b7fc4a0e6e78c19e861489fe7a3bfc6.php 第 46 行.
NOTIC: [8] Undefined variable: bdate /home/www/myhfm/App/Runtime/Cache/User/6b7fc4a0e6e78c19e861489fe7a3bfc6.php 第 46 行.
NOTIC: [8] Undefined variable: edate /home/www/myhfm/App/Runtime/Cache/User/6b7fc4a0e6e78c19e861489fe7a3bfc6.php 第 51 行.
NOTIC: [8] Undefined variable: order /home/www/myhfm/App/Runtime/Cache/User/6b7fc4a0e6e78c19e861489fe7a3bfc6.php 第 153 行.
INFO: ParseTemplate Behavior ::run [ RunTime:0.009998s ]
INFO: [ view_parse ] --END-- [ RunTime:0.010045s ]
INFO: [ view_filter ] --START--
INFO: ContentReplace Behavior ::run [ RunTime:0.000193s ]
INFO: TokenBuild Behavior ::run [ RunTime:0.000192s ]
INFO: WriteHtmlCache Behavior ::run [ RunTime:0.000116s ]
INFO: ShowRuntime Behavior ::run [ RunTime:0.000227s ]
INFO: [ view_filter ] --END-- [ RunTime:0.000849s ]
INFO: [ view_end ] --START--
INFO: ShowPageTrace Behavior ::run [ RunTime:0.000352s ]
INFO: [ view_end ] --END-- [ RunTime:0.000395s ]

[ 2018-12-20T17:55:53+08:00 ] 113.111.8.124 /user/userset/user_list.html
INFO: [ route_check ] --START--
INFO: CheckRoute Behavior ::run [ RunTime:0.000454s ]
INFO: [ route_check ] --END-- [ RunTime:0.000515s ]
INFO: [ app_begin ] --START--
INFO: ReadHtmlCache Behavior ::run [ RunTime:0.000305s ]
INFO: [ app_begin ] --END-- [ RunTime:0.000353s ]
SQL: SHOW COLUMNS FROM `fm_user` [ RunTime:0.000614s ]
SQL: SELECT * FROM `fm_user` WHERE ( `id` = 47 ) AND ( `status` = 1 ) LIMIT 1   [ RunTime:0.000170s ]
SQL: SHOW COLUMNS FROM `fm_staff` [ RunTime:0.000546s ]
NOTIC: [8] Undefined index: order /home/www/myhfm/App/Application/User/Action/UsersetAction.class.php 第 146 行.
NOTIC: [8] Use of undefined constant PAGE_NUM - assumed 'PAGE_NUM' /home/www/myhfm/App/Application/User/Action/UsersetAction.class.php 第 158 行.
SQL: SELECT COUNT(*) AS tp_count FROM `fm_staff` WHERE ( `name` LIKE '%潘妙才%' ) LIMIT 1   [ RunTime:0.001530s ]
SQL: SELECT * FROM `fm_staff` WHERE ( `name` LIKE '%潘妙才%' ) ORDER BY id desc  [ RunTime:0.003332s ]
INFO: [ view_parse ] --START--
NOTIC: [8] Use of undefined constant starttime - assumed 'starttime' /home/www/myhfm/App/Runtime/Cache/User/6b7fc4a0e6e78c19e861489fe7a3bfc6.php 第 46 行.
NOTIC: [8] Undefined variable: bdate /home/www/myhfm/App/Runtime/Cache/User/6b7fc4a0e6e78c19e861489fe7a3bfc6.php 第 46 行.
NOTIC: [8] Undefined variable: edate /home/www/myhfm/App/Runtime/Cache/User/6b7fc4a0e6e78c19e861489fe7a3bfc6.php 第 51 行.
NOTIC: [8] Use of undefined constant sex - assumed 'sex' /home/www/myhfm/App/Runtime/Cache/User/6b7fc4a0e6e78c19e861489fe7a3bfc6.php 第 105 行.
NOTIC: [8] Undefined index: wechat /home/www/myhfm/App/Runtime/Cache/User/6b7fc4a0e6e78c19e861489fe7a3bfc6.php 第 108 行.
NOTIC: [8] Undefined index: qq /home/www/myhfm/App/Runtime/Cache/User/6b7fc4a0e6e78c19e861489fe7a3bfc6.php 第 109 行.
NOTIC: [8] Undefined index: job /home/www/myhfm/App/Runtime/Cache/User/6b7fc4a0e6e78c19e861489fe7a3bfc6.php 第 110 行.
NOTIC: [8] Undefined variable: order /home/www/myhfm/App/Runtime/Cache/User/6b7fc4a0e6e78c19e861489fe7a3bfc6.php 第 153 行.
INFO: ParseTemplate Behavior ::run [ RunTime:0.009885s ]
INFO: [ view_parse ] --END-- [ RunTime:0.009933s ]
INFO: [ view_filter ] --START--
INFO: ContentReplace Behavior ::run [ RunTime:0.000198s ]
INFO: TokenBuild Behavior ::run [ RunTime:0.000202s ]
INFO: WriteHtmlCache Behavior ::run [ RunTime:0.000112s ]
INFO: ShowRuntime Behavior ::run [ RunTime:0.000226s ]
INFO: [ view_filter ] --END-- [ RunTime:0.000856s ]
INFO: [ view_end ] --START--
INFO: ShowPageTrace Behavior ::run [ RunTime:0.000360s ]
INFO: [ view_end ] --END-- [ RunTime:0.000404s ]

