[ 2018-12-26T14:01:51+08:00 ] 183.238.56.174 /user/index/index.html
INFO: [ route_check ] --START--
INFO: CheckRoute Behavior ::run [ RunTime:0.000466s ]
INFO: [ route_check ] --END-- [ RunTime:0.000543s ]
INFO: [ app_begin ] --START--
INFO: ReadHtmlCache Behavior ::run [ RunTime:0.000301s ]
INFO: [ app_begin ] --END-- [ RunTime:0.000348s ]

[ 2018-12-26T14:01:51+08:00 ] 183.238.56.174 /user/login/login.html
INFO: [ route_check ] --START--
INFO: CheckRoute Behavior ::run [ RunTime:0.000459s ]
INFO: [ route_check ] --END-- [ RunTime:0.000528s ]
INFO: [ app_begin ] --START--
INFO: ReadHtmlCache Behavior ::run [ RunTime:0.000293s ]
INFO: [ app_begin ] --END-- [ RunTime:0.000341s ]
INFO: [ view_parse ] --START--
INFO: ParseTemplate Behavior ::run [ RunTime:0.005036s ]
INFO: [ view_parse ] --END-- [ RunTime:0.005089s ]
INFO: [ view_filter ] --START--
INFO: ContentReplace Behavior ::run [ RunTime:0.000193s ]
INFO: TokenBuild Behavior ::run [ RunTime:0.000197s ]
INFO: WriteHtmlCache Behavior ::run [ RunTime:0.000122s ]
INFO: ShowRuntime Behavior ::run [ RunTime:0.000234s ]
INFO: [ view_filter ] --END-- [ RunTime:0.000867s ]
INFO: [ view_end ] --START--
INFO: ShowPageTrace Behavior ::run [ RunTime:0.000335s ]
INFO: [ view_end ] --END-- [ RunTime:0.000376s ]

[ 2018-12-26T14:01:51+08:00 ] 183.238.56.174 /static/common/inspinia/css/plugins/awesome-bootstrap-checkbox/awesome-bootstrap-checkbox.css
INFO: [ route_check ] --START--
INFO: CheckRoute Behavior ::run [ RunTime:0.000467s ]
INFO: [ route_check ] --END-- [ RunTime:0.000537s ]
INFO: [ app_begin ] --START--
INFO: ReadHtmlCache Behavior ::run [ RunTime:0.000299s ]
INFO: [ app_begin ] --END-- [ RunTime:0.000348s ]
ERR: 无法加载模块:Static

[ 2018-12-26T14:01:51+08:00 ] 183.238.56.174 /user/login/vertify.html
INFO: [ route_check ] --START--
INFO: CheckRoute Behavior ::run [ RunTime:0.000452s ]
INFO: [ route_check ] --END-- [ RunTime:0.000524s ]
INFO: [ app_begin ] --START--
INFO: ReadHtmlCache Behavior ::run [ RunTime:0.000299s ]
INFO: [ app_begin ] --END-- [ RunTime:0.000347s ]

[ 2018-12-26T14:01:52+08:00 ] 183.238.56.174 /user/login/vertify?rand=23
INFO: [ route_check ] --START--
INFO: CheckRoute Behavior ::run [ RunTime:0.000454s ]
INFO: [ route_check ] --END-- [ RunTime:0.000523s ]
INFO: [ app_begin ] --START--
INFO: ReadHtmlCache Behavior ::run [ RunTime:0.000298s ]
INFO: [ app_begin ] --END-- [ RunTime:0.000345s ]

[ 2018-12-26T14:02:06+08:00 ] 183.238.56.174 /user/login/login.html
INFO: [ route_check ] --START--
INFO: CheckRoute Behavior ::run [ RunTime:0.000458s ]
INFO: [ route_check ] --END-- [ RunTime:0.000535s ]
INFO: [ app_begin ] --START--
INFO: ReadHtmlCache Behavior ::run [ RunTime:0.000298s ]
INFO: [ app_begin ] --END-- [ RunTime:0.000342s ]
SQL: SHOW COLUMNS FROM `fm_user` [ RunTime:0.000681s ]
SQL: SELECT * FROM `fm_user` WHERE ( `username` = 'gw2018' ) AND ( `status` = 1 ) LIMIT 1   [ RunTime:0.000170s ]
SQL: SELECT `id` FROM `fm_user` WHERE ( `username` = 'gw2018' ) AND ( `password` = 'c8189a28d8d02a40cffb77eeaddc3166' ) AND ( `last_time` >= '2018-12-26' ) AND ( `status` = 1 ) LIMIT 1   [ RunTime:0.000139s ]
SQL: SHOW COLUMNS FROM `fm_log` [ RunTime:0.000465s ]
SQL: INSERT INTO bd_log (connent,ip,add_time) VALUES ('[gw2018],登录成功。','183.238.56.174','2018-12-26 14:02:06'); [ RunTime:0.000081s ]
ERR: 1146:Table 'myhfm.bd_log' doesn't exist
 [ SQL语句 ] : INSERT INTO bd_log (connent,ip,add_time) VALUES ('[gw2018],登录成功。','183.238.56.174','2018-12-26 14:02:06');

[ 2018-12-26T14:02:06+08:00 ] 183.238.56.174 /user/index/index.html
INFO: [ route_check ] --START--
INFO: CheckRoute Behavior ::run [ RunTime:0.000450s ]
INFO: [ route_check ] --END-- [ RunTime:0.000516s ]
INFO: [ app_begin ] --START--
INFO: ReadHtmlCache Behavior ::run [ RunTime:0.000293s ]
INFO: [ app_begin ] --END-- [ RunTime:0.000341s ]
SQL: SHOW COLUMNS FROM `fm_user` [ RunTime:0.000607s ]
SQL: SELECT * FROM `fm_user` WHERE ( `id` = 47 ) AND ( `status` = 1 ) LIMIT 1   [ RunTime:0.000137s ]
INFO: [ view_parse ] --START--
INFO: ParseTemplate Behavior ::run [ RunTime:0.005440s ]
INFO: [ view_parse ] --END-- [ RunTime:0.005495s ]
INFO: [ view_filter ] --START--
INFO: ContentReplace Behavior ::run [ RunTime:0.000187s ]
INFO: TokenBuild Behavior ::run [ RunTime:0.000191s ]
INFO: WriteHtmlCache Behavior ::run [ RunTime:0.000110s ]
INFO: ShowRuntime Behavior ::run [ RunTime:0.000235s ]
INFO: [ view_filter ] --END-- [ RunTime:0.000843s ]
INFO: [ view_end ] --START--
INFO: ShowPageTrace Behavior ::run [ RunTime:0.000335s ]
INFO: [ view_end ] --END-- [ RunTime:0.000376s ]

[ 2018-12-26T14:02:06+08:00 ] 183.238.56.174 /user/userset/user_list.html
INFO: [ route_check ] --START--
INFO: CheckRoute Behavior ::run [ RunTime:0.000461s ]
INFO: [ route_check ] --END-- [ RunTime:0.000533s ]
INFO: [ app_begin ] --START--
INFO: ReadHtmlCache Behavior ::run [ RunTime:0.000293s ]
INFO: [ app_begin ] --END-- [ RunTime:0.000342s ]
SQL: SHOW COLUMNS FROM `fm_user` [ RunTime:0.000615s ]
SQL: SELECT * FROM `fm_user` WHERE ( `id` = 47 ) AND ( `status` = 1 ) LIMIT 1   [ RunTime:0.000135s ]
SQL: SHOW COLUMNS FROM `fm_staff` [ RunTime:0.000547s ]
NOTIC: [8] Undefined variable: data /home/www/myhfm/App/Application/User/Action/UsersetAction.class.php 第 179 行.
NOTIC: [8] Undefined variable: page /home/www/myhfm/App/Application/User/Action/UsersetAction.class.php 第 235 行.
NOTIC: [8] Undefined variable: count /home/www/myhfm/App/Application/User/Action/UsersetAction.class.php 第 236 行.
INFO: [ view_parse ] --START--
NOTIC: [8] Use of undefined constant starttime - assumed 'starttime' /home/www/myhfm/App/Runtime/Cache/User/6b7fc4a0e6e78c19e861489fe7a3bfc6.php 第 46 行.
NOTIC: [8] Undefined variable: bdate /home/www/myhfm/App/Runtime/Cache/User/6b7fc4a0e6e78c19e861489fe7a3bfc6.php 第 46 行.
NOTIC: [8] Undefined variable: edate /home/www/myhfm/App/Runtime/Cache/User/6b7fc4a0e6e78c19e861489fe7a3bfc6.php 第 51 行.
NOTIC: [8] Undefined variable: list /home/www/myhfm/App/Runtime/Cache/User/6b7fc4a0e6e78c19e861489fe7a3bfc6.php 第 101 行.
NOTIC: [8] Undefined variable: order /home/www/myhfm/App/Runtime/Cache/User/6b7fc4a0e6e78c19e861489fe7a3bfc6.php 第 153 行.
INFO: ParseTemplate Behavior ::run [ RunTime:0.009472s ]
INFO: [ view_parse ] --END-- [ RunTime:0.009517s ]
INFO: [ view_filter ] --START--
INFO: ContentReplace Behavior ::run [ RunTime:0.000195s ]
INFO: TokenBuild Behavior ::run [ RunTime:0.000192s ]
INFO: WriteHtmlCache Behavior ::run [ RunTime:0.000123s ]
INFO: ShowRuntime Behavior ::run [ RunTime:0.000225s ]
INFO: [ view_filter ] --END-- [ RunTime:0.000856s ]
INFO: [ view_end ] --START--
INFO: ShowPageTrace Behavior ::run [ RunTime:0.000330s ]
INFO: [ view_end ] --END-- [ RunTime:0.000372s ]

[ 2018-12-26T14:02:16+08:00 ] 183.238.56.174 /user/userset/user_list.html
INFO: [ route_check ] --START--
INFO: CheckRoute Behavior ::run [ RunTime:0.000454s ]
INFO: [ route_check ] --END-- [ RunTime:0.000526s ]
INFO: [ app_begin ] --START--
INFO: ReadHtmlCache Behavior ::run [ RunTime:0.000308s ]
INFO: [ app_begin ] --END-- [ RunTime:0.000356s ]
SQL: SHOW COLUMNS FROM `fm_user` [ RunTime:0.000660s ]
SQL: SELECT * FROM `fm_user` WHERE ( `id` = 47 ) AND ( `status` = 1 ) LIMIT 1   [ RunTime:0.000189s ]
SQL: SHOW COLUMNS FROM `fm_staff` [ RunTime:0.000587s ]
NOTIC: [8] Undefined index: order /home/www/myhfm/App/Application/User/Action/UsersetAction.class.php 第 146 行.
NOTIC: [8] Use of undefined constant PAGE_NUM - assumed 'PAGE_NUM' /home/www/myhfm/App/Application/User/Action/UsersetAction.class.php 第 158 行.
SQL: SELECT COUNT(*) AS tp_count FROM `fm_staff` WHERE ( `name` LIKE '%袁圣帅%' ) LIMIT 1   [ RunTime:0.001550s ]
SQL: SELECT * FROM `fm_staff` WHERE ( `name` LIKE '%袁圣帅%' ) ORDER BY id desc  [ RunTime:0.003329s ]
NOTIC: [2] Invalid argument supplied for foreach() /home/www/myhfm/App/Application/User/Action/UsersetAction.class.php 第 166 行.
NOTIC: [2] Invalid argument supplied for foreach() /home/www/myhfm/App/Application/User/Action/UsersetAction.class.php 第 171 行.
INFO: [ view_parse ] --START--
NOTIC: [8] Use of undefined constant starttime - assumed 'starttime' /home/www/myhfm/App/Runtime/Cache/User/6b7fc4a0e6e78c19e861489fe7a3bfc6.php 第 46 行.
NOTIC: [8] Undefined variable: bdate /home/www/myhfm/App/Runtime/Cache/User/6b7fc4a0e6e78c19e861489fe7a3bfc6.php 第 46 行.
NOTIC: [8] Undefined variable: edate /home/www/myhfm/App/Runtime/Cache/User/6b7fc4a0e6e78c19e861489fe7a3bfc6.php 第 51 行.
NOTIC: [8] Undefined variable: order /home/www/myhfm/App/Runtime/Cache/User/6b7fc4a0e6e78c19e861489fe7a3bfc6.php 第 153 行.
INFO: ParseTemplate Behavior ::run [ RunTime:0.009550s ]
INFO: [ view_parse ] --END-- [ RunTime:0.009597s ]
INFO: [ view_filter ] --START--
INFO: ContentReplace Behavior ::run [ RunTime:0.000194s ]
INFO: TokenBuild Behavior ::run [ RunTime:0.000194s ]
INFO: WriteHtmlCache Behavior ::run [ RunTime:0.000120s ]
INFO: ShowRuntime Behavior ::run [ RunTime:0.000224s ]
INFO: [ view_filter ] --END-- [ RunTime:0.000853s ]
INFO: [ view_end ] --START--
INFO: ShowPageTrace Behavior ::run [ RunTime:0.000328s ]
INFO: [ view_end ] --END-- [ RunTime:0.000370s ]

[ 2018-12-26T14:05:01+08:00 ] 113.65.204.63 /user/userset/user_list.html
INFO: [ route_check ] --START--
INFO: CheckRoute Behavior ::run [ RunTime:0.000458s ]
INFO: [ route_check ] --END-- [ RunTime:0.000535s ]
INFO: [ app_begin ] --START--
INFO: ReadHtmlCache Behavior ::run [ RunTime:0.000295s ]
INFO: [ app_begin ] --END-- [ RunTime:0.000345s ]
SQL: SHOW COLUMNS FROM `fm_user` [ RunTime:0.000694s ]
SQL: SELECT * FROM `fm_user` WHERE ( `id` = 47 ) AND ( `status` = 1 ) LIMIT 1   [ RunTime:0.000155s ]
SQL: SHOW COLUMNS FROM `fm_staff` [ RunTime:0.000550s ]
NOTIC: [8] Undefined index: order /home/www/myhfm/App/Application/User/Action/UsersetAction.class.php 第 146 行.
NOTIC: [8] Use of undefined constant PAGE_NUM - assumed 'PAGE_NUM' /home/www/myhfm/App/Application/User/Action/UsersetAction.class.php 第 158 行.
SQL: SELECT COUNT(*) AS tp_count FROM `fm_staff` WHERE ( `tel` LIKE '%15975535694%' ) LIMIT 1   [ RunTime:0.002054s ]
SQL: SELECT * FROM `fm_staff` WHERE ( `tel` LIKE '%15975535694%' ) ORDER BY id desc  [ RunTime:0.003866s ]
INFO: [ view_parse ] --START--
NOTIC: [8] Use of undefined constant starttime - assumed 'starttime' /home/www/myhfm/App/Runtime/Cache/User/6b7fc4a0e6e78c19e861489fe7a3bfc6.php 第 46 行.
NOTIC: [8] Undefined variable: bdate /home/www/myhfm/App/Runtime/Cache/User/6b7fc4a0e6e78c19e861489fe7a3bfc6.php 第 46 行.
NOTIC: [8] Undefined variable: edate /home/www/myhfm/App/Runtime/Cache/User/6b7fc4a0e6e78c19e861489fe7a3bfc6.php 第 51 行.
NOTIC: [8] Use of undefined constant sex - assumed 'sex' /home/www/myhfm/App/Runtime/Cache/User/6b7fc4a0e6e78c19e861489fe7a3bfc6.php 第 105 行.
NOTIC: [8] Undefined index: wechat /home/www/myhfm/App/Runtime/Cache/User/6b7fc4a0e6e78c19e861489fe7a3bfc6.php 第 108 行.
NOTIC: [8] Undefined index: qq /home/www/myhfm/App/Runtime/Cache/User/6b7fc4a0e6e78c19e861489fe7a3bfc6.php 第 109 行.
NOTIC: [8] Undefined index: job /home/www/myhfm/App/Runtime/Cache/User/6b7fc4a0e6e78c19e861489fe7a3bfc6.php 第 110 行.
NOTIC: [8] Undefined variable: order /home/www/myhfm/App/Runtime/Cache/User/6b7fc4a0e6e78c19e861489fe7a3bfc6.php 第 153 行.
INFO: ParseTemplate Behavior ::run [ RunTime:0.009636s ]
INFO: [ view_parse ] --END-- [ RunTime:0.009686s ]
INFO: [ view_filter ] --START--
INFO: ContentReplace Behavior ::run [ RunTime:0.000196s ]
INFO: TokenBuild Behavior ::run [ RunTime:0.000194s ]
INFO: WriteHtmlCache Behavior ::run [ RunTime:0.000111s ]
INFO: ShowRuntime Behavior ::run [ RunTime:0.000225s ]
INFO: [ view_filter ] --END-- [ RunTime:0.000847s ]
INFO: [ view_end ] --START--
INFO: ShowPageTrace Behavior ::run [ RunTime:0.000338s ]
INFO: [ view_end ] --END-- [ RunTime:0.000380s ]

[ 2018-12-26T14:30:55+08:00 ] 113.65.204.63 /user/userset/user_list.html
INFO: [ route_check ] --START--
INFO: CheckRoute Behavior ::run [ RunTime:0.000462s ]
INFO: [ route_check ] --END-- [ RunTime:0.000523s ]
INFO: [ app_begin ] --START--
INFO: ReadHtmlCache Behavior ::run [ RunTime:0.000295s ]
INFO: [ app_begin ] --END-- [ RunTime:0.000344s ]
SQL: SHOW COLUMNS FROM `fm_user` [ RunTime:0.000689s ]
SQL: SELECT * FROM `fm_user` WHERE ( `id` = 47 ) AND ( `status` = 1 ) LIMIT 1   [ RunTime:0.000180s ]
SQL: SHOW COLUMNS FROM `fm_staff` [ RunTime:0.000550s ]
NOTIC: [8] Undefined index: order /home/www/myhfm/App/Application/User/Action/UsersetAction.class.php 第 146 行.
NOTIC: [8] Use of undefined constant PAGE_NUM - assumed 'PAGE_NUM' /home/www/myhfm/App/Application/User/Action/UsersetAction.class.php 第 158 行.
SQL: SELECT COUNT(*) AS tp_count FROM `fm_staff` WHERE ( `tel` LIKE '%13711326437%' ) LIMIT 1   [ RunTime:0.002081s ]
SQL: SELECT * FROM `fm_staff` WHERE ( `tel` LIKE '%13711326437%' ) ORDER BY id desc  [ RunTime:0.003890s ]
NOTIC: [2] Invalid argument supplied for foreach() /home/www/myhfm/App/Application/User/Action/UsersetAction.class.php 第 166 行.
NOTIC: [2] Invalid argument supplied for foreach() /home/www/myhfm/App/Application/User/Action/UsersetAction.class.php 第 171 行.
INFO: [ view_parse ] --START--
NOTIC: [8] Use of undefined constant starttime - assumed 'starttime' /home/www/myhfm/App/Runtime/Cache/User/6b7fc4a0e6e78c19e861489fe7a3bfc6.php 第 46 行.
NOTIC: [8] Undefined variable: bdate /home/www/myhfm/App/Runtime/Cache/User/6b7fc4a0e6e78c19e861489fe7a3bfc6.php 第 46 行.
NOTIC: [8] Undefined variable: edate /home/www/myhfm/App/Runtime/Cache/User/6b7fc4a0e6e78c19e861489fe7a3bfc6.php 第 51 行.
NOTIC: [8] Undefined variable: order /home/www/myhfm/App/Runtime/Cache/User/6b7fc4a0e6e78c19e861489fe7a3bfc6.php 第 153 行.
INFO: ParseTemplate Behavior ::run [ RunTime:0.009337s ]
INFO: [ view_parse ] --END-- [ RunTime:0.009384s ]
INFO: [ view_filter ] --START--
INFO: ContentReplace Behavior ::run [ RunTime:0.000203s ]
INFO: TokenBuild Behavior ::run [ RunTime:0.000193s ]
INFO: WriteHtmlCache Behavior ::run [ RunTime:0.000110s ]
INFO: ShowRuntime Behavior ::run [ RunTime:0.000223s ]
INFO: [ view_filter ] --END-- [ RunTime:0.000848s ]
INFO: [ view_end ] --START--
INFO: ShowPageTrace Behavior ::run [ RunTime:0.000334s ]
INFO: [ view_end ] --END-- [ RunTime:0.000376s ]

