[ 2018-12-18T02:19:19+08:00 ] 210.21.234.57 /
INFO: [ app_begin ] --START--
INFO: ReadHtmlCache Behavior ::run [ RunTime:0.000301s ]
INFO: [ app_begin ] --END-- [ RunTime:0.000377s ]
NOTIC: [8192] Function ereg() is deprecated /home/www/myhfm/App/Application/Kw/Action/IndexAction.class.php 第 243 行.
NOTIC: [8192] Function ereg() is deprecated /home/www/myhfm/App/Application/Kw/Action/IndexAction.class.php 第 246 行.
NOTIC: [8192] Function ereg() is deprecated /home/www/myhfm/App/Application/Kw/Action/IndexAction.class.php 第 249 行.
NOTIC: [8192] Function ereg() is deprecated /home/www/myhfm/App/Application/Kw/Action/IndexAction.class.php 第 252 行.
NOTIC: [8192] Function ereg() is deprecated /home/www/myhfm/App/Application/Kw/Action/IndexAction.class.php 第 255 行.
NOTIC: [8] Undefined variable: browserplatform /home/www/myhfm/App/Application/Kw/Action/IndexAction.class.php 第 267 行.
NOTIC: [8192] Function eregi() is deprecated /home/www/myhfm/App/Application/Kw/Action/IndexAction.class.php 第 268 行.
NOTIC: [8192] Function eregi() is deprecated /home/www/myhfm/App/Application/Kw/Action/IndexAction.class.php 第 270 行.
NOTIC: [8192] Function eregi() is deprecated /home/www/myhfm/App/Application/Kw/Action/IndexAction.class.php 第 272 行.
NOTIC: [8192] Function eregi() is deprecated /home/www/myhfm/App/Application/Kw/Action/IndexAction.class.php 第 274 行.
NOTIC: [8192] Function eregi() is deprecated /home/www/myhfm/App/Application/Kw/Action/IndexAction.class.php 第 276 行.
NOTIC: [8192] Function eregi() is deprecated /home/www/myhfm/App/Application/Kw/Action/IndexAction.class.php 第 278 行.
NOTIC: [8192] Function eregi() is deprecated /home/www/myhfm/App/Application/Kw/Action/IndexAction.class.php 第 280 行.
NOTIC: [8192] Function eregi() is deprecated /home/www/myhfm/App/Application/Kw/Action/IndexAction.class.php 第 282 行.
NOTIC: [8192] Function eregi() is deprecated /home/www/myhfm/App/Application/Kw/Action/IndexAction.class.php 第 284 行.
NOTIC: [8192] Function eregi() is deprecated /home/www/myhfm/App/Application/Kw/Action/IndexAction.class.php 第 286 行.
NOTIC: [8192] Function eregi() is deprecated /home/www/myhfm/App/Application/Kw/Action/IndexAction.class.php 第 288 行.
NOTIC: [8192] Function eregi() is deprecated /home/www/myhfm/App/Application/Kw/Action/IndexAction.class.php 第 290 行.
NOTIC: [8192] Function eregi() is deprecated /home/www/myhfm/App/Application/Kw/Action/IndexAction.class.php 第 292 行.
NOTIC: [8192] Function eregi() is deprecated /home/www/myhfm/App/Application/Kw/Action/IndexAction.class.php 第 294 行.
NOTIC: [8192] Function eregi() is deprecated /home/www/myhfm/App/Application/Kw/Action/IndexAction.class.php 第 296 行.
NOTIC: [8192] Function eregi() is deprecated /home/www/myhfm/App/Application/Kw/Action/IndexAction.class.php 第 298 行.
NOTIC: [8192] Function eregi() is deprecated /home/www/myhfm/App/Application/Kw/Action/IndexAction.class.php 第 300 行.
NOTIC: [8192] Function eregi() is deprecated /home/www/myhfm/App/Application/Kw/Action/IndexAction.class.php 第 302 行.
NOTIC: [8192] Function eregi() is deprecated /home/www/myhfm/App/Application/Kw/Action/IndexAction.class.php 第 304 行.
NOTIC: [8192] Function eregi() is deprecated /home/www/myhfm/App/Application/Kw/Action/IndexAction.class.php 第 306 行.
NOTIC: [8192] Function ereg() is deprecated /home/www/myhfm/App/Application/Kw/Action/IndexAction.class.php 第 308 行.
NOTIC: [8192] Function ereg() is deprecated /home/www/myhfm/App/Application/Kw/Action/IndexAction.class.php 第 310 行.
NOTIC: [8192] Function eregi() is deprecated /home/www/myhfm/App/Application/Kw/Action/IndexAction.class.php 第 312 行.
NOTIC: [8] Undefined variable: browserplatform /home/www/myhfm/App/Application/Kw/Action/IndexAction.class.php 第 315 行.
SQL: SHOW COLUMNS FROM `fm_user_temp` [ RunTime:0.000502s ]
SQL: SELECT * FROM `fm_user_temp` WHERE ( sign='' ) LIMIT 1   [ RunTime:0.000172s ]

[ 2018-12-18T15:03:39+08:00 ] 59.36.119.227 /user
INFO: [ route_check ] --START--
INFO: CheckRoute Behavior ::run [ RunTime:0.000452s ]
INFO: [ route_check ] --END-- [ RunTime:0.000532s ]
INFO: [ app_begin ] --START--
INFO: ReadHtmlCache Behavior ::run [ RunTime:0.000301s ]
INFO: [ app_begin ] --END-- [ RunTime:0.000351s ]

[ 2018-12-18T15:03:39+08:00 ] 59.36.119.227 /user/login/login.html
INFO: [ route_check ] --START--
INFO: CheckRoute Behavior ::run [ RunTime:0.000451s ]
INFO: [ route_check ] --END-- [ RunTime:0.000524s ]
INFO: [ app_begin ] --START--
INFO: ReadHtmlCache Behavior ::run [ RunTime:0.000296s ]
INFO: [ app_begin ] --END-- [ RunTime:0.000344s ]
INFO: [ view_parse ] --START--
INFO: ParseTemplate Behavior ::run [ RunTime:0.005029s ]
INFO: [ view_parse ] --END-- [ RunTime:0.005084s ]
INFO: [ view_filter ] --START--
INFO: ContentReplace Behavior ::run [ RunTime:0.000192s ]
INFO: TokenBuild Behavior ::run [ RunTime:0.000195s ]
INFO: WriteHtmlCache Behavior ::run [ RunTime:0.000121s ]
INFO: ShowRuntime Behavior ::run [ RunTime:0.000243s ]
INFO: [ view_filter ] --END-- [ RunTime:0.000870s ]
INFO: [ view_end ] --START--
INFO: ShowPageTrace Behavior ::run [ RunTime:0.000336s ]
INFO: [ view_end ] --END-- [ RunTime:0.000378s ]

[ 2018-12-18T22:51:45+08:00 ] 210.21.234.58 /
INFO: [ app_begin ] --START--
INFO: ReadHtmlCache Behavior ::run [ RunTime:0.000306s ]
INFO: [ app_begin ] --END-- [ RunTime:0.000382s ]
NOTIC: [8192] Function ereg() is deprecated /home/www/myhfm/App/Application/Kw/Action/IndexAction.class.php 第 243 行.
NOTIC: [8192] Function ereg() is deprecated /home/www/myhfm/App/Application/Kw/Action/IndexAction.class.php 第 246 行.
NOTIC: [8192] Function ereg() is deprecated /home/www/myhfm/App/Application/Kw/Action/IndexAction.class.php 第 249 行.
NOTIC: [8192] Function ereg() is deprecated /home/www/myhfm/App/Application/Kw/Action/IndexAction.class.php 第 252 行.
NOTIC: [8192] Function ereg() is deprecated /home/www/myhfm/App/Application/Kw/Action/IndexAction.class.php 第 255 行.
NOTIC: [8] Undefined variable: browserplatform /home/www/myhfm/App/Application/Kw/Action/IndexAction.class.php 第 267 行.
NOTIC: [8192] Function eregi() is deprecated /home/www/myhfm/App/Application/Kw/Action/IndexAction.class.php 第 268 行.
NOTIC: [8192] Function eregi() is deprecated /home/www/myhfm/App/Application/Kw/Action/IndexAction.class.php 第 270 行.
NOTIC: [8192] Function eregi() is deprecated /home/www/myhfm/App/Application/Kw/Action/IndexAction.class.php 第 272 行.
NOTIC: [8192] Function eregi() is deprecated /home/www/myhfm/App/Application/Kw/Action/IndexAction.class.php 第 274 行.
NOTIC: [8192] Function eregi() is deprecated /home/www/myhfm/App/Application/Kw/Action/IndexAction.class.php 第 276 行.
NOTIC: [8192] Function eregi() is deprecated /home/www/myhfm/App/Application/Kw/Action/IndexAction.class.php 第 278 行.
NOTIC: [8192] Function eregi() is deprecated /home/www/myhfm/App/Application/Kw/Action/IndexAction.class.php 第 280 行.
NOTIC: [8192] Function eregi() is deprecated /home/www/myhfm/App/Application/Kw/Action/IndexAction.class.php 第 282 行.
NOTIC: [8192] Function eregi() is deprecated /home/www/myhfm/App/Application/Kw/Action/IndexAction.class.php 第 284 行.
NOTIC: [8192] Function eregi() is deprecated /home/www/myhfm/App/Application/Kw/Action/IndexAction.class.php 第 286 行.
NOTIC: [8192] Function eregi() is deprecated /home/www/myhfm/App/Application/Kw/Action/IndexAction.class.php 第 288 行.
NOTIC: [8192] Function eregi() is deprecated /home/www/myhfm/App/Application/Kw/Action/IndexAction.class.php 第 290 行.
NOTIC: [8192] Function eregi() is deprecated /home/www/myhfm/App/Application/Kw/Action/IndexAction.class.php 第 292 行.
NOTIC: [8192] Function eregi() is deprecated /home/www/myhfm/App/Application/Kw/Action/IndexAction.class.php 第 294 行.
NOTIC: [8192] Function eregi() is deprecated /home/www/myhfm/App/Application/Kw/Action/IndexAction.class.php 第 296 行.
NOTIC: [8192] Function eregi() is deprecated /home/www/myhfm/App/Application/Kw/Action/IndexAction.class.php 第 298 行.
NOTIC: [8192] Function eregi() is deprecated /home/www/myhfm/App/Application/Kw/Action/IndexAction.class.php 第 300 行.
NOTIC: [8192] Function eregi() is deprecated /home/www/myhfm/App/Application/Kw/Action/IndexAction.class.php 第 302 行.
NOTIC: [8192] Function eregi() is deprecated /home/www/myhfm/App/Application/Kw/Action/IndexAction.class.php 第 304 行.
NOTIC: [8192] Function eregi() is deprecated /home/www/myhfm/App/Application/Kw/Action/IndexAction.class.php 第 306 行.
NOTIC: [8192] Function ereg() is deprecated /home/www/myhfm/App/Application/Kw/Action/IndexAction.class.php 第 308 行.
NOTIC: [8192] Function ereg() is deprecated /home/www/myhfm/App/Application/Kw/Action/IndexAction.class.php 第 310 行.
NOTIC: [8192] Function eregi() is deprecated /home/www/myhfm/App/Application/Kw/Action/IndexAction.class.php 第 312 行.
NOTIC: [8] Undefined variable: browserplatform /home/www/myhfm/App/Application/Kw/Action/IndexAction.class.php 第 315 行.
SQL: SHOW COLUMNS FROM `fm_user_temp` [ RunTime:0.000547s ]
SQL: SELECT * FROM `fm_user_temp` WHERE ( sign='' ) LIMIT 1   [ RunTime:0.000167s ]

