[ 2019-02-18T10:45:55+08:00 ] 113.67.72.184 /user
INFO: [ route_check ] --START--
INFO: CheckRoute Behavior ::run [ RunTime:0.000471s ]
INFO: [ route_check ] --END-- [ RunTime:0.000534s ]
INFO: [ app_begin ] --START--
INFO: ReadHtmlCache Behavior ::run [ RunTime:0.000313s ]
INFO: [ app_begin ] --END-- [ RunTime:0.000360s ]

[ 2019-02-18T10:45:55+08:00 ] 113.67.72.184 /user/login/login.html
INFO: [ route_check ] --START--
INFO: CheckRoute Behavior ::run [ RunTime:0.000487s ]
INFO: [ route_check ] --END-- [ RunTime:0.000548s ]
INFO: [ app_begin ] --START--
INFO: ReadHtmlCache Behavior ::run [ RunTime:0.000304s ]
INFO: [ app_begin ] --END-- [ RunTime:0.000352s ]
INFO: [ view_parse ] --START--
INFO: ParseTemplate Behavior ::run [ RunTime:0.004868s ]
INFO: [ view_parse ] --END-- [ RunTime:0.004921s ]
INFO: [ view_filter ] --START--
INFO: ContentReplace Behavior ::run [ RunTime:0.000201s ]
INFO: TokenBuild Behavior ::run [ RunTime:0.000206s ]
INFO: WriteHtmlCache Behavior ::run [ RunTime:0.000124s ]
INFO: ShowRuntime Behavior ::run [ RunTime:0.000249s ]
INFO: [ view_filter ] --END-- [ RunTime:0.000902s ]
INFO: [ view_end ] --START--
INFO: ShowPageTrace Behavior ::run [ RunTime:0.000345s ]
INFO: [ view_end ] --END-- [ RunTime:0.000388s ]

[ 2019-02-18T10:45:55+08:00 ] 113.67.72.184 /user/login/vertify.html
INFO: [ route_check ] --START--
INFO: CheckRoute Behavior ::run [ RunTime:0.000457s ]
INFO: [ route_check ] --END-- [ RunTime:0.000516s ]
INFO: [ app_begin ] --START--
INFO: ReadHtmlCache Behavior ::run [ RunTime:0.000306s ]
INFO: [ app_begin ] --END-- [ RunTime:0.000352s ]

[ 2019-02-18T10:45:55+08:00 ] 113.67.72.184 /static/common/inspinia/css/plugins/awesome-bootstrap-checkbox/awesome-bootstrap-checkbox.css
INFO: [ route_check ] --START--
INFO: CheckRoute Behavior ::run [ RunTime:0.000455s ]
INFO: [ route_check ] --END-- [ RunTime:0.000514s ]
INFO: [ app_begin ] --START--
INFO: ReadHtmlCache Behavior ::run [ RunTime:0.000305s ]
INFO: [ app_begin ] --END-- [ RunTime:0.000354s ]
ERR: 无法加载模块:Static

[ 2019-02-18T10:45:56+08:00 ] 113.67.72.184 /user/login/vertify?rand=9
INFO: [ route_check ] --START--
INFO: CheckRoute Behavior ::run [ RunTime:0.000453s ]
INFO: [ route_check ] --END-- [ RunTime:0.000511s ]
INFO: [ app_begin ] --START--
INFO: ReadHtmlCache Behavior ::run [ RunTime:0.000304s ]
INFO: [ app_begin ] --END-- [ RunTime:0.000352s ]

[ 2019-02-18T16:46:29+08:00 ] 113.67.75.200 /user
INFO: [ route_check ] --START--
INFO: CheckRoute Behavior ::run [ RunTime:0.000453s ]
INFO: [ route_check ] --END-- [ RunTime:0.000516s ]
INFO: [ app_begin ] --START--
INFO: ReadHtmlCache Behavior ::run [ RunTime:0.000300s ]
INFO: [ app_begin ] --END-- [ RunTime:0.000354s ]

[ 2019-02-18T16:46:29+08:00 ] 113.67.75.200 /user/login/login.html
INFO: [ route_check ] --START--
INFO: CheckRoute Behavior ::run [ RunTime:0.000461s ]
INFO: [ route_check ] --END-- [ RunTime:0.000519s ]
INFO: [ app_begin ] --START--
INFO: ReadHtmlCache Behavior ::run [ RunTime:0.000293s ]
INFO: [ app_begin ] --END-- [ RunTime:0.000341s ]
INFO: [ view_parse ] --START--
INFO: ParseTemplate Behavior ::run [ RunTime:0.004824s ]
INFO: [ view_parse ] --END-- [ RunTime:0.004877s ]
INFO: [ view_filter ] --START--
INFO: ContentReplace Behavior ::run [ RunTime:0.000191s ]
INFO: TokenBuild Behavior ::run [ RunTime:0.000190s ]
INFO: WriteHtmlCache Behavior ::run [ RunTime:0.000113s ]
INFO: ShowRuntime Behavior ::run [ RunTime:0.000237s ]
INFO: [ view_filter ] --END-- [ RunTime:0.000854s ]
INFO: [ view_end ] --START--
INFO: ShowPageTrace Behavior ::run [ RunTime:0.000331s ]
INFO: [ view_end ] --END-- [ RunTime:0.000374s ]

[ 2019-02-18T16:46:29+08:00 ] 113.67.75.200 /static/common/inspinia/css/plugins/awesome-bootstrap-checkbox/awesome-bootstrap-checkbox.css
INFO: [ route_check ] --START--
INFO: CheckRoute Behavior ::run [ RunTime:0.000474s ]
INFO: [ route_check ] --END-- [ RunTime:0.000532s ]
INFO: [ app_begin ] --START--
INFO: ReadHtmlCache Behavior ::run [ RunTime:0.000303s ]
INFO: [ app_begin ] --END-- [ RunTime:0.000354s ]
ERR: 无法加载模块:Static

[ 2019-02-18T16:46:29+08:00 ] 113.67.75.200 /user/login/vertify.html
INFO: [ route_check ] --START--
INFO: CheckRoute Behavior ::run [ RunTime:0.000458s ]
INFO: [ route_check ] --END-- [ RunTime:0.000516s ]
INFO: [ app_begin ] --START--
INFO: ReadHtmlCache Behavior ::run [ RunTime:0.000307s ]
INFO: [ app_begin ] --END-- [ RunTime:0.000354s ]

[ 2019-02-18T16:46:29+08:00 ] 113.67.75.200 /user/login/vertify?rand=69
INFO: [ route_check ] --START--
INFO: CheckRoute Behavior ::run [ RunTime:0.000452s ]
INFO: [ route_check ] --END-- [ RunTime:0.000515s ]
INFO: [ app_begin ] --START--
INFO: ReadHtmlCache Behavior ::run [ RunTime:0.000305s ]
INFO: [ app_begin ] --END-- [ RunTime:0.000351s ]

[ 2019-02-18T16:47:05+08:00 ] 113.67.75.200 /user/login/login.html
INFO: [ route_check ] --START--
INFO: CheckRoute Behavior ::run [ RunTime:0.000459s ]
INFO: [ route_check ] --END-- [ RunTime:0.000530s ]
INFO: [ app_begin ] --START--
INFO: ReadHtmlCache Behavior ::run [ RunTime:0.000307s ]
INFO: [ app_begin ] --END-- [ RunTime:0.000351s ]
SQL: SHOW COLUMNS FROM `fm_user` [ RunTime:0.000673s ]
SQL: SELECT * FROM `fm_user` WHERE ( `username` = 'ltgj2018' ) AND ( `status` = 1 ) LIMIT 1   [ RunTime:0.000167s ]
SQL: SELECT `id` FROM `fm_user` WHERE ( `username` = 'ltgj2018' ) AND ( `password` = '3ad72e9cc4471b04fe72026181b3adca' ) AND ( `last_time` >= '2019-02-18' ) AND ( `status` = 1 ) LIMIT 1   [ RunTime:0.000124s ]

[ 2019-02-18T16:47:05+08:00 ] 113.67.75.200 /user/login/vertify?rand=58
INFO: [ route_check ] --START--
INFO: CheckRoute Behavior ::run [ RunTime:0.000459s ]
INFO: [ route_check ] --END-- [ RunTime:0.000517s ]
INFO: [ app_begin ] --START--
INFO: ReadHtmlCache Behavior ::run [ RunTime:0.000302s ]
INFO: [ app_begin ] --END-- [ RunTime:0.000350s ]

[ 2019-02-18T16:47:10+08:00 ] 113.67.75.200 /user/login/login.html
INFO: [ route_check ] --START--
INFO: CheckRoute Behavior ::run [ RunTime:0.000457s ]
INFO: [ route_check ] --END-- [ RunTime:0.000515s ]
INFO: [ app_begin ] --START--
INFO: ReadHtmlCache Behavior ::run [ RunTime:0.000305s ]
INFO: [ app_begin ] --END-- [ RunTime:0.000349s ]
SQL: SHOW COLUMNS FROM `fm_user` [ RunTime:0.000626s ]
SQL: SELECT * FROM `fm_user` WHERE ( `username` = 'ltgj2018' ) AND ( `status` = 1 ) LIMIT 1   [ RunTime:0.000148s ]
SQL: SELECT `id` FROM `fm_user` WHERE ( `username` = 'ltgj2018' ) AND ( `password` = '3ad72e9cc4471b04fe72026181b3adca' ) AND ( `last_time` >= '2019-02-18' ) AND ( `status` = 1 ) LIMIT 1   [ RunTime:0.000116s ]

[ 2019-02-18T16:47:10+08:00 ] 113.67.75.200 /user/login/vertify?rand=70
INFO: [ route_check ] --START--
INFO: CheckRoute Behavior ::run [ RunTime:0.000462s ]
INFO: [ route_check ] --END-- [ RunTime:0.000519s ]
INFO: [ app_begin ] --START--
INFO: ReadHtmlCache Behavior ::run [ RunTime:0.000299s ]
INFO: [ app_begin ] --END-- [ RunTime:0.000347s ]

[ 2019-02-18T16:47:15+08:00 ] 113.67.75.200 /user/login/login.html
INFO: [ route_check ] --START--
INFO: CheckRoute Behavior ::run [ RunTime:0.000454s ]
INFO: [ route_check ] --END-- [ RunTime:0.000512s ]
INFO: [ app_begin ] --START--
INFO: ReadHtmlCache Behavior ::run [ RunTime:0.000304s ]
INFO: [ app_begin ] --END-- [ RunTime:0.000348s ]
SQL: SHOW COLUMNS FROM `fm_user` [ RunTime:0.000632s ]
SQL: SELECT * FROM `fm_user` WHERE ( `username` = 'ltgj2018' ) AND ( `status` = 1 ) LIMIT 1   [ RunTime:0.000151s ]
SQL: SELECT `id` FROM `fm_user` WHERE ( `username` = 'ltgj2018' ) AND ( `password` = '3ad72e9cc4471b04fe72026181b3adca' ) AND ( `last_time` >= '2019-02-18' ) AND ( `status` = 1 ) LIMIT 1   [ RunTime:0.000123s ]

[ 2019-02-18T16:47:15+08:00 ] 113.67.75.200 /user/login/vertify?rand=78
INFO: [ route_check ] --START--
INFO: CheckRoute Behavior ::run [ RunTime:0.000462s ]
INFO: [ route_check ] --END-- [ RunTime:0.000520s ]
INFO: [ app_begin ] --START--
INFO: ReadHtmlCache Behavior ::run [ RunTime:0.000303s ]
INFO: [ app_begin ] --END-- [ RunTime:0.000350s ]

[ 2019-02-18T16:47:23+08:00 ] 113.67.75.200 /user/login/login.html
INFO: [ route_check ] --START--
INFO: CheckRoute Behavior ::run [ RunTime:0.000454s ]
INFO: [ route_check ] --END-- [ RunTime:0.000512s ]
INFO: [ app_begin ] --START--
INFO: ReadHtmlCache Behavior ::run [ RunTime:0.000309s ]
INFO: [ app_begin ] --END-- [ RunTime:0.000353s ]
SQL: SHOW COLUMNS FROM `fm_user` [ RunTime:0.000612s ]
SQL: SELECT * FROM `fm_user` WHERE ( `username` = 'ltgj2018' ) AND ( `status` = 1 ) LIMIT 1   [ RunTime:0.000151s ]
SQL: SELECT `id` FROM `fm_user` WHERE ( `username` = 'ltgj2018' ) AND ( `password` = '3ad72e9cc4471b04fe72026181b3adca' ) AND ( `last_time` >= '2019-02-18' ) AND ( `status` = 1 ) LIMIT 1   [ RunTime:0.000146s ]

[ 2019-02-18T16:47:23+08:00 ] 113.67.75.200 /user/login/vertify?rand=82
INFO: [ route_check ] --START--
INFO: CheckRoute Behavior ::run [ RunTime:0.000461s ]
INFO: [ route_check ] --END-- [ RunTime:0.000519s ]
INFO: [ app_begin ] --START--
INFO: ReadHtmlCache Behavior ::run [ RunTime:0.000303s ]
INFO: [ app_begin ] --END-- [ RunTime:0.000350s ]

[ 2019-02-18T16:47:29+08:00 ] 113.67.75.200 /user/login/login.html
INFO: [ route_check ] --START--
INFO: CheckRoute Behavior ::run [ RunTime:0.000466s ]
INFO: [ route_check ] --END-- [ RunTime:0.000524s ]
INFO: [ app_begin ] --START--
INFO: ReadHtmlCache Behavior ::run [ RunTime:0.000311s ]
INFO: [ app_begin ] --END-- [ RunTime:0.000355s ]

[ 2019-02-18T16:47:29+08:00 ] 113.67.75.200 /user/login/vertify?rand=57
INFO: [ route_check ] --START--
INFO: CheckRoute Behavior ::run [ RunTime:0.000466s ]
INFO: [ route_check ] --END-- [ RunTime:0.000524s ]
INFO: [ app_begin ] --START--
INFO: ReadHtmlCache Behavior ::run [ RunTime:0.000304s ]
INFO: [ app_begin ] --END-- [ RunTime:0.000351s ]

[ 2019-02-18T16:47:35+08:00 ] 113.67.75.200 /user/login/login.html
INFO: [ route_check ] --START--
INFO: CheckRoute Behavior ::run [ RunTime:0.000463s ]
INFO: [ route_check ] --END-- [ RunTime:0.000520s ]
INFO: [ app_begin ] --START--
INFO: ReadHtmlCache Behavior ::run [ RunTime:0.000305s ]
INFO: [ app_begin ] --END-- [ RunTime:0.000349s ]
SQL: SHOW COLUMNS FROM `fm_user` [ RunTime:0.000668s ]
SQL: SELECT * FROM `fm_user` WHERE ( `username` = 'ltgj2018' ) AND ( `status` = 1 ) LIMIT 1   [ RunTime:0.000163s ]
SQL: SELECT `id` FROM `fm_user` WHERE ( `username` = 'ltgj2018' ) AND ( `password` = '3ad72e9cc4471b04fe72026181b3adca' ) AND ( `last_time` >= '2019-02-18' ) AND ( `status` = 1 ) LIMIT 1   [ RunTime:0.000145s ]

[ 2019-02-18T16:47:35+08:00 ] 113.67.75.200 /user/login/vertify?rand=57
INFO: [ route_check ] --START--
INFO: CheckRoute Behavior ::run [ RunTime:0.000448s ]
INFO: [ route_check ] --END-- [ RunTime:0.000507s ]
INFO: [ app_begin ] --START--
INFO: ReadHtmlCache Behavior ::run [ RunTime:0.000296s ]
INFO: [ app_begin ] --END-- [ RunTime:0.000344s ]

[ 2019-02-18T16:47:41+08:00 ] 113.67.75.200 /user/login/login.html
INFO: [ route_check ] --START--
INFO: CheckRoute Behavior ::run [ RunTime:0.000459s ]
INFO: [ route_check ] --END-- [ RunTime:0.000518s ]
INFO: [ app_begin ] --START--
INFO: ReadHtmlCache Behavior ::run [ RunTime:0.000312s ]
INFO: [ app_begin ] --END-- [ RunTime:0.000356s ]
SQL: SHOW COLUMNS FROM `fm_user` [ RunTime:0.015820s ]
SQL: SELECT * FROM `fm_user` WHERE ( `username` = 'ltgj2018' ) AND ( `status` = 1 ) LIMIT 1   [ RunTime:0.000167s ]
SQL: SELECT `id` FROM `fm_user` WHERE ( `username` = 'ltgj2018' ) AND ( `password` = '3ad72e9cc4471b04fe72026181b3adca' ) AND ( `last_time` >= '2019-02-18' ) AND ( `status` = 1 ) LIMIT 1   [ RunTime:0.000123s ]

[ 2019-02-18T16:47:41+08:00 ] 113.67.75.200 /user/login/vertify?rand=93
INFO: [ route_check ] --START--
INFO: CheckRoute Behavior ::run [ RunTime:0.000450s ]
INFO: [ route_check ] --END-- [ RunTime:0.000513s ]
INFO: [ app_begin ] --START--
INFO: ReadHtmlCache Behavior ::run [ RunTime:0.000304s ]
INFO: [ app_begin ] --END-- [ RunTime:0.000352s ]

[ 2019-02-18T16:47:47+08:00 ] 113.67.75.200 /user/login/login.html
INFO: [ route_check ] --START--
INFO: CheckRoute Behavior ::run [ RunTime:0.000451s ]
INFO: [ route_check ] --END-- [ RunTime:0.000511s ]
INFO: [ app_begin ] --START--
INFO: ReadHtmlCache Behavior ::run [ RunTime:0.000298s ]
INFO: [ app_begin ] --END-- [ RunTime:0.000341s ]
SQL: SHOW COLUMNS FROM `fm_user` [ RunTime:0.000658s ]
SQL: SELECT * FROM `fm_user` WHERE ( `username` = 'ltgj2018' ) AND ( `status` = 1 ) LIMIT 1   [ RunTime:0.000200s ]
SQL: SELECT `id` FROM `fm_user` WHERE ( `username` = 'ltgj2018' ) AND ( `password` = '3ad72e9cc4471b04fe72026181b3adca' ) AND ( `last_time` >= '2019-02-18' ) AND ( `status` = 1 ) LIMIT 1   [ RunTime:0.000149s ]

[ 2019-02-18T16:47:47+08:00 ] 113.67.75.200 /user/login/vertify?rand=89
INFO: [ route_check ] --START--
INFO: CheckRoute Behavior ::run [ RunTime:0.000465s ]
INFO: [ route_check ] --END-- [ RunTime:0.000523s ]
INFO: [ app_begin ] --START--
INFO: ReadHtmlCache Behavior ::run [ RunTime:0.000302s ]
INFO: [ app_begin ] --END-- [ RunTime:0.000348s ]

[ 2019-02-18T16:47:53+08:00 ] 113.67.75.200 /user/login/login.html
INFO: [ route_check ] --START--
INFO: CheckRoute Behavior ::run [ RunTime:0.000457s ]
INFO: [ route_check ] --END-- [ RunTime:0.000515s ]
INFO: [ app_begin ] --START--
INFO: ReadHtmlCache Behavior ::run [ RunTime:0.000313s ]
INFO: [ app_begin ] --END-- [ RunTime:0.000356s ]
SQL: SHOW COLUMNS FROM `fm_user` [ RunTime:0.000643s ]
SQL: SELECT * FROM `fm_user` WHERE ( `username` = 'ltgj2018' ) AND ( `status` = 1 ) LIMIT 1   [ RunTime:0.000150s ]
SQL: SELECT `id` FROM `fm_user` WHERE ( `username` = 'ltgj2018' ) AND ( `password` = '3ad72e9cc4471b04fe72026181b3adca' ) AND ( `last_time` >= '2019-02-18' ) AND ( `status` = 1 ) LIMIT 1   [ RunTime:0.000115s ]

[ 2019-02-18T16:47:53+08:00 ] 113.67.75.200 /user/login/vertify?rand=52
INFO: [ route_check ] --START--
INFO: CheckRoute Behavior ::run [ RunTime:0.000458s ]
INFO: [ route_check ] --END-- [ RunTime:0.000516s ]
INFO: [ app_begin ] --START--
INFO: ReadHtmlCache Behavior ::run [ RunTime:0.000303s ]
INFO: [ app_begin ] --END-- [ RunTime:0.000351s ]

[ 2019-02-18T16:47:59+08:00 ] 113.67.75.200 /user/login/login.html
INFO: [ route_check ] --START--
INFO: CheckRoute Behavior ::run [ RunTime:0.000466s ]
INFO: [ route_check ] --END-- [ RunTime:0.000524s ]
INFO: [ app_begin ] --START--
INFO: ReadHtmlCache Behavior ::run [ RunTime:0.000304s ]
INFO: [ app_begin ] --END-- [ RunTime:0.000348s ]
SQL: SHOW COLUMNS FROM `fm_user` [ RunTime:0.000619s ]
SQL: SELECT * FROM `fm_user` WHERE ( `username` = 'ltgj2018' ) AND ( `status` = 1 ) LIMIT 1   [ RunTime:0.000159s ]
SQL: SELECT `id` FROM `fm_user` WHERE ( `username` = 'ltgj2018' ) AND ( `password` = '3ad72e9cc4471b04fe72026181b3adca' ) AND ( `last_time` >= '2019-02-18' ) AND ( `status` = 1 ) LIMIT 1   [ RunTime:0.000149s ]

[ 2019-02-18T16:47:59+08:00 ] 113.67.75.200 /user/login/vertify?rand=41
INFO: [ route_check ] --START--
INFO: CheckRoute Behavior ::run [ RunTime:0.000451s ]
INFO: [ route_check ] --END-- [ RunTime:0.000508s ]
INFO: [ app_begin ] --START--
INFO: ReadHtmlCache Behavior ::run [ RunTime:0.000314s ]
INFO: [ app_begin ] --END-- [ RunTime:0.000363s ]

