[ 2019-02-24T01:36:08+08:00 ] 210.21.234.58 /
INFO: [ app_begin ] --START--
INFO: ReadHtmlCache Behavior ::run [ RunTime:0.000310s ]
INFO: [ app_begin ] --END-- [ RunTime:0.000369s ]
NOTIC: [8192] Function ereg() is deprecated /home/www/myhfm/App/Application/Kw/Action/IndexAction.class.php 第 243 行.
NOTIC: [8192] Function ereg() is deprecated /home/www/myhfm/App/Application/Kw/Action/IndexAction.class.php 第 246 行.
NOTIC: [8192] Function ereg() is deprecated /home/www/myhfm/App/Application/Kw/Action/IndexAction.class.php 第 249 行.
NOTIC: [8192] Function ereg() is deprecated /home/www/myhfm/App/Application/Kw/Action/IndexAction.class.php 第 252 行.
NOTIC: [8192] Function ereg() is deprecated /home/www/myhfm/App/Application/Kw/Action/IndexAction.class.php 第 255 行.
NOTIC: [8] Undefined variable: browserplatform /home/www/myhfm/App/Application/Kw/Action/IndexAction.class.php 第 267 行.
NOTIC: [8192] Function eregi() is deprecated /home/www/myhfm/App/Application/Kw/Action/IndexAction.class.php 第 268 行.
NOTIC: [8192] Function eregi() is deprecated /home/www/myhfm/App/Application/Kw/Action/IndexAction.class.php 第 270 行.
NOTIC: [8192] Function eregi() is deprecated /home/www/myhfm/App/Application/Kw/Action/IndexAction.class.php 第 272 行.
NOTIC: [8192] Function eregi() is deprecated /home/www/myhfm/App/Application/Kw/Action/IndexAction.class.php 第 274 行.
NOTIC: [8192] Function eregi() is deprecated /home/www/myhfm/App/Application/Kw/Action/IndexAction.class.php 第 276 行.
NOTIC: [8192] Function eregi() is deprecated /home/www/myhfm/App/Application/Kw/Action/IndexAction.class.php 第 278 行.
NOTIC: [8192] Function eregi() is deprecated /home/www/myhfm/App/Application/Kw/Action/IndexAction.class.php 第 280 行.
NOTIC: [8192] Function eregi() is deprecated /home/www/myhfm/App/Application/Kw/Action/IndexAction.class.php 第 282 行.
NOTIC: [8192] Function eregi() is deprecated /home/www/myhfm/App/Application/Kw/Action/IndexAction.class.php 第 284 行.
NOTIC: [8192] Function eregi() is deprecated /home/www/myhfm/App/Application/Kw/Action/IndexAction.class.php 第 286 行.
NOTIC: [8192] Function eregi() is deprecated /home/www/myhfm/App/Application/Kw/Action/IndexAction.class.php 第 288 行.
NOTIC: [8192] Function eregi() is deprecated /home/www/myhfm/App/Application/Kw/Action/IndexAction.class.php 第 290 行.
NOTIC: [8192] Function eregi() is deprecated /home/www/myhfm/App/Application/Kw/Action/IndexAction.class.php 第 292 行.
NOTIC: [8192] Function eregi() is deprecated /home/www/myhfm/App/Application/Kw/Action/IndexAction.class.php 第 294 行.
NOTIC: [8192] Function eregi() is deprecated /home/www/myhfm/App/Application/Kw/Action/IndexAction.class.php 第 296 行.
NOTIC: [8192] Function eregi() is deprecated /home/www/myhfm/App/Application/Kw/Action/IndexAction.class.php 第 298 行.
NOTIC: [8192] Function eregi() is deprecated /home/www/myhfm/App/Application/Kw/Action/IndexAction.class.php 第 300 行.
NOTIC: [8192] Function eregi() is deprecated /home/www/myhfm/App/Application/Kw/Action/IndexAction.class.php 第 302 行.
NOTIC: [8192] Function eregi() is deprecated /home/www/myhfm/App/Application/Kw/Action/IndexAction.class.php 第 304 行.
NOTIC: [8192] Function eregi() is deprecated /home/www/myhfm/App/Application/Kw/Action/IndexAction.class.php 第 306 行.
NOTIC: [8192] Function ereg() is deprecated /home/www/myhfm/App/Application/Kw/Action/IndexAction.class.php 第 308 行.
NOTIC: [8192] Function ereg() is deprecated /home/www/myhfm/App/Application/Kw/Action/IndexAction.class.php 第 310 行.
NOTIC: [8192] Function eregi() is deprecated /home/www/myhfm/App/Application/Kw/Action/IndexAction.class.php 第 312 行.
NOTIC: [8] Undefined variable: browserplatform /home/www/myhfm/App/Application/Kw/Action/IndexAction.class.php 第 315 行.
SQL: SHOW COLUMNS FROM `fm_user_temp` [ RunTime:0.000538s ]
SQL: SELECT * FROM `fm_user_temp` WHERE ( sign='' ) LIMIT 1   [ RunTime:0.000166s ]

[ 2019-02-24T08:57:24+08:00 ] 183.238.56.174 /user/index/index.html
INFO: [ route_check ] --START--
INFO: CheckRoute Behavior ::run [ RunTime:0.000473s ]
INFO: [ route_check ] --END-- [ RunTime:0.000536s ]
INFO: [ app_begin ] --START--
INFO: ReadHtmlCache Behavior ::run [ RunTime:0.000304s ]
INFO: [ app_begin ] --END-- [ RunTime:0.000350s ]

[ 2019-02-24T08:57:24+08:00 ] 183.238.56.174 /user/login/login.html
INFO: [ route_check ] --START--
INFO: CheckRoute Behavior ::run [ RunTime:0.000468s ]
INFO: [ route_check ] --END-- [ RunTime:0.000527s ]
INFO: [ app_begin ] --START--
INFO: ReadHtmlCache Behavior ::run [ RunTime:0.000303s ]
INFO: [ app_begin ] --END-- [ RunTime:0.000350s ]
INFO: [ view_parse ] --START--
INFO: ParseTemplate Behavior ::run [ RunTime:0.004851s ]
INFO: [ view_parse ] --END-- [ RunTime:0.004905s ]
INFO: [ view_filter ] --START--
INFO: ContentReplace Behavior ::run [ RunTime:0.000199s ]
INFO: TokenBuild Behavior ::run [ RunTime:0.000198s ]
INFO: WriteHtmlCache Behavior ::run [ RunTime:0.000120s ]
INFO: ShowRuntime Behavior ::run [ RunTime:0.000236s ]
INFO: [ view_filter ] --END-- [ RunTime:0.000877s ]
INFO: [ view_end ] --START--
INFO: ShowPageTrace Behavior ::run [ RunTime:0.000343s ]
INFO: [ view_end ] --END-- [ RunTime:0.000394s ]

[ 2019-02-24T08:57:24+08:00 ] 183.238.56.174 /static/common/inspinia/css/plugins/awesome-bootstrap-checkbox/awesome-bootstrap-checkbox.css
INFO: [ route_check ] --START--
INFO: CheckRoute Behavior ::run [ RunTime:0.000458s ]
INFO: [ route_check ] --END-- [ RunTime:0.000516s ]
INFO: [ app_begin ] --START--
INFO: ReadHtmlCache Behavior ::run [ RunTime:0.000303s ]
INFO: [ app_begin ] --END-- [ RunTime:0.000352s ]
ERR: 无法加载模块:Static

[ 2019-02-24T08:57:24+08:00 ] 183.238.56.174 /user/login/vertify.html
INFO: [ route_check ] --START--
INFO: CheckRoute Behavior ::run [ RunTime:0.000466s ]
INFO: [ route_check ] --END-- [ RunTime:0.000527s ]
INFO: [ app_begin ] --START--
INFO: ReadHtmlCache Behavior ::run [ RunTime:0.000312s ]
INFO: [ app_begin ] --END-- [ RunTime:0.000360s ]

[ 2019-02-24T08:57:25+08:00 ] 183.238.56.174 /user/login/vertify?rand=59
INFO: [ route_check ] --START--
INFO: CheckRoute Behavior ::run [ RunTime:0.000464s ]
INFO: [ route_check ] --END-- [ RunTime:0.000523s ]
INFO: [ app_begin ] --START--
INFO: ReadHtmlCache Behavior ::run [ RunTime:0.000304s ]
INFO: [ app_begin ] --END-- [ RunTime:0.000351s ]

[ 2019-02-24T08:57:35+08:00 ] 183.238.56.174 /user/login/login.html
INFO: [ route_check ] --START--
INFO: CheckRoute Behavior ::run [ RunTime:0.000458s ]
INFO: [ route_check ] --END-- [ RunTime:0.000517s ]
INFO: [ app_begin ] --START--
INFO: ReadHtmlCache Behavior ::run [ RunTime:0.000293s ]
INFO: [ app_begin ] --END-- [ RunTime:0.000337s ]
SQL: SHOW COLUMNS FROM `fm_user` [ RunTime:0.000691s ]
SQL: SELECT * FROM `fm_user` WHERE ( `username` = 'gw2018' ) AND ( `status` = 1 ) LIMIT 1   [ RunTime:0.000161s ]
SQL: SELECT `id` FROM `fm_user` WHERE ( `username` = 'gw2018' ) AND ( `password` = 'c8189a28d8d02a40cffb77eeaddc3166' ) AND ( `last_time` >= '2019-02-24' ) AND ( `status` = 1 ) LIMIT 1   [ RunTime:0.000122s ]
SQL: SHOW COLUMNS FROM `fm_log` [ RunTime:0.000457s ]
SQL: INSERT INTO bd_log (connent,ip,add_time) VALUES ('[gw2018],登录成功。','183.238.56.174','2019-02-24 08:57:35'); [ RunTime:0.000085s ]
ERR: 1146:Table 'myhfm.bd_log' doesn't exist
 [ SQL语句 ] : INSERT INTO bd_log (connent,ip,add_time) VALUES ('[gw2018],登录成功。','183.238.56.174','2019-02-24 08:57:35');

[ 2019-02-24T08:57:35+08:00 ] 183.238.56.174 /user/index/index.html
INFO: [ route_check ] --START--
INFO: CheckRoute Behavior ::run [ RunTime:0.000457s ]
INFO: [ route_check ] --END-- [ RunTime:0.000516s ]
INFO: [ app_begin ] --START--
INFO: ReadHtmlCache Behavior ::run [ RunTime:0.000311s ]
INFO: [ app_begin ] --END-- [ RunTime:0.000358s ]
SQL: SHOW COLUMNS FROM `fm_user` [ RunTime:0.000596s ]
SQL: SELECT * FROM `fm_user` WHERE ( `id` = 47 ) AND ( `status` = 1 ) LIMIT 1   [ RunTime:0.000139s ]
INFO: [ view_parse ] --START--
INFO: ParseTemplate Behavior ::run [ RunTime:0.005277s ]
INFO: [ view_parse ] --END-- [ RunTime:0.005331s ]
INFO: [ view_filter ] --START--
INFO: ContentReplace Behavior ::run [ RunTime:0.000197s ]
INFO: TokenBuild Behavior ::run [ RunTime:0.000201s ]
INFO: WriteHtmlCache Behavior ::run [ RunTime:0.000120s ]
INFO: ShowRuntime Behavior ::run [ RunTime:0.000240s ]
INFO: [ view_filter ] --END-- [ RunTime:0.000883s ]
INFO: [ view_end ] --START--
INFO: ShowPageTrace Behavior ::run [ RunTime:0.000353s ]
INFO: [ view_end ] --END-- [ RunTime:0.000396s ]

[ 2019-02-24T08:57:35+08:00 ] 183.238.56.174 /user/userset/user_list.html
INFO: [ route_check ] --START--
INFO: CheckRoute Behavior ::run [ RunTime:0.000457s ]
INFO: [ route_check ] --END-- [ RunTime:0.000516s ]
INFO: [ app_begin ] --START--
INFO: ReadHtmlCache Behavior ::run [ RunTime:0.000313s ]
INFO: [ app_begin ] --END-- [ RunTime:0.000360s ]
SQL: SHOW COLUMNS FROM `fm_user` [ RunTime:0.000595s ]
SQL: SELECT * FROM `fm_user` WHERE ( `id` = 47 ) AND ( `status` = 1 ) LIMIT 1   [ RunTime:0.000138s ]
SQL: SHOW COLUMNS FROM `fm_staff` [ RunTime:0.000534s ]
NOTIC: [8] Undefined variable: data /home/www/myhfm/App/Application/User/Action/UsersetAction.class.php 第 182 行.
NOTIC: [8] Undefined variable: page /home/www/myhfm/App/Application/User/Action/UsersetAction.class.php 第 242 行.
NOTIC: [8] Undefined variable: count /home/www/myhfm/App/Application/User/Action/UsersetAction.class.php 第 243 行.
INFO: [ view_parse ] --START--
NOTIC: [8] Use of undefined constant starttime - assumed 'starttime' /home/www/myhfm/App/Runtime/Cache/User/6b7fc4a0e6e78c19e861489fe7a3bfc6.php 第 46 行.
NOTIC: [8] Undefined variable: bdate /home/www/myhfm/App/Runtime/Cache/User/6b7fc4a0e6e78c19e861489fe7a3bfc6.php 第 46 行.
NOTIC: [8] Undefined variable: edate /home/www/myhfm/App/Runtime/Cache/User/6b7fc4a0e6e78c19e861489fe7a3bfc6.php 第 51 行.
NOTIC: [8] Undefined variable: list /home/www/myhfm/App/Runtime/Cache/User/6b7fc4a0e6e78c19e861489fe7a3bfc6.php 第 105 行.
NOTIC: [8] Undefined variable: order /home/www/myhfm/App/Runtime/Cache/User/6b7fc4a0e6e78c19e861489fe7a3bfc6.php 第 157 行.
INFO: ParseTemplate Behavior ::run [ RunTime:0.009597s ]
INFO: [ view_parse ] --END-- [ RunTime:0.009643s ]
INFO: [ view_filter ] --START--
INFO: ContentReplace Behavior ::run [ RunTime:0.000210s ]
INFO: TokenBuild Behavior ::run [ RunTime:0.000204s ]
INFO: WriteHtmlCache Behavior ::run [ RunTime:0.000120s ]
INFO: ShowRuntime Behavior ::run [ RunTime:0.000235s ]
INFO: [ view_filter ] --END-- [ RunTime:0.000891s ]
INFO: [ view_end ] --START--
INFO: ShowPageTrace Behavior ::run [ RunTime:0.000346s ]
INFO: [ view_end ] --END-- [ RunTime:0.000389s ]

[ 2019-02-24T08:57:54+08:00 ] 183.238.56.174 /user/userset/user_list.html
INFO: [ route_check ] --START--
INFO: CheckRoute Behavior ::run [ RunTime:0.000466s ]
INFO: [ route_check ] --END-- [ RunTime:0.000525s ]
INFO: [ app_begin ] --START--
INFO: ReadHtmlCache Behavior ::run [ RunTime:0.000306s ]
INFO: [ app_begin ] --END-- [ RunTime:0.000353s ]
SQL: SHOW COLUMNS FROM `fm_user` [ RunTime:0.000681s ]
SQL: SELECT * FROM `fm_user` WHERE ( `id` = 47 ) AND ( `status` = 1 ) LIMIT 1   [ RunTime:0.000153s ]
SQL: SHOW COLUMNS FROM `fm_staff` [ RunTime:0.000550s ]
NOTIC: [8] Undefined index: order /home/www/myhfm/App/Application/User/Action/UsersetAction.class.php 第 146 行.
NOTIC: [8] Use of undefined constant PAGE_NUM - assumed 'PAGE_NUM' /home/www/myhfm/App/Application/User/Action/UsersetAction.class.php 第 158 行.
SQL: SELECT COUNT(*) AS tp_count FROM `fm_staff` WHERE ( `name` LIKE '%流星%' ) LIMIT 1   [ RunTime:0.001692s ]
SQL: SELECT * FROM `fm_staff` WHERE ( `name` LIKE '%流星%' ) ORDER BY id desc  [ RunTime:0.003685s ]
NOTIC: [2] Invalid argument supplied for foreach() /home/www/myhfm/App/Application/User/Action/UsersetAction.class.php 第 166 行.
NOTIC: [2] Invalid argument supplied for foreach() /home/www/myhfm/App/Application/User/Action/UsersetAction.class.php 第 171 行.
INFO: [ view_parse ] --START--
NOTIC: [8] Use of undefined constant starttime - assumed 'starttime' /home/www/myhfm/App/Runtime/Cache/User/6b7fc4a0e6e78c19e861489fe7a3bfc6.php 第 46 行.
NOTIC: [8] Undefined variable: bdate /home/www/myhfm/App/Runtime/Cache/User/6b7fc4a0e6e78c19e861489fe7a3bfc6.php 第 46 行.
NOTIC: [8] Undefined variable: edate /home/www/myhfm/App/Runtime/Cache/User/6b7fc4a0e6e78c19e861489fe7a3bfc6.php 第 51 行.
NOTIC: [8] Undefined variable: order /home/www/myhfm/App/Runtime/Cache/User/6b7fc4a0e6e78c19e861489fe7a3bfc6.php 第 157 行.
INFO: ParseTemplate Behavior ::run [ RunTime:0.009367s ]
INFO: [ view_parse ] --END-- [ RunTime:0.009416s ]
INFO: [ view_filter ] --START--
INFO: ContentReplace Behavior ::run [ RunTime:0.000208s ]
INFO: TokenBuild Behavior ::run [ RunTime:0.000203s ]
INFO: WriteHtmlCache Behavior ::run [ RunTime:0.000122s ]
INFO: ShowRuntime Behavior ::run [ RunTime:0.000247s ]
INFO: [ view_filter ] --END-- [ RunTime:0.000905s ]
INFO: [ view_end ] --START--
INFO: ShowPageTrace Behavior ::run [ RunTime:0.000342s ]
INFO: [ view_end ] --END-- [ RunTime:0.000384s ]

[ 2019-02-24T08:57:55+08:00 ] 183.238.56.174 /user/userset/user_list.html
INFO: [ route_check ] --START--
INFO: CheckRoute Behavior ::run [ RunTime:0.000461s ]
INFO: [ route_check ] --END-- [ RunTime:0.000520s ]
INFO: [ app_begin ] --START--
INFO: ReadHtmlCache Behavior ::run [ RunTime:0.000303s ]
INFO: [ app_begin ] --END-- [ RunTime:0.000351s ]
SQL: SHOW COLUMNS FROM `fm_user` [ RunTime:0.000612s ]
SQL: SELECT * FROM `fm_user` WHERE ( `id` = 47 ) AND ( `status` = 1 ) LIMIT 1   [ RunTime:0.000138s ]
SQL: SHOW COLUMNS FROM `fm_staff` [ RunTime:0.000549s ]
NOTIC: [8] Undefined variable: data /home/www/myhfm/App/Application/User/Action/UsersetAction.class.php 第 182 行.
NOTIC: [8] Undefined variable: page /home/www/myhfm/App/Application/User/Action/UsersetAction.class.php 第 242 行.
NOTIC: [8] Undefined variable: count /home/www/myhfm/App/Application/User/Action/UsersetAction.class.php 第 243 行.
INFO: [ view_parse ] --START--
NOTIC: [8] Use of undefined constant starttime - assumed 'starttime' /home/www/myhfm/App/Runtime/Cache/User/6b7fc4a0e6e78c19e861489fe7a3bfc6.php 第 46 行.
NOTIC: [8] Undefined variable: bdate /home/www/myhfm/App/Runtime/Cache/User/6b7fc4a0e6e78c19e861489fe7a3bfc6.php 第 46 行.
NOTIC: [8] Undefined variable: edate /home/www/myhfm/App/Runtime/Cache/User/6b7fc4a0e6e78c19e861489fe7a3bfc6.php 第 51 行.
NOTIC: [8] Undefined variable: list /home/www/myhfm/App/Runtime/Cache/User/6b7fc4a0e6e78c19e861489fe7a3bfc6.php 第 105 行.
NOTIC: [8] Undefined variable: order /home/www/myhfm/App/Runtime/Cache/User/6b7fc4a0e6e78c19e861489fe7a3bfc6.php 第 157 行.
INFO: ParseTemplate Behavior ::run [ RunTime:0.009269s ]
INFO: [ view_parse ] --END-- [ RunTime:0.009316s ]
INFO: [ view_filter ] --START--
INFO: ContentReplace Behavior ::run [ RunTime:0.000204s ]
INFO: TokenBuild Behavior ::run [ RunTime:0.000202s ]
INFO: WriteHtmlCache Behavior ::run [ RunTime:0.000120s ]
INFO: ShowRuntime Behavior ::run [ RunTime:0.000242s ]
INFO: [ view_filter ] --END-- [ RunTime:0.000887s ]
INFO: [ view_end ] --START--
INFO: ShowPageTrace Behavior ::run [ RunTime:0.000337s ]
INFO: [ view_end ] --END-- [ RunTime:0.000379s ]

[ 2019-02-24T08:57:55+08:00 ] 183.238.56.174 /user/login/login.html
INFO: [ route_check ] --START--
INFO: CheckRoute Behavior ::run [ RunTime:0.000463s ]
INFO: [ route_check ] --END-- [ RunTime:0.000524s ]
INFO: [ app_begin ] --START--
INFO: ReadHtmlCache Behavior ::run [ RunTime:0.000306s ]
INFO: [ app_begin ] --END-- [ RunTime:0.000360s ]
INFO: [ view_parse ] --START--
INFO: ParseTemplate Behavior ::run [ RunTime:0.004849s ]
INFO: [ view_parse ] --END-- [ RunTime:0.004902s ]
INFO: [ view_filter ] --START--
INFO: ContentReplace Behavior ::run [ RunTime:0.000200s ]
INFO: TokenBuild Behavior ::run [ RunTime:0.000204s ]
INFO: WriteHtmlCache Behavior ::run [ RunTime:0.000121s ]
INFO: ShowRuntime Behavior ::run [ RunTime:0.000237s ]
INFO: [ view_filter ] --END-- [ RunTime:0.000888s ]
INFO: [ view_end ] --START--
INFO: ShowPageTrace Behavior ::run [ RunTime:0.000350s ]
INFO: [ view_end ] --END-- [ RunTime:0.000393s ]

[ 2019-02-24T08:57:55+08:00 ] 183.238.56.174 /static/common/inspinia/css/plugins/awesome-bootstrap-checkbox/awesome-bootstrap-checkbox.css
INFO: [ route_check ] --START--
INFO: CheckRoute Behavior ::run [ RunTime:0.000462s ]
INFO: [ route_check ] --END-- [ RunTime:0.000520s ]
INFO: [ app_begin ] --START--
INFO: ReadHtmlCache Behavior ::run [ RunTime:0.000303s ]
INFO: [ app_begin ] --END-- [ RunTime:0.000352s ]
ERR: 无法加载模块:Static

[ 2019-02-24T08:57:55+08:00 ] 183.238.56.174 /user/login/vertify.html
INFO: [ route_check ] --START--
INFO: CheckRoute Behavior ::run [ RunTime:0.000457s ]
INFO: [ route_check ] --END-- [ RunTime:0.000516s ]
INFO: [ app_begin ] --START--
INFO: ReadHtmlCache Behavior ::run [ RunTime:0.000305s ]
INFO: [ app_begin ] --END-- [ RunTime:0.000352s ]

[ 2019-02-24T08:57:55+08:00 ] 183.238.56.174 /user/login/vertify?rand=93
INFO: [ route_check ] --START--
INFO: CheckRoute Behavior ::run [ RunTime:0.000450s ]
INFO: [ route_check ] --END-- [ RunTime:0.000518s ]
INFO: [ app_begin ] --START--
INFO: ReadHtmlCache Behavior ::run [ RunTime:0.000301s ]
INFO: [ app_begin ] --END-- [ RunTime:0.000348s ]

[ 2019-02-24T08:58:04+08:00 ] 183.238.56.174 /user/login/login.html
INFO: [ route_check ] --START--
INFO: CheckRoute Behavior ::run [ RunTime:0.000468s ]
INFO: [ route_check ] --END-- [ RunTime:0.000530s ]
INFO: [ app_begin ] --START--
INFO: ReadHtmlCache Behavior ::run [ RunTime:0.000296s ]
INFO: [ app_begin ] --END-- [ RunTime:0.000341s ]
SQL: SHOW COLUMNS FROM `fm_user` [ RunTime:0.000689s ]
SQL: SELECT * FROM `fm_user` WHERE ( `username` = 'gw2018' ) AND ( `status` = 1 ) LIMIT 1   [ RunTime:0.000169s ]
SQL: SELECT `id` FROM `fm_user` WHERE ( `username` = 'gw2018' ) AND ( `password` = 'c8189a28d8d02a40cffb77eeaddc3166' ) AND ( `last_time` >= '2019-02-24' ) AND ( `status` = 1 ) LIMIT 1   [ RunTime:0.000138s ]
SQL: SHOW COLUMNS FROM `fm_log` [ RunTime:0.000459s ]
SQL: INSERT INTO bd_log (connent,ip,add_time) VALUES ('[gw2018],登录成功。','183.238.56.174','2019-02-24 08:58:04'); [ RunTime:0.000084s ]
ERR: 1146:Table 'myhfm.bd_log' doesn't exist
 [ SQL语句 ] : INSERT INTO bd_log (connent,ip,add_time) VALUES ('[gw2018],登录成功。','183.238.56.174','2019-02-24 08:58:04');

[ 2019-02-24T08:58:04+08:00 ] 183.238.56.174 /user/index/index.html
INFO: [ route_check ] --START--
INFO: CheckRoute Behavior ::run [ RunTime:0.000466s ]
INFO: [ route_check ] --END-- [ RunTime:0.000525s ]
INFO: [ app_begin ] --START--
INFO: ReadHtmlCache Behavior ::run [ RunTime:0.000302s ]
INFO: [ app_begin ] --END-- [ RunTime:0.000349s ]
SQL: SHOW COLUMNS FROM `fm_user` [ RunTime:0.000593s ]
SQL: SELECT * FROM `fm_user` WHERE ( `id` = 47 ) AND ( `status` = 1 ) LIMIT 1   [ RunTime:0.000141s ]
INFO: [ view_parse ] --START--
INFO: ParseTemplate Behavior ::run [ RunTime:0.005269s ]
INFO: [ view_parse ] --END-- [ RunTime:0.005324s ]
INFO: [ view_filter ] --START--
INFO: ContentReplace Behavior ::run [ RunTime:0.000197s ]
INFO: TokenBuild Behavior ::run [ RunTime:0.000206s ]
INFO: WriteHtmlCache Behavior ::run [ RunTime:0.000120s ]
INFO: ShowRuntime Behavior ::run [ RunTime:0.000241s ]
INFO: [ view_filter ] --END-- [ RunTime:0.000886s ]
INFO: [ view_end ] --START--
INFO: ShowPageTrace Behavior ::run [ RunTime:0.000348s ]
INFO: [ view_end ] --END-- [ RunTime:0.000395s ]

[ 2019-02-24T08:58:04+08:00 ] 183.238.56.174 /user/userset/user_list.html
INFO: [ route_check ] --START--
INFO: CheckRoute Behavior ::run [ RunTime:0.000465s ]
INFO: [ route_check ] --END-- [ RunTime:0.000524s ]
INFO: [ app_begin ] --START--
INFO: ReadHtmlCache Behavior ::run [ RunTime:0.000298s ]
INFO: [ app_begin ] --END-- [ RunTime:0.000346s ]
SQL: SHOW COLUMNS FROM `fm_user` [ RunTime:0.000604s ]
SQL: SELECT * FROM `fm_user` WHERE ( `id` = 47 ) AND ( `status` = 1 ) LIMIT 1   [ RunTime:0.000164s ]
SQL: SHOW COLUMNS FROM `fm_staff` [ RunTime:0.000534s ]
NOTIC: [8] Undefined variable: data /home/www/myhfm/App/Application/User/Action/UsersetAction.class.php 第 182 行.
NOTIC: [8] Undefined variable: page /home/www/myhfm/App/Application/User/Action/UsersetAction.class.php 第 242 行.
NOTIC: [8] Undefined variable: count /home/www/myhfm/App/Application/User/Action/UsersetAction.class.php 第 243 行.
INFO: [ view_parse ] --START--
NOTIC: [8] Use of undefined constant starttime - assumed 'starttime' /home/www/myhfm/App/Runtime/Cache/User/6b7fc4a0e6e78c19e861489fe7a3bfc6.php 第 46 行.
NOTIC: [8] Undefined variable: bdate /home/www/myhfm/App/Runtime/Cache/User/6b7fc4a0e6e78c19e861489fe7a3bfc6.php 第 46 行.
NOTIC: [8] Undefined variable: edate /home/www/myhfm/App/Runtime/Cache/User/6b7fc4a0e6e78c19e861489fe7a3bfc6.php 第 51 行.
NOTIC: [8] Undefined variable: list /home/www/myhfm/App/Runtime/Cache/User/6b7fc4a0e6e78c19e861489fe7a3bfc6.php 第 105 行.
NOTIC: [8] Undefined variable: order /home/www/myhfm/App/Runtime/Cache/User/6b7fc4a0e6e78c19e861489fe7a3bfc6.php 第 157 行.
INFO: ParseTemplate Behavior ::run [ RunTime:0.009510s ]
INFO: [ view_parse ] --END-- [ RunTime:0.009557s ]
INFO: [ view_filter ] --START--
INFO: ContentReplace Behavior ::run [ RunTime:0.000195s ]
INFO: TokenBuild Behavior ::run [ RunTime:0.000199s ]
INFO: WriteHtmlCache Behavior ::run [ RunTime:0.000111s ]
INFO: ShowRuntime Behavior ::run [ RunTime:0.000228s ]
INFO: [ view_filter ] --END-- [ RunTime:0.000850s ]
INFO: [ view_end ] --START--
INFO: ShowPageTrace Behavior ::run [ RunTime:0.000356s ]
INFO: [ view_end ] --END-- [ RunTime:0.000398s ]

[ 2019-02-24T08:58:11+08:00 ] 183.238.56.174 /user/userset/user_list.html
INFO: [ route_check ] --START--
INFO: CheckRoute Behavior ::run [ RunTime:0.000468s ]
INFO: [ route_check ] --END-- [ RunTime:0.000527s ]
INFO: [ app_begin ] --START--
INFO: ReadHtmlCache Behavior ::run [ RunTime:0.000306s ]
INFO: [ app_begin ] --END-- [ RunTime:0.000353s ]
SQL: SHOW COLUMNS FROM `fm_user` [ RunTime:0.000657s ]
SQL: SELECT * FROM `fm_user` WHERE ( `id` = 47 ) AND ( `status` = 1 ) LIMIT 1   [ RunTime:0.000155s ]
SQL: SHOW COLUMNS FROM `fm_staff` [ RunTime:0.000555s ]
NOTIC: [8] Undefined index: order /home/www/myhfm/App/Application/User/Action/UsersetAction.class.php 第 146 行.
NOTIC: [8] Use of undefined constant PAGE_NUM - assumed 'PAGE_NUM' /home/www/myhfm/App/Application/User/Action/UsersetAction.class.php 第 158 行.
SQL: SELECT COUNT(*) AS tp_count FROM `fm_staff` WHERE ( `name` LIKE '%刘星%' ) LIMIT 1   [ RunTime:0.001702s ]
SQL: SELECT * FROM `fm_staff` WHERE ( `name` LIKE '%刘星%' ) ORDER BY id desc  [ RunTime:0.003697s ]
INFO: [ view_parse ] --START--
NOTIC: [8] Use of undefined constant starttime - assumed 'starttime' /home/www/myhfm/App/Runtime/Cache/User/6b7fc4a0e6e78c19e861489fe7a3bfc6.php 第 46 行.
NOTIC: [8] Undefined variable: bdate /home/www/myhfm/App/Runtime/Cache/User/6b7fc4a0e6e78c19e861489fe7a3bfc6.php 第 46 行.
NOTIC: [8] Undefined variable: edate /home/www/myhfm/App/Runtime/Cache/User/6b7fc4a0e6e78c19e861489fe7a3bfc6.php 第 51 行.
NOTIC: [8] Use of undefined constant sex - assumed 'sex' /home/www/myhfm/App/Runtime/Cache/User/6b7fc4a0e6e78c19e861489fe7a3bfc6.php 第 109 行.
NOTIC: [8] Undefined index: wechat /home/www/myhfm/App/Runtime/Cache/User/6b7fc4a0e6e78c19e861489fe7a3bfc6.php 第 112 行.
NOTIC: [8] Undefined index: qq /home/www/myhfm/App/Runtime/Cache/User/6b7fc4a0e6e78c19e861489fe7a3bfc6.php 第 113 行.
NOTIC: [8] Undefined index: job /home/www/myhfm/App/Runtime/Cache/User/6b7fc4a0e6e78c19e861489fe7a3bfc6.php 第 114 行.
NOTIC: [8] Undefined variable: order /home/www/myhfm/App/Runtime/Cache/User/6b7fc4a0e6e78c19e861489fe7a3bfc6.php 第 157 行.
INFO: ParseTemplate Behavior ::run [ RunTime:0.009464s ]
INFO: [ view_parse ] --END-- [ RunTime:0.009512s ]
INFO: [ view_filter ] --START--
INFO: ContentReplace Behavior ::run [ RunTime:0.000206s ]
INFO: TokenBuild Behavior ::run [ RunTime:0.000205s ]
INFO: WriteHtmlCache Behavior ::run [ RunTime:0.000122s ]
INFO: ShowRuntime Behavior ::run [ RunTime:0.000236s ]
INFO: [ view_filter ] --END-- [ RunTime:0.000898s ]
INFO: [ view_end ] --START--
INFO: ShowPageTrace Behavior ::run [ RunTime:0.000338s ]
INFO: [ view_end ] --END-- [ RunTime:0.000381s ]

[ 2019-02-24T08:59:13+08:00 ] 183.238.56.174 /user/userset/user_list.html
INFO: [ route_check ] --START--
INFO: CheckRoute Behavior ::run [ RunTime:0.000466s ]
INFO: [ route_check ] --END-- [ RunTime:0.000528s ]
INFO: [ app_begin ] --START--
INFO: ReadHtmlCache Behavior ::run [ RunTime:0.000306s ]
INFO: [ app_begin ] --END-- [ RunTime:0.000354s ]
SQL: SHOW COLUMNS FROM `fm_user` [ RunTime:0.000686s ]
SQL: SELECT * FROM `fm_user` WHERE ( `id` = 47 ) AND ( `status` = 1 ) LIMIT 1   [ RunTime:0.000177s ]
SQL: SHOW COLUMNS FROM `fm_staff` [ RunTime:0.000551s ]
NOTIC: [8] Undefined index: order /home/www/myhfm/App/Application/User/Action/UsersetAction.class.php 第 146 行.
NOTIC: [8] Use of undefined constant PAGE_NUM - assumed 'PAGE_NUM' /home/www/myhfm/App/Application/User/Action/UsersetAction.class.php 第 158 行.
SQL: SELECT COUNT(*) AS tp_count FROM `fm_staff` WHERE ( `name` LIKE '%钟柳春%' ) LIMIT 1   [ RunTime:0.001694s ]
SQL: SELECT * FROM `fm_staff` WHERE ( `name` LIKE '%钟柳春%' ) ORDER BY id desc  [ RunTime:0.003684s ]
NOTIC: [2] Invalid argument supplied for foreach() /home/www/myhfm/App/Application/User/Action/UsersetAction.class.php 第 166 行.
NOTIC: [2] Invalid argument supplied for foreach() /home/www/myhfm/App/Application/User/Action/UsersetAction.class.php 第 171 行.
INFO: [ view_parse ] --START--
NOTIC: [8] Use of undefined constant starttime - assumed 'starttime' /home/www/myhfm/App/Runtime/Cache/User/6b7fc4a0e6e78c19e861489fe7a3bfc6.php 第 46 行.
NOTIC: [8] Undefined variable: bdate /home/www/myhfm/App/Runtime/Cache/User/6b7fc4a0e6e78c19e861489fe7a3bfc6.php 第 46 行.
NOTIC: [8] Undefined variable: edate /home/www/myhfm/App/Runtime/Cache/User/6b7fc4a0e6e78c19e861489fe7a3bfc6.php 第 51 行.
NOTIC: [8] Undefined variable: order /home/www/myhfm/App/Runtime/Cache/User/6b7fc4a0e6e78c19e861489fe7a3bfc6.php 第 157 行.
INFO: ParseTemplate Behavior ::run [ RunTime:0.009399s ]
INFO: [ view_parse ] --END-- [ RunTime:0.009446s ]
INFO: [ view_filter ] --START--
INFO: ContentReplace Behavior ::run [ RunTime:0.000206s ]
INFO: TokenBuild Behavior ::run [ RunTime:0.000201s ]
INFO: WriteHtmlCache Behavior ::run [ RunTime:0.000126s ]
INFO: ShowRuntime Behavior ::run [ RunTime:0.000235s ]
INFO: [ view_filter ] --END-- [ RunTime:0.000887s ]
INFO: [ view_end ] --START--
INFO: ShowPageTrace Behavior ::run [ RunTime:0.000338s ]
INFO: [ view_end ] --END-- [ RunTime:0.000381s ]

[ 2019-02-24T08:59:29+08:00 ] 183.238.56.174 /user/userset/user_list.html
INFO: [ route_check ] --START--
INFO: CheckRoute Behavior ::run [ RunTime:0.000460s ]
INFO: [ route_check ] --END-- [ RunTime:0.000521s ]
INFO: [ app_begin ] --START--
INFO: ReadHtmlCache Behavior ::run [ RunTime:0.000312s ]
INFO: [ app_begin ] --END-- [ RunTime:0.000360s ]
SQL: SHOW COLUMNS FROM `fm_user` [ RunTime:0.000679s ]
SQL: SELECT * FROM `fm_user` WHERE ( `id` = 47 ) AND ( `status` = 1 ) LIMIT 1   [ RunTime:0.000155s ]
SQL: SHOW COLUMNS FROM `fm_staff` [ RunTime:0.000555s ]
NOTIC: [8] Undefined index: order /home/www/myhfm/App/Application/User/Action/UsersetAction.class.php 第 146 行.
NOTIC: [8] Use of undefined constant PAGE_NUM - assumed 'PAGE_NUM' /home/www/myhfm/App/Application/User/Action/UsersetAction.class.php 第 158 行.
SQL: SELECT COUNT(*) AS tp_count FROM `fm_staff` WHERE ( `name` LIKE '%黄淑华%' ) LIMIT 1   [ RunTime:0.001714s ]
SQL: SELECT * FROM `fm_staff` WHERE ( `name` LIKE '%黄淑华%' ) ORDER BY id desc  [ RunTime:0.003698s ]
NOTIC: [2] Invalid argument supplied for foreach() /home/www/myhfm/App/Application/User/Action/UsersetAction.class.php 第 166 行.
NOTIC: [2] Invalid argument supplied for foreach() /home/www/myhfm/App/Application/User/Action/UsersetAction.class.php 第 171 行.
INFO: [ view_parse ] --START--
NOTIC: [8] Use of undefined constant starttime - assumed 'starttime' /home/www/myhfm/App/Runtime/Cache/User/6b7fc4a0e6e78c19e861489fe7a3bfc6.php 第 46 行.
NOTIC: [8] Undefined variable: bdate /home/www/myhfm/App/Runtime/Cache/User/6b7fc4a0e6e78c19e861489fe7a3bfc6.php 第 46 行.
NOTIC: [8] Undefined variable: edate /home/www/myhfm/App/Runtime/Cache/User/6b7fc4a0e6e78c19e861489fe7a3bfc6.php 第 51 行.
NOTIC: [8] Undefined variable: order /home/www/myhfm/App/Runtime/Cache/User/6b7fc4a0e6e78c19e861489fe7a3bfc6.php 第 157 行.
INFO: ParseTemplate Behavior ::run [ RunTime:0.009399s ]
INFO: [ view_parse ] --END-- [ RunTime:0.009446s ]
INFO: [ view_filter ] --START--
INFO: ContentReplace Behavior ::run [ RunTime:0.000212s ]
INFO: TokenBuild Behavior ::run [ RunTime:0.000202s ]
INFO: WriteHtmlCache Behavior ::run [ RunTime:0.000119s ]
INFO: ShowRuntime Behavior ::run [ RunTime:0.000232s ]
INFO: [ view_filter ] --END-- [ RunTime:0.000885s ]
INFO: [ view_end ] --START--
INFO: ShowPageTrace Behavior ::run [ RunTime:0.000345s ]
INFO: [ view_end ] --END-- [ RunTime:0.000388s ]

[ 2019-02-24T09:00:05+08:00 ] 183.238.56.174 /user/userset/user_list.html
INFO: [ route_check ] --START--
INFO: CheckRoute Behavior ::run [ RunTime:0.000465s ]
INFO: [ route_check ] --END-- [ RunTime:0.000527s ]
INFO: [ app_begin ] --START--
INFO: ReadHtmlCache Behavior ::run [ RunTime:0.000307s ]
INFO: [ app_begin ] --END-- [ RunTime:0.000354s ]
SQL: SHOW COLUMNS FROM `fm_user` [ RunTime:0.000679s ]
SQL: SELECT * FROM `fm_user` WHERE ( `id` = 47 ) AND ( `status` = 1 ) LIMIT 1   [ RunTime:0.000158s ]
SQL: SHOW COLUMNS FROM `fm_staff` [ RunTime:0.000548s ]
NOTIC: [8] Undefined index: order /home/www/myhfm/App/Application/User/Action/UsersetAction.class.php 第 146 行.
NOTIC: [8] Use of undefined constant PAGE_NUM - assumed 'PAGE_NUM' /home/www/myhfm/App/Application/User/Action/UsersetAction.class.php 第 158 行.
SQL: SELECT COUNT(*) AS tp_count FROM `fm_staff` WHERE ( `name` LIKE '%付文%' ) LIMIT 1   [ RunTime:0.001694s ]
SQL: SELECT * FROM `fm_staff` WHERE ( `name` LIKE '%付文%' ) ORDER BY id desc  [ RunTime:0.003676s ]
NOTIC: [2] Invalid argument supplied for foreach() /home/www/myhfm/App/Application/User/Action/UsersetAction.class.php 第 166 行.
NOTIC: [2] Invalid argument supplied for foreach() /home/www/myhfm/App/Application/User/Action/UsersetAction.class.php 第 171 行.
INFO: [ view_parse ] --START--
NOTIC: [8] Use of undefined constant starttime - assumed 'starttime' /home/www/myhfm/App/Runtime/Cache/User/6b7fc4a0e6e78c19e861489fe7a3bfc6.php 第 46 行.
NOTIC: [8] Undefined variable: bdate /home/www/myhfm/App/Runtime/Cache/User/6b7fc4a0e6e78c19e861489fe7a3bfc6.php 第 46 行.
NOTIC: [8] Undefined variable: edate /home/www/myhfm/App/Runtime/Cache/User/6b7fc4a0e6e78c19e861489fe7a3bfc6.php 第 51 行.
NOTIC: [8] Undefined variable: order /home/www/myhfm/App/Runtime/Cache/User/6b7fc4a0e6e78c19e861489fe7a3bfc6.php 第 157 行.
INFO: ParseTemplate Behavior ::run [ RunTime:0.009874s ]
INFO: [ view_parse ] --END-- [ RunTime:0.009926s ]
INFO: [ view_filter ] --START--
INFO: ContentReplace Behavior ::run [ RunTime:0.000207s ]
INFO: TokenBuild Behavior ::run [ RunTime:0.000202s ]
INFO: WriteHtmlCache Behavior ::run [ RunTime:0.000120s ]
INFO: ShowRuntime Behavior ::run [ RunTime:0.000258s ]
INFO: [ view_filter ] --END-- [ RunTime:0.000908s ]
INFO: [ view_end ] --START--
INFO: ShowPageTrace Behavior ::run [ RunTime:0.000369s ]
INFO: [ view_end ] --END-- [ RunTime:0.000412s ]

[ 2019-02-24T09:00:50+08:00 ] 183.238.56.174 /user/userset/user_list.html
INFO: [ route_check ] --START--
INFO: CheckRoute Behavior ::run [ RunTime:0.000458s ]
INFO: [ route_check ] --END-- [ RunTime:0.000517s ]
INFO: [ app_begin ] --START--
INFO: ReadHtmlCache Behavior ::run [ RunTime:0.000306s ]
INFO: [ app_begin ] --END-- [ RunTime:0.000360s ]
SQL: SHOW COLUMNS FROM `fm_user` [ RunTime:0.000682s ]
SQL: SELECT * FROM `fm_user` WHERE ( `id` = 47 ) AND ( `status` = 1 ) LIMIT 1   [ RunTime:0.000154s ]
SQL: SHOW COLUMNS FROM `fm_staff` [ RunTime:0.000555s ]
NOTIC: [8] Undefined index: order /home/www/myhfm/App/Application/User/Action/UsersetAction.class.php 第 146 行.
NOTIC: [8] Use of undefined constant PAGE_NUM - assumed 'PAGE_NUM' /home/www/myhfm/App/Application/User/Action/UsersetAction.class.php 第 158 行.
SQL: SELECT COUNT(*) AS tp_count FROM `fm_staff` WHERE ( `name` LIKE '%罗远峰%' ) LIMIT 1   [ RunTime:0.001705s ]
SQL: SELECT * FROM `fm_staff` WHERE ( `name` LIKE '%罗远峰%' ) ORDER BY id desc  [ RunTime:0.003689s ]
NOTIC: [2] Invalid argument supplied for foreach() /home/www/myhfm/App/Application/User/Action/UsersetAction.class.php 第 166 行.
NOTIC: [2] Invalid argument supplied for foreach() /home/www/myhfm/App/Application/User/Action/UsersetAction.class.php 第 171 行.
INFO: [ view_parse ] --START--
NOTIC: [8] Use of undefined constant starttime - assumed 'starttime' /home/www/myhfm/App/Runtime/Cache/User/6b7fc4a0e6e78c19e861489fe7a3bfc6.php 第 46 行.
NOTIC: [8] Undefined variable: bdate /home/www/myhfm/App/Runtime/Cache/User/6b7fc4a0e6e78c19e861489fe7a3bfc6.php 第 46 行.
NOTIC: [8] Undefined variable: edate /home/www/myhfm/App/Runtime/Cache/User/6b7fc4a0e6e78c19e861489fe7a3bfc6.php 第 51 行.
NOTIC: [8] Undefined variable: order /home/www/myhfm/App/Runtime/Cache/User/6b7fc4a0e6e78c19e861489fe7a3bfc6.php 第 157 行.
INFO: ParseTemplate Behavior ::run [ RunTime:0.009408s ]
INFO: [ view_parse ] --END-- [ RunTime:0.009456s ]
INFO: [ view_filter ] --START--
INFO: ContentReplace Behavior ::run [ RunTime:0.000215s ]
INFO: TokenBuild Behavior ::run [ RunTime:0.000205s ]
INFO: WriteHtmlCache Behavior ::run [ RunTime:0.000122s ]
INFO: ShowRuntime Behavior ::run [ RunTime:0.000234s ]
INFO: [ view_filter ] --END-- [ RunTime:0.000899s ]
INFO: [ view_end ] --START--
INFO: ShowPageTrace Behavior ::run [ RunTime:0.000346s ]
INFO: [ view_end ] --END-- [ RunTime:0.000389s ]

[ 2019-02-24T09:00:53+08:00 ] 183.238.56.174 /user/userset/user_list.html
INFO: [ route_check ] --START--
INFO: CheckRoute Behavior ::run [ RunTime:0.000454s ]
INFO: [ route_check ] --END-- [ RunTime:0.000514s ]
INFO: [ app_begin ] --START--
INFO: ReadHtmlCache Behavior ::run [ RunTime:0.000305s ]
INFO: [ app_begin ] --END-- [ RunTime:0.000354s ]
SQL: SHOW COLUMNS FROM `fm_user` [ RunTime:0.000614s ]
SQL: SELECT * FROM `fm_user` WHERE ( `id` = 47 ) AND ( `status` = 1 ) LIMIT 1   [ RunTime:0.000142s ]
SQL: SHOW COLUMNS FROM `fm_staff` [ RunTime:0.000556s ]
NOTIC: [8] Undefined variable: data /home/www/myhfm/App/Application/User/Action/UsersetAction.class.php 第 182 行.
NOTIC: [8] Undefined variable: page /home/www/myhfm/App/Application/User/Action/UsersetAction.class.php 第 242 行.
NOTIC: [8] Undefined variable: count /home/www/myhfm/App/Application/User/Action/UsersetAction.class.php 第 243 行.
INFO: [ view_parse ] --START--
NOTIC: [8] Use of undefined constant starttime - assumed 'starttime' /home/www/myhfm/App/Runtime/Cache/User/6b7fc4a0e6e78c19e861489fe7a3bfc6.php 第 46 行.
NOTIC: [8] Undefined variable: bdate /home/www/myhfm/App/Runtime/Cache/User/6b7fc4a0e6e78c19e861489fe7a3bfc6.php 第 46 行.
NOTIC: [8] Undefined variable: edate /home/www/myhfm/App/Runtime/Cache/User/6b7fc4a0e6e78c19e861489fe7a3bfc6.php 第 51 行.
NOTIC: [8] Undefined variable: list /home/www/myhfm/App/Runtime/Cache/User/6b7fc4a0e6e78c19e861489fe7a3bfc6.php 第 105 行.
NOTIC: [8] Undefined variable: order /home/www/myhfm/App/Runtime/Cache/User/6b7fc4a0e6e78c19e861489fe7a3bfc6.php 第 157 行.
INFO: ParseTemplate Behavior ::run [ RunTime:0.009182s ]
INFO: [ view_parse ] --END-- [ RunTime:0.009228s ]
INFO: [ view_filter ] --START--
INFO: ContentReplace Behavior ::run [ RunTime:0.000195s ]
INFO: TokenBuild Behavior ::run [ RunTime:0.000193s ]
INFO: WriteHtmlCache Behavior ::run [ RunTime:0.000113s ]
INFO: ShowRuntime Behavior ::run [ RunTime:0.000228s ]
INFO: [ view_filter ] --END-- [ RunTime:0.000857s ]
INFO: [ view_end ] --START--
INFO: ShowPageTrace Behavior ::run [ RunTime:0.000329s ]
INFO: [ view_end ] --END-- [ RunTime:0.000371s ]

[ 2019-02-24T09:00:59+08:00 ] 183.238.56.174 /user/userset/user_list.html
INFO: [ route_check ] --START--
INFO: CheckRoute Behavior ::run [ RunTime:0.000458s ]
INFO: [ route_check ] --END-- [ RunTime:0.000515s ]
INFO: [ app_begin ] --START--
INFO: ReadHtmlCache Behavior ::run [ RunTime:0.000315s ]
INFO: [ app_begin ] --END-- [ RunTime:0.000363s ]
SQL: SHOW COLUMNS FROM `fm_user` [ RunTime:0.000609s ]
SQL: SELECT * FROM `fm_user` WHERE ( `id` = 47 ) AND ( `status` = 1 ) LIMIT 1   [ RunTime:0.000143s ]
SQL: SHOW COLUMNS FROM `fm_staff` [ RunTime:0.000555s ]
NOTIC: [8] Undefined index: order /home/www/myhfm/App/Application/User/Action/UsersetAction.class.php 第 146 行.
NOTIC: [8] Use of undefined constant PAGE_NUM - assumed 'PAGE_NUM' /home/www/myhfm/App/Application/User/Action/UsersetAction.class.php 第 158 行.
SQL: SELECT COUNT(*) AS tp_count FROM `fm_staff` WHERE ( `name` LIKE '%李思慧%' ) LIMIT 1   [ RunTime:0.001725s ]
SQL: SELECT * FROM `fm_staff` WHERE ( `name` LIKE '%李思慧%' ) ORDER BY id desc  [ RunTime:0.003700s ]
NOTIC: [2] Invalid argument supplied for foreach() /home/www/myhfm/App/Application/User/Action/UsersetAction.class.php 第 166 行.
NOTIC: [2] Invalid argument supplied for foreach() /home/www/myhfm/App/Application/User/Action/UsersetAction.class.php 第 171 行.
INFO: [ view_parse ] --START--
NOTIC: [8] Use of undefined constant starttime - assumed 'starttime' /home/www/myhfm/App/Runtime/Cache/User/6b7fc4a0e6e78c19e861489fe7a3bfc6.php 第 46 行.
NOTIC: [8] Undefined variable: bdate /home/www/myhfm/App/Runtime/Cache/User/6b7fc4a0e6e78c19e861489fe7a3bfc6.php 第 46 行.
NOTIC: [8] Undefined variable: edate /home/www/myhfm/App/Runtime/Cache/User/6b7fc4a0e6e78c19e861489fe7a3bfc6.php 第 51 行.
NOTIC: [8] Undefined variable: order /home/www/myhfm/App/Runtime/Cache/User/6b7fc4a0e6e78c19e861489fe7a3bfc6.php 第 157 行.
INFO: ParseTemplate Behavior ::run [ RunTime:0.009358s ]
INFO: [ view_parse ] --END-- [ RunTime:0.009404s ]
INFO: [ view_filter ] --START--
INFO: ContentReplace Behavior ::run [ RunTime:0.000206s ]
INFO: TokenBuild Behavior ::run [ RunTime:0.000213s ]
INFO: WriteHtmlCache Behavior ::run [ RunTime:0.000122s ]
INFO: ShowRuntime Behavior ::run [ RunTime:0.000234s ]
INFO: [ view_filter ] --END-- [ RunTime:0.000894s ]
INFO: [ view_end ] --START--
INFO: ShowPageTrace Behavior ::run [ RunTime:0.000339s ]
INFO: [ view_end ] --END-- [ RunTime:0.000381s ]

[ 2019-02-24T09:01:18+08:00 ] 183.238.56.174 /user/userset/user_list.html
INFO: [ route_check ] --START--
INFO: CheckRoute Behavior ::run [ RunTime:0.000458s ]
INFO: [ route_check ] --END-- [ RunTime:0.000518s ]
INFO: [ app_begin ] --START--
INFO: ReadHtmlCache Behavior ::run [ RunTime:0.000306s ]
INFO: [ app_begin ] --END-- [ RunTime:0.000361s ]
SQL: SHOW COLUMNS FROM `fm_user` [ RunTime:0.000681s ]
SQL: SELECT * FROM `fm_user` WHERE ( `id` = 47 ) AND ( `status` = 1 ) LIMIT 1   [ RunTime:0.000155s ]
SQL: SHOW COLUMNS FROM `fm_staff` [ RunTime:0.000554s ]
NOTIC: [8] Undefined index: order /home/www/myhfm/App/Application/User/Action/UsersetAction.class.php 第 146 行.
NOTIC: [8] Use of undefined constant PAGE_NUM - assumed 'PAGE_NUM' /home/www/myhfm/App/Application/User/Action/UsersetAction.class.php 第 158 行.
SQL: SELECT COUNT(*) AS tp_count FROM `fm_staff` WHERE ( `name` LIKE '%曾丽萍%' ) LIMIT 1   [ RunTime:0.001700s ]
SQL: SELECT * FROM `fm_staff` WHERE ( `name` LIKE '%曾丽萍%' ) ORDER BY id desc  [ RunTime:0.003688s ]
NOTIC: [2] Invalid argument supplied for foreach() /home/www/myhfm/App/Application/User/Action/UsersetAction.class.php 第 166 行.
NOTIC: [2] Invalid argument supplied for foreach() /home/www/myhfm/App/Application/User/Action/UsersetAction.class.php 第 171 行.
INFO: [ view_parse ] --START--
NOTIC: [8] Use of undefined constant starttime - assumed 'starttime' /home/www/myhfm/App/Runtime/Cache/User/6b7fc4a0e6e78c19e861489fe7a3bfc6.php 第 46 行.
NOTIC: [8] Undefined variable: bdate /home/www/myhfm/App/Runtime/Cache/User/6b7fc4a0e6e78c19e861489fe7a3bfc6.php 第 46 行.
NOTIC: [8] Undefined variable: edate /home/www/myhfm/App/Runtime/Cache/User/6b7fc4a0e6e78c19e861489fe7a3bfc6.php 第 51 行.
NOTIC: [8] Undefined variable: order /home/www/myhfm/App/Runtime/Cache/User/6b7fc4a0e6e78c19e861489fe7a3bfc6.php 第 157 行.
INFO: ParseTemplate Behavior ::run [ RunTime:0.009391s ]
INFO: [ view_parse ] --END-- [ RunTime:0.009438s ]
INFO: [ view_filter ] --START--
INFO: ContentReplace Behavior ::run [ RunTime:0.000215s ]
INFO: TokenBuild Behavior ::run [ RunTime:0.000203s ]
INFO: WriteHtmlCache Behavior ::run [ RunTime:0.000121s ]
INFO: ShowRuntime Behavior ::run [ RunTime:0.000234s ]
INFO: [ view_filter ] --END-- [ RunTime:0.000893s ]
INFO: [ view_end ] --START--
INFO: ShowPageTrace Behavior ::run [ RunTime:0.000348s ]
INFO: [ view_end ] --END-- [ RunTime:0.000391s ]

[ 2019-02-24T09:01:29+08:00 ] 183.238.56.174 /user/userset/user_list.html
INFO: [ route_check ] --START--
INFO: CheckRoute Behavior ::run [ RunTime:0.000455s ]
INFO: [ route_check ] --END-- [ RunTime:0.000513s ]
INFO: [ app_begin ] --START--
INFO: ReadHtmlCache Behavior ::run [ RunTime:0.000311s ]
INFO: [ app_begin ] --END-- [ RunTime:0.000359s ]
SQL: SHOW COLUMNS FROM `fm_user` [ RunTime:0.000624s ]
SQL: SELECT * FROM `fm_user` WHERE ( `id` = 47 ) AND ( `status` = 1 ) LIMIT 1   [ RunTime:0.000142s ]
SQL: SHOW COLUMNS FROM `fm_staff` [ RunTime:0.000553s ]
NOTIC: [8] Undefined index: order /home/www/myhfm/App/Application/User/Action/UsersetAction.class.php 第 146 行.
NOTIC: [8] Use of undefined constant PAGE_NUM - assumed 'PAGE_NUM' /home/www/myhfm/App/Application/User/Action/UsersetAction.class.php 第 158 行.
SQL: SELECT COUNT(*) AS tp_count FROM `fm_staff` WHERE ( `name` LIKE '%曾丽平%' ) LIMIT 1   [ RunTime:0.001673s ]
SQL: SELECT * FROM `fm_staff` WHERE ( `name` LIKE '%曾丽平%' ) ORDER BY id desc  [ RunTime:0.003682s ]
NOTIC: [2] Invalid argument supplied for foreach() /home/www/myhfm/App/Application/User/Action/UsersetAction.class.php 第 166 行.
NOTIC: [2] Invalid argument supplied for foreach() /home/www/myhfm/App/Application/User/Action/UsersetAction.class.php 第 171 行.
INFO: [ view_parse ] --START--
NOTIC: [8] Use of undefined constant starttime - assumed 'starttime' /home/www/myhfm/App/Runtime/Cache/User/6b7fc4a0e6e78c19e861489fe7a3bfc6.php 第 46 行.
NOTIC: [8] Undefined variable: bdate /home/www/myhfm/App/Runtime/Cache/User/6b7fc4a0e6e78c19e861489fe7a3bfc6.php 第 46 行.
NOTIC: [8] Undefined variable: edate /home/www/myhfm/App/Runtime/Cache/User/6b7fc4a0e6e78c19e861489fe7a3bfc6.php 第 51 行.
NOTIC: [8] Undefined variable: order /home/www/myhfm/App/Runtime/Cache/User/6b7fc4a0e6e78c19e861489fe7a3bfc6.php 第 157 行.
INFO: ParseTemplate Behavior ::run [ RunTime:0.009349s ]
INFO: [ view_parse ] --END-- [ RunTime:0.009395s ]
INFO: [ view_filter ] --START--
INFO: ContentReplace Behavior ::run [ RunTime:0.000207s ]
INFO: TokenBuild Behavior ::run [ RunTime:0.000201s ]
INFO: WriteHtmlCache Behavior ::run [ RunTime:0.000123s ]
INFO: ShowRuntime Behavior ::run [ RunTime:0.000233s ]
INFO: [ view_filter ] --END-- [ RunTime:0.000892s ]
INFO: [ view_end ] --START--
INFO: ShowPageTrace Behavior ::run [ RunTime:0.000338s ]
INFO: [ view_end ] --END-- [ RunTime:0.000382s ]

