[ 2019-01-05T10:16:47+08:00 ] 113.65.207.103 /user/index/index.html
INFO: [ route_check ] --START--
INFO: CheckRoute Behavior ::run [ RunTime:0.000454s ]
INFO: [ route_check ] --END-- [ RunTime:0.000516s ]
INFO: [ app_begin ] --START--
INFO: ReadHtmlCache Behavior ::run [ RunTime:0.000301s ]
INFO: [ app_begin ] --END-- [ RunTime:0.000349s ]

[ 2019-01-05T10:16:47+08:00 ] 113.65.207.103 /user/login/login.html
INFO: [ route_check ] --START--
INFO: CheckRoute Behavior ::run [ RunTime:0.000464s ]
INFO: [ route_check ] --END-- [ RunTime:0.000523s ]
INFO: [ app_begin ] --START--
INFO: ReadHtmlCache Behavior ::run [ RunTime:0.000297s ]
INFO: [ app_begin ] --END-- [ RunTime:0.000344s ]
INFO: [ view_parse ] --START--
INFO: ParseTemplate Behavior ::run [ RunTime:0.004811s ]
INFO: [ view_parse ] --END-- [ RunTime:0.004866s ]
INFO: [ view_filter ] --START--
INFO: ContentReplace Behavior ::run [ RunTime:0.000190s ]
INFO: TokenBuild Behavior ::run [ RunTime:0.000192s ]
INFO: WriteHtmlCache Behavior ::run [ RunTime:0.000110s ]
INFO: ShowRuntime Behavior ::run [ RunTime:0.000236s ]
INFO: [ view_filter ] --END-- [ RunTime:0.000849s ]
INFO: [ view_end ] --START--
INFO: ShowPageTrace Behavior ::run [ RunTime:0.000333s ]
INFO: [ view_end ] --END-- [ RunTime:0.000376s ]

[ 2019-01-05T10:16:47+08:00 ] 113.65.207.103 /static/common/inspinia/css/plugins/awesome-bootstrap-checkbox/awesome-bootstrap-checkbox.css
INFO: [ route_check ] --START--
INFO: CheckRoute Behavior ::run [ RunTime:0.000486s ]
INFO: [ route_check ] --END-- [ RunTime:0.000545s ]
INFO: [ app_begin ] --START--
INFO: ReadHtmlCache Behavior ::run [ RunTime:0.000295s ]
INFO: [ app_begin ] --END-- [ RunTime:0.000344s ]
ERR: 无法加载模块:Static

[ 2019-01-05T10:16:47+08:00 ] 113.65.207.103 /user/login/vertify.html
INFO: [ route_check ] --START--
INFO: CheckRoute Behavior ::run [ RunTime:0.000459s ]
INFO: [ route_check ] --END-- [ RunTime:0.000519s ]
INFO: [ app_begin ] --START--
INFO: ReadHtmlCache Behavior ::run [ RunTime:0.000293s ]
INFO: [ app_begin ] --END-- [ RunTime:0.000341s ]

[ 2019-01-05T10:16:47+08:00 ] 113.65.207.103 /user/login/vertify?rand=14
INFO: [ route_check ] --START--
INFO: CheckRoute Behavior ::run [ RunTime:0.000449s ]
INFO: [ route_check ] --END-- [ RunTime:0.000508s ]
INFO: [ app_begin ] --START--
INFO: ReadHtmlCache Behavior ::run [ RunTime:0.000295s ]
INFO: [ app_begin ] --END-- [ RunTime:0.000343s ]

[ 2019-01-05T10:16:56+08:00 ] 113.65.207.103 /user/login/login.html
INFO: [ route_check ] --START--
INFO: CheckRoute Behavior ::run [ RunTime:0.000451s ]
INFO: [ route_check ] --END-- [ RunTime:0.000511s ]
INFO: [ app_begin ] --START--
INFO: ReadHtmlCache Behavior ::run [ RunTime:0.000298s ]
INFO: [ app_begin ] --END-- [ RunTime:0.000344s ]
SQL: SHOW COLUMNS FROM `fm_user` [ RunTime:0.000689s ]
SQL: SELECT * FROM `fm_user` WHERE ( `username` = 'gw2018' ) AND ( `status` = 1 ) LIMIT 1   [ RunTime:0.000162s ]
SQL: SELECT `id` FROM `fm_user` WHERE ( `username` = 'gw2018' ) AND ( `password` = 'c8189a28d8d02a40cffb77eeaddc3166' ) AND ( `last_time` >= '2019-01-05' ) AND ( `status` = 1 ) LIMIT 1   [ RunTime:0.000121s ]
SQL: SHOW COLUMNS FROM `fm_log` [ RunTime:0.000449s ]
SQL: INSERT INTO bd_log (connent,ip,add_time) VALUES ('[gw2018],登录成功。','113.65.207.103','2019-01-05 10:16:56'); [ RunTime:0.000084s ]
ERR: 1146:Table 'myhfm.bd_log' doesn't exist
 [ SQL语句 ] : INSERT INTO bd_log (connent,ip,add_time) VALUES ('[gw2018],登录成功。','113.65.207.103','2019-01-05 10:16:56');

[ 2019-01-05T10:16:56+08:00 ] 113.65.207.103 /user/index/index.html
INFO: [ route_check ] --START--
INFO: CheckRoute Behavior ::run [ RunTime:0.000449s ]
INFO: [ route_check ] --END-- [ RunTime:0.000509s ]
INFO: [ app_begin ] --START--
INFO: ReadHtmlCache Behavior ::run [ RunTime:0.000304s ]
INFO: [ app_begin ] --END-- [ RunTime:0.000352s ]
SQL: SHOW COLUMNS FROM `fm_user` [ RunTime:0.000602s ]
SQL: SELECT * FROM `fm_user` WHERE ( `id` = 47 ) AND ( `status` = 1 ) LIMIT 1   [ RunTime:0.000161s ]
INFO: [ view_parse ] --START--
INFO: ParseTemplate Behavior ::run [ RunTime:0.005230s ]
INFO: [ view_parse ] --END-- [ RunTime:0.005283s ]
INFO: [ view_filter ] --START--
INFO: ContentReplace Behavior ::run [ RunTime:0.000194s ]
INFO: TokenBuild Behavior ::run [ RunTime:0.000190s ]
INFO: WriteHtmlCache Behavior ::run [ RunTime:0.000118s ]
INFO: ShowRuntime Behavior ::run [ RunTime:0.000230s ]
INFO: [ view_filter ] --END-- [ RunTime:0.000853s ]
INFO: [ view_end ] --START--
INFO: ShowPageTrace Behavior ::run [ RunTime:0.000340s ]
INFO: [ view_end ] --END-- [ RunTime:0.000381s ]

[ 2019-01-05T10:16:56+08:00 ] 113.65.207.103 /user/userset/user_list.html
INFO: [ route_check ] --START--
INFO: CheckRoute Behavior ::run [ RunTime:0.000471s ]
INFO: [ route_check ] --END-- [ RunTime:0.000530s ]
INFO: [ app_begin ] --START--
INFO: ReadHtmlCache Behavior ::run [ RunTime:0.000295s ]
INFO: [ app_begin ] --END-- [ RunTime:0.000342s ]
SQL: SHOW COLUMNS FROM `fm_user` [ RunTime:0.000619s ]
SQL: SELECT * FROM `fm_user` WHERE ( `id` = 47 ) AND ( `status` = 1 ) LIMIT 1   [ RunTime:0.000139s ]
SQL: SHOW COLUMNS FROM `fm_staff` [ RunTime:0.000531s ]
NOTIC: [8] Undefined variable: data /home/www/myhfm/App/Application/User/Action/UsersetAction.class.php 第 179 行.
NOTIC: [8] Undefined variable: page /home/www/myhfm/App/Application/User/Action/UsersetAction.class.php 第 235 行.
NOTIC: [8] Undefined variable: count /home/www/myhfm/App/Application/User/Action/UsersetAction.class.php 第 236 行.
INFO: [ view_parse ] --START--
NOTIC: [8] Use of undefined constant starttime - assumed 'starttime' /home/www/myhfm/App/Runtime/Cache/User/6b7fc4a0e6e78c19e861489fe7a3bfc6.php 第 46 行.
NOTIC: [8] Undefined variable: bdate /home/www/myhfm/App/Runtime/Cache/User/6b7fc4a0e6e78c19e861489fe7a3bfc6.php 第 46 行.
NOTIC: [8] Undefined variable: edate /home/www/myhfm/App/Runtime/Cache/User/6b7fc4a0e6e78c19e861489fe7a3bfc6.php 第 51 行.
NOTIC: [8] Undefined variable: list /home/www/myhfm/App/Runtime/Cache/User/6b7fc4a0e6e78c19e861489fe7a3bfc6.php 第 101 行.
NOTIC: [8] Undefined variable: order /home/www/myhfm/App/Runtime/Cache/User/6b7fc4a0e6e78c19e861489fe7a3bfc6.php 第 153 行.
INFO: ParseTemplate Behavior ::run [ RunTime:0.009321s ]
INFO: [ view_parse ] --END-- [ RunTime:0.009368s ]
INFO: [ view_filter ] --START--
INFO: ContentReplace Behavior ::run [ RunTime:0.000192s ]
INFO: TokenBuild Behavior ::run [ RunTime:0.000191s ]
INFO: WriteHtmlCache Behavior ::run [ RunTime:0.000113s ]
INFO: ShowRuntime Behavior ::run [ RunTime:0.000239s ]
INFO: [ view_filter ] --END-- [ RunTime:0.000858s ]
INFO: [ view_end ] --START--
INFO: ShowPageTrace Behavior ::run [ RunTime:0.000354s ]
INFO: [ view_end ] --END-- [ RunTime:0.000395s ]

[ 2019-01-05T10:17:47+08:00 ] 113.65.207.103 /user/userset/user_list.html
INFO: [ route_check ] --START--
INFO: CheckRoute Behavior ::run [ RunTime:0.000462s ]
INFO: [ route_check ] --END-- [ RunTime:0.000523s ]
INFO: [ app_begin ] --START--
INFO: ReadHtmlCache Behavior ::run [ RunTime:0.000298s ]
INFO: [ app_begin ] --END-- [ RunTime:0.000346s ]
SQL: SHOW COLUMNS FROM `fm_user` [ RunTime:0.000685s ]
SQL: SELECT * FROM `fm_user` WHERE ( `id` = 47 ) AND ( `status` = 1 ) LIMIT 1   [ RunTime:0.000154s ]
SQL: SHOW COLUMNS FROM `fm_staff` [ RunTime:0.000531s ]
NOTIC: [8] Undefined index: order /home/www/myhfm/App/Application/User/Action/UsersetAction.class.php 第 146 行.
NOTIC: [8] Use of undefined constant PAGE_NUM - assumed 'PAGE_NUM' /home/www/myhfm/App/Application/User/Action/UsersetAction.class.php 第 158 行.
SQL: SELECT COUNT(*) AS tp_count FROM `fm_staff` WHERE ( `name` LIKE '%陈弘涛%' ) LIMIT 1   [ RunTime:0.001569s ]
SQL: SELECT * FROM `fm_staff` WHERE ( `name` LIKE '%陈弘涛%' ) ORDER BY id desc  [ RunTime:0.003349s ]
NOTIC: [2] Invalid argument supplied for foreach() /home/www/myhfm/App/Application/User/Action/UsersetAction.class.php 第 166 行.
NOTIC: [2] Invalid argument supplied for foreach() /home/www/myhfm/App/Application/User/Action/UsersetAction.class.php 第 171 行.
INFO: [ view_parse ] --START--
NOTIC: [8] Use of undefined constant starttime - assumed 'starttime' /home/www/myhfm/App/Runtime/Cache/User/6b7fc4a0e6e78c19e861489fe7a3bfc6.php 第 46 行.
NOTIC: [8] Undefined variable: bdate /home/www/myhfm/App/Runtime/Cache/User/6b7fc4a0e6e78c19e861489fe7a3bfc6.php 第 46 行.
NOTIC: [8] Undefined variable: edate /home/www/myhfm/App/Runtime/Cache/User/6b7fc4a0e6e78c19e861489fe7a3bfc6.php 第 51 行.
NOTIC: [8] Undefined variable: order /home/www/myhfm/App/Runtime/Cache/User/6b7fc4a0e6e78c19e861489fe7a3bfc6.php 第 153 行.
INFO: ParseTemplate Behavior ::run [ RunTime:0.009215s ]
INFO: [ view_parse ] --END-- [ RunTime:0.009262s ]
INFO: [ view_filter ] --START--
INFO: ContentReplace Behavior ::run [ RunTime:0.000194s ]
INFO: TokenBuild Behavior ::run [ RunTime:0.000192s ]
INFO: WriteHtmlCache Behavior ::run [ RunTime:0.000117s ]
INFO: ShowRuntime Behavior ::run [ RunTime:0.000225s ]
INFO: [ view_filter ] --END-- [ RunTime:0.000846s ]
INFO: [ view_end ] --START--
INFO: ShowPageTrace Behavior ::run [ RunTime:0.000329s ]
INFO: [ view_end ] --END-- [ RunTime:0.000370s ]

[ 2019-01-05T10:36:01+08:00 ] 113.65.207.103 /user/userset/user_list.html
INFO: [ route_check ] --START--
INFO: CheckRoute Behavior ::run [ RunTime:0.000464s ]
INFO: [ route_check ] --END-- [ RunTime:0.000526s ]
INFO: [ app_begin ] --START--
INFO: ReadHtmlCache Behavior ::run [ RunTime:0.000307s ]
INFO: [ app_begin ] --END-- [ RunTime:0.000355s ]
SQL: SHOW COLUMNS FROM `fm_user` [ RunTime:0.000686s ]
SQL: SELECT * FROM `fm_user` WHERE ( `id` = 47 ) AND ( `status` = 1 ) LIMIT 1   [ RunTime:0.000164s ]
SQL: SHOW COLUMNS FROM `fm_staff` [ RunTime:0.000553s ]
NOTIC: [8] Undefined index: order /home/www/myhfm/App/Application/User/Action/UsersetAction.class.php 第 146 行.
NOTIC: [8] Use of undefined constant PAGE_NUM - assumed 'PAGE_NUM' /home/www/myhfm/App/Application/User/Action/UsersetAction.class.php 第 158 行.
SQL: SELECT COUNT(*) AS tp_count FROM `fm_staff` WHERE ( `name` LIKE '%王越杰%' ) LIMIT 1   [ RunTime:0.001591s ]
SQL: SELECT * FROM `fm_staff` WHERE ( `name` LIKE '%王越杰%' ) ORDER BY id desc  [ RunTime:0.003344s ]
NOTIC: [2] Invalid argument supplied for foreach() /home/www/myhfm/App/Application/User/Action/UsersetAction.class.php 第 166 行.
NOTIC: [2] Invalid argument supplied for foreach() /home/www/myhfm/App/Application/User/Action/UsersetAction.class.php 第 171 行.
INFO: [ view_parse ] --START--
NOTIC: [8] Use of undefined constant starttime - assumed 'starttime' /home/www/myhfm/App/Runtime/Cache/User/6b7fc4a0e6e78c19e861489fe7a3bfc6.php 第 46 行.
NOTIC: [8] Undefined variable: bdate /home/www/myhfm/App/Runtime/Cache/User/6b7fc4a0e6e78c19e861489fe7a3bfc6.php 第 46 行.
NOTIC: [8] Undefined variable: edate /home/www/myhfm/App/Runtime/Cache/User/6b7fc4a0e6e78c19e861489fe7a3bfc6.php 第 51 行.
NOTIC: [8] Undefined variable: order /home/www/myhfm/App/Runtime/Cache/User/6b7fc4a0e6e78c19e861489fe7a3bfc6.php 第 153 行.
INFO: ParseTemplate Behavior ::run [ RunTime:0.009234s ]
INFO: [ view_parse ] --END-- [ RunTime:0.009281s ]
INFO: [ view_filter ] --START--
INFO: ContentReplace Behavior ::run [ RunTime:0.000205s ]
INFO: TokenBuild Behavior ::run [ RunTime:0.000196s ]
INFO: WriteHtmlCache Behavior ::run [ RunTime:0.000115s ]
INFO: ShowRuntime Behavior ::run [ RunTime:0.000228s ]
INFO: [ view_filter ] --END-- [ RunTime:0.000862s ]
INFO: [ view_end ] --START--
INFO: ShowPageTrace Behavior ::run [ RunTime:0.000340s ]
INFO: [ view_end ] --END-- [ RunTime:0.000381s ]

[ 2019-01-05T10:36:21+08:00 ] 113.65.207.103 /user/userset/user_list.html
INFO: [ route_check ] --START--
INFO: CheckRoute Behavior ::run [ RunTime:0.000454s ]
INFO: [ route_check ] --END-- [ RunTime:0.000516s ]
INFO: [ app_begin ] --START--
INFO: ReadHtmlCache Behavior ::run [ RunTime:0.000293s ]
INFO: [ app_begin ] --END-- [ RunTime:0.000342s ]
SQL: SHOW COLUMNS FROM `fm_user` [ RunTime:0.000689s ]
SQL: SELECT * FROM `fm_user` WHERE ( `id` = 47 ) AND ( `status` = 1 ) LIMIT 1   [ RunTime:0.000154s ]
SQL: SHOW COLUMNS FROM `fm_staff` [ RunTime:0.000558s ]
NOTIC: [8] Undefined index: order /home/www/myhfm/App/Application/User/Action/UsersetAction.class.php 第 146 行.
NOTIC: [8] Use of undefined constant PAGE_NUM - assumed 'PAGE_NUM' /home/www/myhfm/App/Application/User/Action/UsersetAction.class.php 第 158 行.
SQL: SELECT COUNT(*) AS tp_count FROM `fm_staff` WHERE ( `tel` LIKE '%13049661426%' ) LIMIT 1   [ RunTime:0.002072s ]
SQL: SELECT * FROM `fm_staff` WHERE ( `tel` LIKE '%13049661426%' ) ORDER BY id desc  [ RunTime:0.003881s ]
NOTIC: [2] Invalid argument supplied for foreach() /home/www/myhfm/App/Application/User/Action/UsersetAction.class.php 第 166 行.
NOTIC: [2] Invalid argument supplied for foreach() /home/www/myhfm/App/Application/User/Action/UsersetAction.class.php 第 171 行.
INFO: [ view_parse ] --START--
NOTIC: [8] Use of undefined constant starttime - assumed 'starttime' /home/www/myhfm/App/Runtime/Cache/User/6b7fc4a0e6e78c19e861489fe7a3bfc6.php 第 46 行.
NOTIC: [8] Undefined variable: bdate /home/www/myhfm/App/Runtime/Cache/User/6b7fc4a0e6e78c19e861489fe7a3bfc6.php 第 46 行.
NOTIC: [8] Undefined variable: edate /home/www/myhfm/App/Runtime/Cache/User/6b7fc4a0e6e78c19e861489fe7a3bfc6.php 第 51 行.
NOTIC: [8] Undefined variable: order /home/www/myhfm/App/Runtime/Cache/User/6b7fc4a0e6e78c19e861489fe7a3bfc6.php 第 153 行.
INFO: ParseTemplate Behavior ::run [ RunTime:0.009199s ]
INFO: [ view_parse ] --END-- [ RunTime:0.009248s ]
INFO: [ view_filter ] --START--
INFO: ContentReplace Behavior ::run [ RunTime:0.000195s ]
INFO: TokenBuild Behavior ::run [ RunTime:0.000192s ]
INFO: WriteHtmlCache Behavior ::run [ RunTime:0.000111s ]
INFO: ShowRuntime Behavior ::run [ RunTime:0.000230s ]
INFO: [ view_filter ] --END-- [ RunTime:0.000847s ]
INFO: [ view_end ] --START--
INFO: ShowPageTrace Behavior ::run [ RunTime:0.000328s ]
INFO: [ view_end ] --END-- [ RunTime:0.000370s ]

[ 2019-01-05T11:00:04+08:00 ] 113.65.207.103 /user/userset/user_list.html
INFO: [ route_check ] --START--
INFO: CheckRoute Behavior ::run [ RunTime:0.000460s ]
INFO: [ route_check ] --END-- [ RunTime:0.000522s ]
INFO: [ app_begin ] --START--
INFO: ReadHtmlCache Behavior ::run [ RunTime:0.000301s ]
INFO: [ app_begin ] --END-- [ RunTime:0.000351s ]
SQL: SHOW COLUMNS FROM `fm_user` [ RunTime:0.000682s ]
SQL: SELECT * FROM `fm_user` WHERE ( `id` = 47 ) AND ( `status` = 1 ) LIMIT 1   [ RunTime:0.000157s ]
SQL: SHOW COLUMNS FROM `fm_staff` [ RunTime:0.000549s ]
NOTIC: [8] Undefined index: order /home/www/myhfm/App/Application/User/Action/UsersetAction.class.php 第 146 行.
NOTIC: [8] Use of undefined constant PAGE_NUM - assumed 'PAGE_NUM' /home/www/myhfm/App/Application/User/Action/UsersetAction.class.php 第 158 行.
SQL: SELECT COUNT(*) AS tp_count FROM `fm_staff` WHERE ( `name` LIKE '%梁发斌%' ) LIMIT 1   [ RunTime:0.001587s ]
SQL: SELECT * FROM `fm_staff` WHERE ( `name` LIKE '%梁发斌%' ) ORDER BY id desc  [ RunTime:0.003359s ]
NOTIC: [2] Invalid argument supplied for foreach() /home/www/myhfm/App/Application/User/Action/UsersetAction.class.php 第 166 行.
NOTIC: [2] Invalid argument supplied for foreach() /home/www/myhfm/App/Application/User/Action/UsersetAction.class.php 第 171 行.
INFO: [ view_parse ] --START--
NOTIC: [8] Use of undefined constant starttime - assumed 'starttime' /home/www/myhfm/App/Runtime/Cache/User/6b7fc4a0e6e78c19e861489fe7a3bfc6.php 第 46 行.
NOTIC: [8] Undefined variable: bdate /home/www/myhfm/App/Runtime/Cache/User/6b7fc4a0e6e78c19e861489fe7a3bfc6.php 第 46 行.
NOTIC: [8] Undefined variable: edate /home/www/myhfm/App/Runtime/Cache/User/6b7fc4a0e6e78c19e861489fe7a3bfc6.php 第 51 行.
NOTIC: [8] Undefined variable: order /home/www/myhfm/App/Runtime/Cache/User/6b7fc4a0e6e78c19e861489fe7a3bfc6.php 第 153 行.
INFO: ParseTemplate Behavior ::run [ RunTime:0.009249s ]
INFO: [ view_parse ] --END-- [ RunTime:0.009295s ]
INFO: [ view_filter ] --START--
INFO: ContentReplace Behavior ::run [ RunTime:0.000196s ]
INFO: TokenBuild Behavior ::run [ RunTime:0.000192s ]
INFO: WriteHtmlCache Behavior ::run [ RunTime:0.000111s ]
INFO: ShowRuntime Behavior ::run [ RunTime:0.000224s ]
INFO: [ view_filter ] --END-- [ RunTime:0.000848s ]
INFO: [ view_end ] --START--
INFO: ShowPageTrace Behavior ::run [ RunTime:0.000336s ]
INFO: [ view_end ] --END-- [ RunTime:0.000379s ]

[ 2019-01-05T11:00:14+08:00 ] 113.65.207.103 /user/userset/user_list.html
INFO: [ route_check ] --START--
INFO: CheckRoute Behavior ::run [ RunTime:0.000459s ]
INFO: [ route_check ] --END-- [ RunTime:0.000530s ]
INFO: [ app_begin ] --START--
INFO: ReadHtmlCache Behavior ::run [ RunTime:0.000304s ]
INFO: [ app_begin ] --END-- [ RunTime:0.000353s ]
SQL: SHOW COLUMNS FROM `fm_user` [ RunTime:0.000605s ]
SQL: SELECT * FROM `fm_user` WHERE ( `id` = 47 ) AND ( `status` = 1 ) LIMIT 1   [ RunTime:0.000145s ]
SQL: SHOW COLUMNS FROM `fm_staff` [ RunTime:0.000553s ]
NOTIC: [8] Undefined index: order /home/www/myhfm/App/Application/User/Action/UsersetAction.class.php 第 146 行.
NOTIC: [8] Use of undefined constant PAGE_NUM - assumed 'PAGE_NUM' /home/www/myhfm/App/Application/User/Action/UsersetAction.class.php 第 158 行.
SQL: SELECT COUNT(*) AS tp_count FROM `fm_staff` WHERE ( `name` LIKE '%梁发斌%' ) AND ( `tel` LIKE '%18825170946%' ) LIMIT 1   [ RunTime:0.001785s ]
SQL: SELECT * FROM `fm_staff` WHERE ( `name` LIKE '%梁发斌%' ) AND ( `tel` LIKE '%18825170946%' ) ORDER BY id desc  [ RunTime:0.003405s ]
NOTIC: [2] Invalid argument supplied for foreach() /home/www/myhfm/App/Application/User/Action/UsersetAction.class.php 第 166 行.
NOTIC: [2] Invalid argument supplied for foreach() /home/www/myhfm/App/Application/User/Action/UsersetAction.class.php 第 171 行.
INFO: [ view_parse ] --START--
NOTIC: [8] Use of undefined constant starttime - assumed 'starttime' /home/www/myhfm/App/Runtime/Cache/User/6b7fc4a0e6e78c19e861489fe7a3bfc6.php 第 46 行.
NOTIC: [8] Undefined variable: bdate /home/www/myhfm/App/Runtime/Cache/User/6b7fc4a0e6e78c19e861489fe7a3bfc6.php 第 46 行.
NOTIC: [8] Undefined variable: edate /home/www/myhfm/App/Runtime/Cache/User/6b7fc4a0e6e78c19e861489fe7a3bfc6.php 第 51 行.
NOTIC: [8] Undefined variable: order /home/www/myhfm/App/Runtime/Cache/User/6b7fc4a0e6e78c19e861489fe7a3bfc6.php 第 153 行.
INFO: ParseTemplate Behavior ::run [ RunTime:0.009718s ]
INFO: [ view_parse ] --END-- [ RunTime:0.009766s ]
INFO: [ view_filter ] --START--
INFO: ContentReplace Behavior ::run [ RunTime:0.000194s ]
INFO: TokenBuild Behavior ::run [ RunTime:0.000201s ]
INFO: WriteHtmlCache Behavior ::run [ RunTime:0.000110s ]
INFO: ShowRuntime Behavior ::run [ RunTime:0.000224s ]
INFO: [ view_filter ] --END-- [ RunTime:0.000848s ]
INFO: [ view_end ] --START--
INFO: ShowPageTrace Behavior ::run [ RunTime:0.000364s ]
INFO: [ view_end ] --END-- [ RunTime:0.000407s ]

[ 2019-01-05T14:47:21+08:00 ] 210.21.234.58 /
INFO: [ app_begin ] --START--
INFO: ReadHtmlCache Behavior ::run [ RunTime:0.000300s ]
INFO: [ app_begin ] --END-- [ RunTime:0.000359s ]
NOTIC: [8192] Function ereg() is deprecated /home/www/myhfm/App/Application/Kw/Action/IndexAction.class.php 第 243 行.
NOTIC: [8192] Function ereg() is deprecated /home/www/myhfm/App/Application/Kw/Action/IndexAction.class.php 第 246 行.
NOTIC: [8192] Function ereg() is deprecated /home/www/myhfm/App/Application/Kw/Action/IndexAction.class.php 第 249 行.
NOTIC: [8192] Function ereg() is deprecated /home/www/myhfm/App/Application/Kw/Action/IndexAction.class.php 第 252 行.
NOTIC: [8192] Function ereg() is deprecated /home/www/myhfm/App/Application/Kw/Action/IndexAction.class.php 第 255 行.
NOTIC: [8] Undefined variable: browserplatform /home/www/myhfm/App/Application/Kw/Action/IndexAction.class.php 第 267 行.
NOTIC: [8192] Function eregi() is deprecated /home/www/myhfm/App/Application/Kw/Action/IndexAction.class.php 第 268 行.
NOTIC: [8192] Function eregi() is deprecated /home/www/myhfm/App/Application/Kw/Action/IndexAction.class.php 第 270 行.
NOTIC: [8192] Function eregi() is deprecated /home/www/myhfm/App/Application/Kw/Action/IndexAction.class.php 第 272 行.
NOTIC: [8192] Function eregi() is deprecated /home/www/myhfm/App/Application/Kw/Action/IndexAction.class.php 第 274 行.
NOTIC: [8192] Function eregi() is deprecated /home/www/myhfm/App/Application/Kw/Action/IndexAction.class.php 第 276 行.
NOTIC: [8192] Function eregi() is deprecated /home/www/myhfm/App/Application/Kw/Action/IndexAction.class.php 第 278 行.
NOTIC: [8192] Function eregi() is deprecated /home/www/myhfm/App/Application/Kw/Action/IndexAction.class.php 第 280 行.
NOTIC: [8192] Function eregi() is deprecated /home/www/myhfm/App/Application/Kw/Action/IndexAction.class.php 第 282 行.
NOTIC: [8192] Function eregi() is deprecated /home/www/myhfm/App/Application/Kw/Action/IndexAction.class.php 第 284 行.
NOTIC: [8192] Function eregi() is deprecated /home/www/myhfm/App/Application/Kw/Action/IndexAction.class.php 第 286 行.
NOTIC: [8192] Function eregi() is deprecated /home/www/myhfm/App/Application/Kw/Action/IndexAction.class.php 第 288 行.
NOTIC: [8192] Function eregi() is deprecated /home/www/myhfm/App/Application/Kw/Action/IndexAction.class.php 第 290 行.
NOTIC: [8192] Function eregi() is deprecated /home/www/myhfm/App/Application/Kw/Action/IndexAction.class.php 第 292 行.
NOTIC: [8192] Function eregi() is deprecated /home/www/myhfm/App/Application/Kw/Action/IndexAction.class.php 第 294 行.
NOTIC: [8192] Function eregi() is deprecated /home/www/myhfm/App/Application/Kw/Action/IndexAction.class.php 第 296 行.
NOTIC: [8192] Function eregi() is deprecated /home/www/myhfm/App/Application/Kw/Action/IndexAction.class.php 第 298 行.
NOTIC: [8192] Function eregi() is deprecated /home/www/myhfm/App/Application/Kw/Action/IndexAction.class.php 第 300 行.
NOTIC: [8192] Function eregi() is deprecated /home/www/myhfm/App/Application/Kw/Action/IndexAction.class.php 第 302 行.
NOTIC: [8192] Function eregi() is deprecated /home/www/myhfm/App/Application/Kw/Action/IndexAction.class.php 第 304 行.
NOTIC: [8192] Function eregi() is deprecated /home/www/myhfm/App/Application/Kw/Action/IndexAction.class.php 第 306 行.
NOTIC: [8192] Function ereg() is deprecated /home/www/myhfm/App/Application/Kw/Action/IndexAction.class.php 第 308 行.
NOTIC: [8192] Function ereg() is deprecated /home/www/myhfm/App/Application/Kw/Action/IndexAction.class.php 第 310 行.
NOTIC: [8192] Function eregi() is deprecated /home/www/myhfm/App/Application/Kw/Action/IndexAction.class.php 第 312 行.
NOTIC: [8] Undefined variable: browserplatform /home/www/myhfm/App/Application/Kw/Action/IndexAction.class.php 第 315 行.
SQL: SHOW COLUMNS FROM `fm_user_temp` [ RunTime:0.000542s ]
SQL: SELECT * FROM `fm_user_temp` WHERE ( sign='' ) LIMIT 1   [ RunTime:0.000164s ]

[ 2019-01-05T22:51:36+08:00 ] 210.21.234.57 /
INFO: [ app_begin ] --START--
INFO: ReadHtmlCache Behavior ::run [ RunTime:0.000299s ]
INFO: [ app_begin ] --END-- [ RunTime:0.000363s ]
NOTIC: [8192] Function ereg() is deprecated /home/www/myhfm/App/Application/Kw/Action/IndexAction.class.php 第 243 行.
NOTIC: [8192] Function ereg() is deprecated /home/www/myhfm/App/Application/Kw/Action/IndexAction.class.php 第 246 行.
NOTIC: [8192] Function ereg() is deprecated /home/www/myhfm/App/Application/Kw/Action/IndexAction.class.php 第 249 行.
NOTIC: [8192] Function ereg() is deprecated /home/www/myhfm/App/Application/Kw/Action/IndexAction.class.php 第 252 行.
NOTIC: [8192] Function ereg() is deprecated /home/www/myhfm/App/Application/Kw/Action/IndexAction.class.php 第 255 行.
NOTIC: [8] Undefined variable: browserplatform /home/www/myhfm/App/Application/Kw/Action/IndexAction.class.php 第 267 行.
NOTIC: [8192] Function eregi() is deprecated /home/www/myhfm/App/Application/Kw/Action/IndexAction.class.php 第 268 行.
NOTIC: [8192] Function eregi() is deprecated /home/www/myhfm/App/Application/Kw/Action/IndexAction.class.php 第 270 行.
NOTIC: [8192] Function eregi() is deprecated /home/www/myhfm/App/Application/Kw/Action/IndexAction.class.php 第 272 行.
NOTIC: [8192] Function eregi() is deprecated /home/www/myhfm/App/Application/Kw/Action/IndexAction.class.php 第 274 行.
NOTIC: [8192] Function eregi() is deprecated /home/www/myhfm/App/Application/Kw/Action/IndexAction.class.php 第 276 行.
NOTIC: [8192] Function eregi() is deprecated /home/www/myhfm/App/Application/Kw/Action/IndexAction.class.php 第 278 行.
NOTIC: [8192] Function eregi() is deprecated /home/www/myhfm/App/Application/Kw/Action/IndexAction.class.php 第 280 行.
NOTIC: [8192] Function eregi() is deprecated /home/www/myhfm/App/Application/Kw/Action/IndexAction.class.php 第 282 行.
NOTIC: [8192] Function eregi() is deprecated /home/www/myhfm/App/Application/Kw/Action/IndexAction.class.php 第 284 行.
NOTIC: [8192] Function eregi() is deprecated /home/www/myhfm/App/Application/Kw/Action/IndexAction.class.php 第 286 行.
NOTIC: [8192] Function eregi() is deprecated /home/www/myhfm/App/Application/Kw/Action/IndexAction.class.php 第 288 行.
NOTIC: [8192] Function eregi() is deprecated /home/www/myhfm/App/Application/Kw/Action/IndexAction.class.php 第 290 行.
NOTIC: [8192] Function eregi() is deprecated /home/www/myhfm/App/Application/Kw/Action/IndexAction.class.php 第 292 行.
NOTIC: [8192] Function eregi() is deprecated /home/www/myhfm/App/Application/Kw/Action/IndexAction.class.php 第 294 行.
NOTIC: [8192] Function eregi() is deprecated /home/www/myhfm/App/Application/Kw/Action/IndexAction.class.php 第 296 行.
NOTIC: [8192] Function eregi() is deprecated /home/www/myhfm/App/Application/Kw/Action/IndexAction.class.php 第 298 行.
NOTIC: [8192] Function eregi() is deprecated /home/www/myhfm/App/Application/Kw/Action/IndexAction.class.php 第 300 行.
NOTIC: [8192] Function eregi() is deprecated /home/www/myhfm/App/Application/Kw/Action/IndexAction.class.php 第 302 行.
NOTIC: [8192] Function eregi() is deprecated /home/www/myhfm/App/Application/Kw/Action/IndexAction.class.php 第 304 行.
NOTIC: [8192] Function eregi() is deprecated /home/www/myhfm/App/Application/Kw/Action/IndexAction.class.php 第 306 行.
NOTIC: [8192] Function ereg() is deprecated /home/www/myhfm/App/Application/Kw/Action/IndexAction.class.php 第 308 行.
NOTIC: [8192] Function ereg() is deprecated /home/www/myhfm/App/Application/Kw/Action/IndexAction.class.php 第 310 行.
NOTIC: [8192] Function eregi() is deprecated /home/www/myhfm/App/Application/Kw/Action/IndexAction.class.php 第 312 行.
NOTIC: [8] Undefined variable: browserplatform /home/www/myhfm/App/Application/Kw/Action/IndexAction.class.php 第 315 行.
SQL: SHOW COLUMNS FROM `fm_user_temp` [ RunTime:0.000516s ]
SQL: SELECT * FROM `fm_user_temp` WHERE ( sign='' ) LIMIT 1   [ RunTime:0.000154s ]

