[ 2019-02-13T10:25:36+08:00 ] 113.65.205.56 /user/index/index.html
INFO: [ route_check ] --START--
INFO: CheckRoute Behavior ::run [ RunTime:0.000478s ]
INFO: [ route_check ] --END-- [ RunTime:0.000551s ]
INFO: [ app_begin ] --START--
INFO: ReadHtmlCache Behavior ::run [ RunTime:0.000309s ]
INFO: [ app_begin ] --END-- [ RunTime:0.000356s ]

[ 2019-02-13T10:25:36+08:00 ] 113.65.205.56 /user/login/login.html
INFO: [ route_check ] --START--
INFO: CheckRoute Behavior ::run [ RunTime:0.000463s ]
INFO: [ route_check ] --END-- [ RunTime:0.000532s ]
INFO: [ app_begin ] --START--
INFO: ReadHtmlCache Behavior ::run [ RunTime:0.000295s ]
INFO: [ app_begin ] --END-- [ RunTime:0.000349s ]
INFO: [ view_parse ] --START--
INFO: ParseTemplate Behavior ::run [ RunTime:0.005004s ]
INFO: [ view_parse ] --END-- [ RunTime:0.005057s ]
INFO: [ view_filter ] --START--
INFO: ContentReplace Behavior ::run [ RunTime:0.000194s ]
INFO: TokenBuild Behavior ::run [ RunTime:0.000205s ]
INFO: WriteHtmlCache Behavior ::run [ RunTime:0.000116s ]
INFO: ShowRuntime Behavior ::run [ RunTime:0.000236s ]
INFO: [ view_filter ] --END-- [ RunTime:0.000875s ]
INFO: [ view_end ] --START--
INFO: ShowPageTrace Behavior ::run [ RunTime:0.000335s ]
INFO: [ view_end ] --END-- [ RunTime:0.000378s ]

[ 2019-02-13T10:25:36+08:00 ] 113.65.205.56 /static/common/inspinia/css/plugins/awesome-bootstrap-checkbox/awesome-bootstrap-checkbox.css
INFO: [ route_check ] --START--
INFO: CheckRoute Behavior ::run [ RunTime:0.000453s ]
INFO: [ route_check ] --END-- [ RunTime:0.000512s ]
INFO: [ app_begin ] --START--
INFO: ReadHtmlCache Behavior ::run [ RunTime:0.000301s ]
INFO: [ app_begin ] --END-- [ RunTime:0.000351s ]
ERR: 无法加载模块:Static

[ 2019-02-13T10:25:36+08:00 ] 113.65.205.56 /user/login/vertify.html
INFO: [ route_check ] --START--
INFO: CheckRoute Behavior ::run [ RunTime:0.000452s ]
INFO: [ route_check ] --END-- [ RunTime:0.000524s ]
INFO: [ app_begin ] --START--
INFO: ReadHtmlCache Behavior ::run [ RunTime:0.000298s ]
INFO: [ app_begin ] --END-- [ RunTime:0.000354s ]

[ 2019-02-13T10:25:37+08:00 ] 113.65.205.56 /user/login/vertify?rand=72
INFO: [ route_check ] --START--
INFO: CheckRoute Behavior ::run [ RunTime:0.000444s ]
INFO: [ route_check ] --END-- [ RunTime:0.000511s ]
INFO: [ app_begin ] --START--
INFO: ReadHtmlCache Behavior ::run [ RunTime:0.000305s ]
INFO: [ app_begin ] --END-- [ RunTime:0.000352s ]

[ 2019-02-13T10:26:35+08:00 ] 113.65.205.56 /user/login/login.html
INFO: [ route_check ] --START--
INFO: CheckRoute Behavior ::run [ RunTime:0.000459s ]
INFO: [ route_check ] --END-- [ RunTime:0.000531s ]
INFO: [ app_begin ] --START--
INFO: ReadHtmlCache Behavior ::run [ RunTime:0.000298s ]
INFO: [ app_begin ] --END-- [ RunTime:0.000345s ]
SQL: SHOW COLUMNS FROM `fm_user` [ RunTime:0.000646s ]
SQL: SELECT * FROM `fm_user` WHERE ( `username` = 'gw2018' ) AND ( `status` = 1 ) LIMIT 1   [ RunTime:0.000166s ]
SQL: SELECT `id` FROM `fm_user` WHERE ( `username` = 'gw2018' ) AND ( `password` = '3ad72e9cc4471b04fe72026181b3adca' ) AND ( `last_time` >= '2019-02-13' ) AND ( `status` = 1 ) LIMIT 1   [ RunTime:0.000185s ]

[ 2019-02-13T10:26:35+08:00 ] 113.65.205.56 /user/login/vertify?rand=50
INFO: [ route_check ] --START--
INFO: CheckRoute Behavior ::run [ RunTime:0.000447s ]
INFO: [ route_check ] --END-- [ RunTime:0.000512s ]
INFO: [ app_begin ] --START--
INFO: ReadHtmlCache Behavior ::run [ RunTime:0.000297s ]
INFO: [ app_begin ] --END-- [ RunTime:0.000347s ]

[ 2019-02-13T10:26:36+08:00 ] 113.65.205.56 /user/login/login.html
INFO: [ route_check ] --START--
INFO: CheckRoute Behavior ::run [ RunTime:0.000457s ]
INFO: [ route_check ] --END-- [ RunTime:0.000527s ]
INFO: [ app_begin ] --START--
INFO: ReadHtmlCache Behavior ::run [ RunTime:0.000297s ]
INFO: [ app_begin ] --END-- [ RunTime:0.000342s ]

[ 2019-02-13T10:26:36+08:00 ] 113.65.205.56 /user/login/vertify?rand=93
INFO: [ route_check ] --START--
INFO: CheckRoute Behavior ::run [ RunTime:0.000461s ]
INFO: [ route_check ] --END-- [ RunTime:0.000527s ]
INFO: [ app_begin ] --START--
INFO: ReadHtmlCache Behavior ::run [ RunTime:0.000294s ]
INFO: [ app_begin ] --END-- [ RunTime:0.000342s ]

[ 2019-02-13T10:26:40+08:00 ] 113.65.205.56 /user/login/login.html
INFO: [ route_check ] --START--
INFO: CheckRoute Behavior ::run [ RunTime:0.000470s ]
INFO: [ route_check ] --END-- [ RunTime:0.000540s ]
INFO: [ app_begin ] --START--
INFO: ReadHtmlCache Behavior ::run [ RunTime:0.000302s ]
INFO: [ app_begin ] --END-- [ RunTime:0.000346s ]
SQL: SHOW COLUMNS FROM `fm_user` [ RunTime:0.000639s ]
SQL: SELECT * FROM `fm_user` WHERE ( `username` = 'gw2018' ) AND ( `status` = 1 ) LIMIT 1   [ RunTime:0.000152s ]
SQL: SELECT `id` FROM `fm_user` WHERE ( `username` = 'gw2018' ) AND ( `password` = '3ad72e9cc4471b04fe72026181b3adca' ) AND ( `last_time` >= '2019-02-13' ) AND ( `status` = 1 ) LIMIT 1   [ RunTime:0.000124s ]

[ 2019-02-13T10:26:40+08:00 ] 113.65.205.56 /user/login/vertify?rand=8
INFO: [ route_check ] --START--
INFO: CheckRoute Behavior ::run [ RunTime:0.000456s ]
INFO: [ route_check ] --END-- [ RunTime:0.000524s ]
INFO: [ app_begin ] --START--
INFO: ReadHtmlCache Behavior ::run [ RunTime:0.000291s ]
INFO: [ app_begin ] --END-- [ RunTime:0.000339s ]

[ 2019-02-13T10:26:57+08:00 ] 113.65.205.56 /user/index/index.html
INFO: [ route_check ] --START--
INFO: CheckRoute Behavior ::run [ RunTime:0.000459s ]
INFO: [ route_check ] --END-- [ RunTime:0.000530s ]
INFO: [ app_begin ] --START--
INFO: ReadHtmlCache Behavior ::run [ RunTime:0.000296s ]
INFO: [ app_begin ] --END-- [ RunTime:0.000344s ]

[ 2019-02-13T10:26:57+08:00 ] 113.65.205.56 /user/login/login.html
INFO: [ route_check ] --START--
INFO: CheckRoute Behavior ::run [ RunTime:0.000461s ]
INFO: [ route_check ] --END-- [ RunTime:0.000529s ]
INFO: [ app_begin ] --START--
INFO: ReadHtmlCache Behavior ::run [ RunTime:0.000295s ]
INFO: [ app_begin ] --END-- [ RunTime:0.000344s ]
INFO: [ view_parse ] --START--
INFO: ParseTemplate Behavior ::run [ RunTime:0.004999s ]
INFO: [ view_parse ] --END-- [ RunTime:0.005052s ]
INFO: [ view_filter ] --START--
INFO: ContentReplace Behavior ::run [ RunTime:0.000193s ]
INFO: TokenBuild Behavior ::run [ RunTime:0.000195s ]
INFO: WriteHtmlCache Behavior ::run [ RunTime:0.000111s ]
INFO: ShowRuntime Behavior ::run [ RunTime:0.000237s ]
INFO: [ view_filter ] --END-- [ RunTime:0.000858s ]
INFO: [ view_end ] --START--
INFO: ShowPageTrace Behavior ::run [ RunTime:0.000335s ]
INFO: [ view_end ] --END-- [ RunTime:0.000378s ]

[ 2019-02-13T10:26:57+08:00 ] 113.65.205.56 /static/common/inspinia/css/plugins/awesome-bootstrap-checkbox/awesome-bootstrap-checkbox.css
INFO: [ route_check ] --START--
INFO: CheckRoute Behavior ::run [ RunTime:0.000448s ]
INFO: [ route_check ] --END-- [ RunTime:0.000517s ]
INFO: [ app_begin ] --START--
INFO: ReadHtmlCache Behavior ::run [ RunTime:0.000298s ]
INFO: [ app_begin ] --END-- [ RunTime:0.000348s ]
ERR: 无法加载模块:Static

[ 2019-02-13T10:26:57+08:00 ] 113.65.205.56 /user/login/vertify.html
INFO: [ route_check ] --START--
INFO: CheckRoute Behavior ::run [ RunTime:0.000452s ]
INFO: [ route_check ] --END-- [ RunTime:0.000530s ]
INFO: [ app_begin ] --START--
INFO: ReadHtmlCache Behavior ::run [ RunTime:0.000302s ]
INFO: [ app_begin ] --END-- [ RunTime:0.000351s ]

[ 2019-02-13T10:26:57+08:00 ] 113.65.205.56 /user/login/vertify?rand=93
INFO: [ route_check ] --START--
INFO: CheckRoute Behavior ::run [ RunTime:0.000448s ]
INFO: [ route_check ] --END-- [ RunTime:0.000506s ]
INFO: [ app_begin ] --START--
INFO: ReadHtmlCache Behavior ::run [ RunTime:0.000302s ]
INFO: [ app_begin ] --END-- [ RunTime:0.000349s ]

[ 2019-02-13T10:30:16+08:00 ] 183.61.51.67 /user
INFO: [ route_check ] --START--
INFO: CheckRoute Behavior ::run [ RunTime:0.000458s ]
INFO: [ route_check ] --END-- [ RunTime:0.000519s ]
INFO: [ app_begin ] --START--
INFO: ReadHtmlCache Behavior ::run [ RunTime:0.000296s ]
INFO: [ app_begin ] --END-- [ RunTime:0.000344s ]

[ 2019-02-13T15:38:28+08:00 ] 61.140.232.102 /user/login/login.html
INFO: [ route_check ] --START--
INFO: CheckRoute Behavior ::run [ RunTime:0.000474s ]
INFO: [ route_check ] --END-- [ RunTime:0.000535s ]
INFO: [ app_begin ] --START--
INFO: ReadHtmlCache Behavior ::run [ RunTime:0.000296s ]
INFO: [ app_begin ] --END-- [ RunTime:0.000343s ]
INFO: [ view_parse ] --START--
INFO: ParseTemplate Behavior ::run [ RunTime:0.005040s ]
INFO: [ view_parse ] --END-- [ RunTime:0.005094s ]
INFO: [ view_filter ] --START--
INFO: ContentReplace Behavior ::run [ RunTime:0.000192s ]
INFO: TokenBuild Behavior ::run [ RunTime:0.000203s ]
INFO: WriteHtmlCache Behavior ::run [ RunTime:0.000113s ]
INFO: ShowRuntime Behavior ::run [ RunTime:0.000229s ]
INFO: [ view_filter ] --END-- [ RunTime:0.000859s ]
INFO: [ view_end ] --START--
INFO: ShowPageTrace Behavior ::run [ RunTime:0.000333s ]
INFO: [ view_end ] --END-- [ RunTime:0.000375s ]

[ 2019-02-13T16:52:31+08:00 ] 14.23.86.154 /user
INFO: [ route_check ] --START--
INFO: CheckRoute Behavior ::run [ RunTime:0.000467s ]
INFO: [ route_check ] --END-- [ RunTime:0.000529s ]
INFO: [ app_begin ] --START--
INFO: ReadHtmlCache Behavior ::run [ RunTime:0.000305s ]
INFO: [ app_begin ] --END-- [ RunTime:0.000358s ]

[ 2019-02-13T16:52:31+08:00 ] 14.23.86.154 /user/login/login.html
INFO: [ route_check ] --START--
INFO: CheckRoute Behavior ::run [ RunTime:0.000460s ]
INFO: [ route_check ] --END-- [ RunTime:0.000518s ]
INFO: [ app_begin ] --START--
INFO: ReadHtmlCache Behavior ::run [ RunTime:0.000295s ]
INFO: [ app_begin ] --END-- [ RunTime:0.000343s ]
INFO: [ view_parse ] --START--
INFO: ParseTemplate Behavior ::run [ RunTime:0.005017s ]
INFO: [ view_parse ] --END-- [ RunTime:0.005071s ]
INFO: [ view_filter ] --START--
INFO: ContentReplace Behavior ::run [ RunTime:0.000201s ]
INFO: TokenBuild Behavior ::run [ RunTime:0.000192s ]
INFO: WriteHtmlCache Behavior ::run [ RunTime:0.000111s ]
INFO: ShowRuntime Behavior ::run [ RunTime:0.000235s ]
INFO: [ view_filter ] --END-- [ RunTime:0.000862s ]
INFO: [ view_end ] --START--
INFO: ShowPageTrace Behavior ::run [ RunTime:0.000336s ]
INFO: [ view_end ] --END-- [ RunTime:0.000379s ]

[ 2019-02-13T16:52:31+08:00 ] 14.23.86.154 /static/common/inspinia/css/plugins/awesome-bootstrap-checkbox/awesome-bootstrap-checkbox.css
INFO: [ route_check ] --START--
INFO: CheckRoute Behavior ::run [ RunTime:0.000452s ]
INFO: [ route_check ] --END-- [ RunTime:0.000510s ]
INFO: [ app_begin ] --START--
INFO: ReadHtmlCache Behavior ::run [ RunTime:0.000321s ]
INFO: [ app_begin ] --END-- [ RunTime:0.000378s ]
ERR: 无法加载模块:Static

[ 2019-02-13T16:52:31+08:00 ] 14.23.86.154 /user/login/vertify.html
INFO: [ route_check ] --START--
INFO: CheckRoute Behavior ::run [ RunTime:0.000454s ]
INFO: [ route_check ] --END-- [ RunTime:0.000514s ]
INFO: [ app_begin ] --START--
INFO: ReadHtmlCache Behavior ::run [ RunTime:0.000302s ]
INFO: [ app_begin ] --END-- [ RunTime:0.000351s ]

[ 2019-02-13T16:52:31+08:00 ] 14.23.86.154 /user/login/vertify?rand=69
INFO: [ route_check ] --START--
INFO: CheckRoute Behavior ::run [ RunTime:0.000456s ]
INFO: [ route_check ] --END-- [ RunTime:0.000524s ]
INFO: [ app_begin ] --START--
INFO: ReadHtmlCache Behavior ::run [ RunTime:0.000312s ]
INFO: [ app_begin ] --END-- [ RunTime:0.000360s ]

[ 2019-02-13T16:52:39+08:00 ] 180.163.220.68 /user
INFO: [ route_check ] --START--
INFO: CheckRoute Behavior ::run [ RunTime:0.000471s ]
INFO: [ route_check ] --END-- [ RunTime:0.000533s ]
INFO: [ app_begin ] --START--
INFO: ReadHtmlCache Behavior ::run [ RunTime:0.000304s ]
INFO: [ app_begin ] --END-- [ RunTime:0.000359s ]

[ 2019-02-13T16:52:42+08:00 ] 180.163.220.68 /user/login/login.html
INFO: [ route_check ] --START--
INFO: CheckRoute Behavior ::run [ RunTime:0.000471s ]
INFO: [ route_check ] --END-- [ RunTime:0.000530s ]
INFO: [ app_begin ] --START--
INFO: ReadHtmlCache Behavior ::run [ RunTime:0.000303s ]
INFO: [ app_begin ] --END-- [ RunTime:0.000349s ]
INFO: [ view_parse ] --START--
INFO: ParseTemplate Behavior ::run [ RunTime:0.005227s ]
INFO: [ view_parse ] --END-- [ RunTime:0.005280s ]
INFO: [ view_filter ] --START--
INFO: ContentReplace Behavior ::run [ RunTime:0.000198s ]
INFO: TokenBuild Behavior ::run [ RunTime:0.000210s ]
INFO: WriteHtmlCache Behavior ::run [ RunTime:0.000124s ]
INFO: ShowRuntime Behavior ::run [ RunTime:0.000242s ]
INFO: [ view_filter ] --END-- [ RunTime:0.000896s ]
INFO: [ view_end ] --START--
INFO: ShowPageTrace Behavior ::run [ RunTime:0.000345s ]
INFO: [ view_end ] --END-- [ RunTime:0.000386s ]

[ 2019-02-13T16:52:49+08:00 ] 180.163.220.68 /user/login/vertify.html
INFO: [ route_check ] --START--
INFO: CheckRoute Behavior ::run [ RunTime:0.000463s ]
INFO: [ route_check ] --END-- [ RunTime:0.000523s ]
INFO: [ app_begin ] --START--
INFO: ReadHtmlCache Behavior ::run [ RunTime:0.000306s ]
INFO: [ app_begin ] --END-- [ RunTime:0.000354s ]

[ 2019-02-13T16:52:49+08:00 ] 180.163.220.68 /static/common/inspinia/css/plugins/awesome-bootstrap-checkbox/awesome-bootstrap-checkbox.css
INFO: [ route_check ] --START--
INFO: CheckRoute Behavior ::run [ RunTime:0.000473s ]
INFO: [ route_check ] --END-- [ RunTime:0.000532s ]
INFO: [ app_begin ] --START--
INFO: ReadHtmlCache Behavior ::run [ RunTime:0.000307s ]
INFO: [ app_begin ] --END-- [ RunTime:0.000356s ]
ERR: 无法加载模块:Static

[ 2019-02-13T16:52:54+08:00 ] 180.163.220.68 /user/login/vertify?rand=82
INFO: [ route_check ] --START--
INFO: CheckRoute Behavior ::run [ RunTime:0.000471s ]
INFO: [ route_check ] --END-- [ RunTime:0.000532s ]
INFO: [ app_begin ] --START--
INFO: ReadHtmlCache Behavior ::run [ RunTime:0.000304s ]
INFO: [ app_begin ] --END-- [ RunTime:0.000351s ]

[ 2019-02-13T16:53:02+08:00 ] 14.23.86.154 /user/login/vertify?rand=2
INFO: [ route_check ] --START--
INFO: CheckRoute Behavior ::run [ RunTime:0.000463s ]
INFO: [ route_check ] --END-- [ RunTime:0.000525s ]
INFO: [ app_begin ] --START--
INFO: ReadHtmlCache Behavior ::run [ RunTime:0.000305s ]
INFO: [ app_begin ] --END-- [ RunTime:0.000354s ]

[ 2019-02-13T16:53:07+08:00 ] 14.23.86.154 /user/login/login.html
INFO: [ route_check ] --START--
INFO: CheckRoute Behavior ::run [ RunTime:0.000465s ]
INFO: [ route_check ] --END-- [ RunTime:0.000523s ]
INFO: [ app_begin ] --START--
INFO: ReadHtmlCache Behavior ::run [ RunTime:0.000304s ]
INFO: [ app_begin ] --END-- [ RunTime:0.000354s ]
SQL: SHOW COLUMNS FROM `fm_user` [ RunTime:0.000680s ]
SQL: SELECT * FROM `fm_user` WHERE ( `username` = 'slgj2018' ) AND ( `status` = 1 ) LIMIT 1   [ RunTime:0.000170s ]
SQL: SELECT `id` FROM `fm_user` WHERE ( `username` = 'slgj2018' ) AND ( `password` = '3ad72e9cc4471b04fe72026181b3adca' ) AND ( `last_time` >= '2019-02-13' ) AND ( `status` = 1 ) LIMIT 1   [ RunTime:0.000140s ]

[ 2019-02-13T16:53:07+08:00 ] 14.23.86.154 /user/login/vertify?rand=44
INFO: [ route_check ] --START--
INFO: CheckRoute Behavior ::run [ RunTime:0.000470s ]
INFO: [ route_check ] --END-- [ RunTime:0.000528s ]
INFO: [ app_begin ] --START--
INFO: ReadHtmlCache Behavior ::run [ RunTime:0.000303s ]
INFO: [ app_begin ] --END-- [ RunTime:0.000350s ]

[ 2019-02-13T16:53:09+08:00 ] 42.236.10.124 /
INFO: [ app_begin ] --START--
INFO: ReadHtmlCache Behavior ::run [ RunTime:0.000313s ]
INFO: [ app_begin ] --END-- [ RunTime:0.000374s ]
NOTIC: [8192] Function ereg() is deprecated /home/www/myhfm/App/Application/Kw/Action/IndexAction.class.php 第 243 行.
NOTIC: [8192] Function ereg() is deprecated /home/www/myhfm/App/Application/Kw/Action/IndexAction.class.php 第 246 行.
NOTIC: [8192] Function ereg() is deprecated /home/www/myhfm/App/Application/Kw/Action/IndexAction.class.php 第 249 行.
NOTIC: [8192] Function ereg() is deprecated /home/www/myhfm/App/Application/Kw/Action/IndexAction.class.php 第 252 行.
NOTIC: [8192] Function ereg() is deprecated /home/www/myhfm/App/Application/Kw/Action/IndexAction.class.php 第 255 行.
NOTIC: [8] Undefined variable: browserplatform /home/www/myhfm/App/Application/Kw/Action/IndexAction.class.php 第 267 行.
NOTIC: [8192] Function eregi() is deprecated /home/www/myhfm/App/Application/Kw/Action/IndexAction.class.php 第 268 行.
NOTIC: [8192] Function eregi() is deprecated /home/www/myhfm/App/Application/Kw/Action/IndexAction.class.php 第 270 行.
NOTIC: [8192] Function eregi() is deprecated /home/www/myhfm/App/Application/Kw/Action/IndexAction.class.php 第 272 行.
NOTIC: [8192] Function eregi() is deprecated /home/www/myhfm/App/Application/Kw/Action/IndexAction.class.php 第 274 行.
NOTIC: [8192] Function eregi() is deprecated /home/www/myhfm/App/Application/Kw/Action/IndexAction.class.php 第 276 行.
NOTIC: [8192] Function eregi() is deprecated /home/www/myhfm/App/Application/Kw/Action/IndexAction.class.php 第 278 行.
NOTIC: [8192] Function eregi() is deprecated /home/www/myhfm/App/Application/Kw/Action/IndexAction.class.php 第 280 行.
NOTIC: [8192] Function eregi() is deprecated /home/www/myhfm/App/Application/Kw/Action/IndexAction.class.php 第 282 行.
NOTIC: [8192] Function eregi() is deprecated /home/www/myhfm/App/Application/Kw/Action/IndexAction.class.php 第 284 行.
NOTIC: [8192] Function eregi() is deprecated /home/www/myhfm/App/Application/Kw/Action/IndexAction.class.php 第 286 行.
SQL: SHOW COLUMNS FROM `fm_user_temp` [ RunTime:0.000529s ]
SQL: SELECT * FROM `fm_user_temp` WHERE ( sign='' ) LIMIT 1   [ RunTime:0.000162s ]

[ 2019-02-13T16:53:17+08:00 ] 14.23.86.154 /user/login/login.html
INFO: [ route_check ] --START--
INFO: CheckRoute Behavior ::run [ RunTime:0.000466s ]
INFO: [ route_check ] --END-- [ RunTime:0.000524s ]
INFO: [ app_begin ] --START--
INFO: ReadHtmlCache Behavior ::run [ RunTime:0.000308s ]
INFO: [ app_begin ] --END-- [ RunTime:0.000360s ]

[ 2019-02-13T16:53:17+08:00 ] 14.23.86.154 /user/login/vertify?rand=80
INFO: [ route_check ] --START--
INFO: CheckRoute Behavior ::run [ RunTime:0.000459s ]
INFO: [ route_check ] --END-- [ RunTime:0.000516s ]
INFO: [ app_begin ] --START--
INFO: ReadHtmlCache Behavior ::run [ RunTime:0.000304s ]
INFO: [ app_begin ] --END-- [ RunTime:0.000351s ]

[ 2019-02-13T16:53:23+08:00 ] 14.23.86.154 /user/login/vertify?rand=77
INFO: [ route_check ] --START--
INFO: CheckRoute Behavior ::run [ RunTime:0.000453s ]
INFO: [ route_check ] --END-- [ RunTime:0.000516s ]
INFO: [ app_begin ] --START--
INFO: ReadHtmlCache Behavior ::run [ RunTime:0.000304s ]
INFO: [ app_begin ] --END-- [ RunTime:0.000351s ]

[ 2019-02-13T16:53:27+08:00 ] 180.163.220.66 /
INFO: [ app_begin ] --START--
INFO: ReadHtmlCache Behavior ::run [ RunTime:0.000304s ]
INFO: [ app_begin ] --END-- [ RunTime:0.000360s ]
NOTIC: [8192] Function ereg() is deprecated /home/www/myhfm/App/Application/Kw/Action/IndexAction.class.php 第 243 行.
NOTIC: [8192] Function ereg() is deprecated /home/www/myhfm/App/Application/Kw/Action/IndexAction.class.php 第 246 行.
NOTIC: [8192] Function ereg() is deprecated /home/www/myhfm/App/Application/Kw/Action/IndexAction.class.php 第 249 行.
NOTIC: [8192] Function ereg() is deprecated /home/www/myhfm/App/Application/Kw/Action/IndexAction.class.php 第 252 行.
NOTIC: [8192] Function ereg() is deprecated /home/www/myhfm/App/Application/Kw/Action/IndexAction.class.php 第 255 行.
NOTIC: [8] Undefined variable: browserplatform /home/www/myhfm/App/Application/Kw/Action/IndexAction.class.php 第 267 行.
NOTIC: [8192] Function eregi() is deprecated /home/www/myhfm/App/Application/Kw/Action/IndexAction.class.php 第 268 行.
NOTIC: [8192] Function eregi() is deprecated /home/www/myhfm/App/Application/Kw/Action/IndexAction.class.php 第 270 行.
NOTIC: [8192] Function eregi() is deprecated /home/www/myhfm/App/Application/Kw/Action/IndexAction.class.php 第 272 行.
NOTIC: [8192] Function eregi() is deprecated /home/www/myhfm/App/Application/Kw/Action/IndexAction.class.php 第 274 行.
NOTIC: [8192] Function eregi() is deprecated /home/www/myhfm/App/Application/Kw/Action/IndexAction.class.php 第 276 行.
NOTIC: [8192] Function eregi() is deprecated /home/www/myhfm/App/Application/Kw/Action/IndexAction.class.php 第 278 行.
NOTIC: [8192] Function eregi() is deprecated /home/www/myhfm/App/Application/Kw/Action/IndexAction.class.php 第 280 行.
NOTIC: [8192] Function eregi() is deprecated /home/www/myhfm/App/Application/Kw/Action/IndexAction.class.php 第 282 行.
NOTIC: [8192] Function eregi() is deprecated /home/www/myhfm/App/Application/Kw/Action/IndexAction.class.php 第 284 行.
NOTIC: [8192] Function eregi() is deprecated /home/www/myhfm/App/Application/Kw/Action/IndexAction.class.php 第 286 行.
SQL: SHOW COLUMNS FROM `fm_user_temp` [ RunTime:0.000536s ]
SQL: SELECT * FROM `fm_user_temp` WHERE ( sign='' ) LIMIT 1   [ RunTime:0.000164s ]

[ 2019-02-13T16:53:35+08:00 ] 14.23.86.154 /user/login/login.html
INFO: [ route_check ] --START--
INFO: CheckRoute Behavior ::run [ RunTime:0.000466s ]
INFO: [ route_check ] --END-- [ RunTime:0.000526s ]
INFO: [ app_begin ] --START--
INFO: ReadHtmlCache Behavior ::run [ RunTime:0.000306s ]
INFO: [ app_begin ] --END-- [ RunTime:0.000349s ]
SQL: SHOW COLUMNS FROM `fm_user` [ RunTime:0.000673s ]
SQL: SELECT * FROM `fm_user` WHERE ( `username` = 'slgj2018' ) AND ( `status` = 1 ) LIMIT 1   [ RunTime:0.000169s ]
SQL: SELECT `id` FROM `fm_user` WHERE ( `username` = 'slgj2018' ) AND ( `password` = '3ad72e9cc4471b04fe72026181b3adca' ) AND ( `last_time` >= '2019-02-13' ) AND ( `status` = 1 ) LIMIT 1   [ RunTime:0.000139s ]

[ 2019-02-13T16:53:35+08:00 ] 14.23.86.154 /user/login/vertify?rand=79
INFO: [ route_check ] --START--
INFO: CheckRoute Behavior ::run [ RunTime:0.000445s ]
INFO: [ route_check ] --END-- [ RunTime:0.000504s ]
INFO: [ app_begin ] --START--
INFO: ReadHtmlCache Behavior ::run [ RunTime:0.000305s ]
INFO: [ app_begin ] --END-- [ RunTime:0.000353s ]

[ 2019-02-13T16:53:37+08:00 ] 14.23.86.154 /user/login/login.html
INFO: [ route_check ] --START--
INFO: CheckRoute Behavior ::run [ RunTime:0.000449s ]
INFO: [ route_check ] --END-- [ RunTime:0.000508s ]
INFO: [ app_begin ] --START--
INFO: ReadHtmlCache Behavior ::run [ RunTime:0.000294s ]
INFO: [ app_begin ] --END-- [ RunTime:0.000338s ]

[ 2019-02-13T16:53:37+08:00 ] 14.23.86.154 /user/login/vertify?rand=96
INFO: [ route_check ] --START--
INFO: CheckRoute Behavior ::run [ RunTime:0.000452s ]
INFO: [ route_check ] --END-- [ RunTime:0.000512s ]
INFO: [ app_begin ] --START--
INFO: ReadHtmlCache Behavior ::run [ RunTime:0.000290s ]
INFO: [ app_begin ] --END-- [ RunTime:0.000338s ]

[ 2019-02-13T16:53:54+08:00 ] 14.23.86.154 /user/login/login.html
INFO: [ route_check ] --START--
INFO: CheckRoute Behavior ::run [ RunTime:0.000457s ]
INFO: [ route_check ] --END-- [ RunTime:0.000516s ]
INFO: [ app_begin ] --START--
INFO: ReadHtmlCache Behavior ::run [ RunTime:0.000312s ]
INFO: [ app_begin ] --END-- [ RunTime:0.000356s ]

[ 2019-02-13T16:53:54+08:00 ] 14.23.86.154 /user/login/vertify?rand=7
INFO: [ route_check ] --START--
INFO: CheckRoute Behavior ::run [ RunTime:0.000457s ]
INFO: [ route_check ] --END-- [ RunTime:0.000514s ]
INFO: [ app_begin ] --START--
INFO: ReadHtmlCache Behavior ::run [ RunTime:0.000310s ]
INFO: [ app_begin ] --END-- [ RunTime:0.000357s ]

[ 2019-02-13T19:58:46+08:00 ] 210.21.234.58 /
INFO: [ app_begin ] --START--
INFO: ReadHtmlCache Behavior ::run [ RunTime:0.000310s ]
INFO: [ app_begin ] --END-- [ RunTime:0.000368s ]
NOTIC: [8192] Function ereg() is deprecated /home/www/myhfm/App/Application/Kw/Action/IndexAction.class.php 第 243 行.
NOTIC: [8192] Function ereg() is deprecated /home/www/myhfm/App/Application/Kw/Action/IndexAction.class.php 第 246 行.
NOTIC: [8192] Function ereg() is deprecated /home/www/myhfm/App/Application/Kw/Action/IndexAction.class.php 第 249 行.
NOTIC: [8192] Function ereg() is deprecated /home/www/myhfm/App/Application/Kw/Action/IndexAction.class.php 第 252 行.
NOTIC: [8192] Function ereg() is deprecated /home/www/myhfm/App/Application/Kw/Action/IndexAction.class.php 第 255 行.
NOTIC: [8] Undefined variable: browserplatform /home/www/myhfm/App/Application/Kw/Action/IndexAction.class.php 第 267 行.
NOTIC: [8192] Function eregi() is deprecated /home/www/myhfm/App/Application/Kw/Action/IndexAction.class.php 第 268 行.
NOTIC: [8192] Function eregi() is deprecated /home/www/myhfm/App/Application/Kw/Action/IndexAction.class.php 第 270 行.
NOTIC: [8192] Function eregi() is deprecated /home/www/myhfm/App/Application/Kw/Action/IndexAction.class.php 第 272 行.
NOTIC: [8192] Function eregi() is deprecated /home/www/myhfm/App/Application/Kw/Action/IndexAction.class.php 第 274 行.
NOTIC: [8192] Function eregi() is deprecated /home/www/myhfm/App/Application/Kw/Action/IndexAction.class.php 第 276 行.
NOTIC: [8192] Function eregi() is deprecated /home/www/myhfm/App/Application/Kw/Action/IndexAction.class.php 第 278 行.
NOTIC: [8192] Function eregi() is deprecated /home/www/myhfm/App/Application/Kw/Action/IndexAction.class.php 第 280 行.
NOTIC: [8192] Function eregi() is deprecated /home/www/myhfm/App/Application/Kw/Action/IndexAction.class.php 第 282 行.
NOTIC: [8192] Function eregi() is deprecated /home/www/myhfm/App/Application/Kw/Action/IndexAction.class.php 第 284 行.
NOTIC: [8192] Function eregi() is deprecated /home/www/myhfm/App/Application/Kw/Action/IndexAction.class.php 第 286 行.
NOTIC: [8192] Function eregi() is deprecated /home/www/myhfm/App/Application/Kw/Action/IndexAction.class.php 第 288 行.
NOTIC: [8192] Function eregi() is deprecated /home/www/myhfm/App/Application/Kw/Action/IndexAction.class.php 第 290 行.
NOTIC: [8192] Function eregi() is deprecated /home/www/myhfm/App/Application/Kw/Action/IndexAction.class.php 第 292 行.
NOTIC: [8192] Function eregi() is deprecated /home/www/myhfm/App/Application/Kw/Action/IndexAction.class.php 第 294 行.
NOTIC: [8192] Function eregi() is deprecated /home/www/myhfm/App/Application/Kw/Action/IndexAction.class.php 第 296 行.
NOTIC: [8192] Function eregi() is deprecated /home/www/myhfm/App/Application/Kw/Action/IndexAction.class.php 第 298 行.
NOTIC: [8192] Function eregi() is deprecated /home/www/myhfm/App/Application/Kw/Action/IndexAction.class.php 第 300 行.
NOTIC: [8192] Function eregi() is deprecated /home/www/myhfm/App/Application/Kw/Action/IndexAction.class.php 第 302 行.
NOTIC: [8192] Function eregi() is deprecated /home/www/myhfm/App/Application/Kw/Action/IndexAction.class.php 第 304 行.
NOTIC: [8192] Function eregi() is deprecated /home/www/myhfm/App/Application/Kw/Action/IndexAction.class.php 第 306 行.
NOTIC: [8192] Function ereg() is deprecated /home/www/myhfm/App/Application/Kw/Action/IndexAction.class.php 第 308 行.
NOTIC: [8192] Function ereg() is deprecated /home/www/myhfm/App/Application/Kw/Action/IndexAction.class.php 第 310 行.
NOTIC: [8192] Function eregi() is deprecated /home/www/myhfm/App/Application/Kw/Action/IndexAction.class.php 第 312 行.
NOTIC: [8] Undefined variable: browserplatform /home/www/myhfm/App/Application/Kw/Action/IndexAction.class.php 第 315 行.
SQL: SHOW COLUMNS FROM `fm_user_temp` [ RunTime:0.000521s ]
SQL: SELECT * FROM `fm_user_temp` WHERE ( sign='' ) LIMIT 1   [ RunTime:0.000162s ]

